{"/Users/timyu/Desktop/fitness/fitness-demo/app/add-move.tsx": {"path":"/Users/timyu/Desktop/fitness/fitness-demo/app/add-move.tsx","statementMap":{"0":{"start":{"line":18,"column":30},"end":{"line":18,"column":97}},"1":{"start":{"line":18,"column":83},"end":{"line":18,"column":95}},"2":{"start":{"line":19,"column":24},"end":{"line":19,"column":40}},"3":{"start":{"line":20,"column":19},"end":{"line":20,"column":41}},"4":{"start":{"line":21,"column":27},"end":{"line":21,"column":44}},"5":{"start":{"line":29,"column":22},"end":{"line":39,"column":5}},"6":{"start":{"line":30,"column":29},"end":{"line":30,"column":84}},"7":{"start":{"line":30,"column":65},"end":{"line":30,"column":76}},"8":{"start":{"line":31,"column":24},"end":{"line":31,"column":62}},"9":{"start":{"line":33,"column":8},"end":{"line":33,"column":29}},"10":{"start":{"line":33,"column":22},"end":{"line":33,"column":29}},"11":{"start":{"line":36,"column":8},"end":{"line":36,"column":46}},"12":{"start":{"line":38,"column":8},"end":{"line":38,"column":22}},"13":{"start":{"line":41,"column":4},"end":{"line":77,"column":6}},"14":{"start":{"line":49,"column":39},"end":{"line":49,"column":43}},"15":{"start":{"line":61,"column":50},"end":{"line":61,"column":57}},"16":{"start":{"line":65,"column":32},"end":{"line":70,"column":34}},"17":{"start":{"line":69,"column":49},"end":{"line":69,"column":67}}},"fnMap":{"0":{"name":"AddMoveScreen","decl":{"start":{"line":16,"column":24},"end":{"line":16,"column":37}},"loc":{"start":{"line":16,"column":40},"end":{"line":78,"column":1}},"line":16},"1":{"name":"(anonymous_1)","decl":{"start":{"line":18,"column":78},"end":{"line":18,"column":79}},"loc":{"start":{"line":18,"column":83},"end":{"line":18,"column":95}},"line":18},"2":{"name":"(anonymous_2)","decl":{"start":{"line":29,"column":22},"end":{"line":29,"column":23}},"loc":{"start":{"line":29,"column":44},"end":{"line":39,"column":5}},"line":29},"3":{"name":"(anonymous_3)","decl":{"start":{"line":30,"column":60},"end":{"line":30,"column":61}},"loc":{"start":{"line":30,"column":65},"end":{"line":30,"column":76}},"line":30},"4":{"name":"(anonymous_4)","decl":{"start":{"line":49,"column":33},"end":{"line":49,"column":34}},"loc":{"start":{"line":49,"column":39},"end":{"line":49,"column":43}},"line":49},"5":{"name":"(anonymous_5)","decl":{"start":{"line":61,"column":42},"end":{"line":61,"column":43}},"loc":{"start":{"line":61,"column":50},"end":{"line":61,"column":57}},"line":61},"6":{"name":"(anonymous_6)","decl":{"start":{"line":64,"column":40},"end":{"line":64,"column":41}},"loc":{"start":{"line":65,"column":32},"end":{"line":70,"column":34}},"line":65},"7":{"name":"(anonymous_7)","decl":{"start":{"line":69,"column":43},"end":{"line":69,"column":44}},"loc":{"start":{"line":69,"column":49},"end":{"line":69,"column":67}},"line":69}},"branchMap":{"0":{"loc":{"start":{"line":33,"column":8},"end":{"line":33,"column":29}},"type":"if","locations":[{"start":{"line":33,"column":8},"end":{"line":33,"column":29}},{"start":{},"end":{}}],"line":33},"1":{"loc":{"start":{"line":46,"column":52},"end":{"line":46,"column":82}},"type":"cond-expr","locations":[{"start":{"line":46,"column":61},"end":{"line":46,"column":70}},{"start":{"line":46,"column":73},"end":{"line":46,"column":82}}],"line":46},"2":{"loc":{"start":{"line":47,"column":37},"end":{"line":47,"column":61}},"type":"cond-expr","locations":[{"start":{"line":47,"column":46},"end":{"line":47,"column":52}},{"start":{"line":47,"column":55},"end":{"line":47,"column":61}}],"line":47},"3":{"loc":{"start":{"line":52,"column":17},"end":{"line":74,"column":17}},"type":"cond-expr","locations":[{"start":{},"end":{}},{"start":{"line":57,"column":20},"end":{"line":73,"column":27}}],"line":52}},"s":{"0":5,"1":14,"2":5,"3":5,"4":5,"5":5,"6":3,"7":13,"8":3,"9":3,"10":1,"11":2,"12":2,"13":5,"14":1,"15":6,"16":3,"17":3},"f":{"0":5,"1":14,"2":3,"3":13,"4":1,"5":6,"6":3,"7":3},"b":{"0":[1,2],"1":[0,5],"2":[0,5],"3":[2,3]},"_coverageSchema":"1a1c01bbd47fc00a2c39e90264f33305004495a9","hash":"74ac923ef686ad5905d712952a6de6fcbcb4cf37"}
,"/Users/timyu/Desktop/fitness/fitness-demo/app/add-session.tsx": {"path":"/Users/timyu/Desktop/fitness/fitness-demo/app/add-session.tsx","statementMap":{"0":{"start":{"line":17,"column":36},"end":{"line":17,"column":109}},"1":{"start":{"line":17,"column":95},"end":{"line":17,"column":107}},"2":{"start":{"line":18,"column":24},"end":{"line":18,"column":40}},"3":{"start":{"line":19,"column":19},"end":{"line":19,"column":41}},"4":{"start":{"line":20,"column":27},"end":{"line":20,"column":44}},"5":{"start":{"line":26,"column":22},"end":{"line":34,"column":5}},"6":{"start":{"line":27,"column":32},"end":{"line":27,"column":90}},"7":{"start":{"line":27,"column":71},"end":{"line":27,"column":82}},"8":{"start":{"line":28,"column":24},"end":{"line":28,"column":68}},"9":{"start":{"line":30,"column":8},"end":{"line":30,"column":29}},"10":{"start":{"line":30,"column":22},"end":{"line":30,"column":29}},"11":{"start":{"line":32,"column":8},"end":{"line":32,"column":49}},"12":{"start":{"line":33,"column":8},"end":{"line":33,"column":22}},"13":{"start":{"line":36,"column":4},"end":{"line":67,"column":6}},"14":{"start":{"line":44,"column":39},"end":{"line":44,"column":43}},"15":{"start":{"line":54,"column":46},"end":{"line":54,"column":53}},"16":{"start":{"line":56,"column":28},"end":{"line":61,"column":30}},"17":{"start":{"line":60,"column":45},"end":{"line":60,"column":63}}},"fnMap":{"0":{"name":"AddSessionScreen","decl":{"start":{"line":15,"column":24},"end":{"line":15,"column":40}},"loc":{"start":{"line":15,"column":43},"end":{"line":68,"column":1}},"line":15},"1":{"name":"(anonymous_1)","decl":{"start":{"line":17,"column":90},"end":{"line":17,"column":91}},"loc":{"start":{"line":17,"column":95},"end":{"line":17,"column":107}},"line":17},"2":{"name":"(anonymous_2)","decl":{"start":{"line":26,"column":22},"end":{"line":26,"column":23}},"loc":{"start":{"line":26,"column":44},"end":{"line":34,"column":5}},"line":26},"3":{"name":"(anonymous_3)","decl":{"start":{"line":27,"column":66},"end":{"line":27,"column":67}},"loc":{"start":{"line":27,"column":71},"end":{"line":27,"column":82}},"line":27},"4":{"name":"(anonymous_4)","decl":{"start":{"line":44,"column":33},"end":{"line":44,"column":34}},"loc":{"start":{"line":44,"column":39},"end":{"line":44,"column":43}},"line":44},"5":{"name":"(anonymous_5)","decl":{"start":{"line":54,"column":38},"end":{"line":54,"column":39}},"loc":{"start":{"line":54,"column":46},"end":{"line":54,"column":53}},"line":54},"6":{"name":"(anonymous_6)","decl":{"start":{"line":55,"column":36},"end":{"line":55,"column":37}},"loc":{"start":{"line":56,"column":28},"end":{"line":61,"column":30}},"line":56},"7":{"name":"(anonymous_7)","decl":{"start":{"line":58,"column":41},"end":{"line":58,"column":42}},"loc":{"start":{"line":58,"column":47},"end":{"line":58,"column":50}},"line":58},"8":{"name":"(anonymous_8)","decl":{"start":{"line":60,"column":39},"end":{"line":60,"column":40}},"loc":{"start":{"line":60,"column":45},"end":{"line":60,"column":63}},"line":60}},"branchMap":{"0":{"loc":{"start":{"line":30,"column":8},"end":{"line":30,"column":29}},"type":"if","locations":[{"start":{"line":30,"column":8},"end":{"line":30,"column":29}},{"start":{},"end":{}}],"line":30},"1":{"loc":{"start":{"line":41,"column":52},"end":{"line":41,"column":82}},"type":"cond-expr","locations":[{"start":{"line":41,"column":61},"end":{"line":41,"column":70}},{"start":{"line":41,"column":73},"end":{"line":41,"column":82}}],"line":41},"2":{"loc":{"start":{"line":42,"column":37},"end":{"line":42,"column":61}},"type":"cond-expr","locations":[{"start":{"line":42,"column":46},"end":{"line":42,"column":52}},{"start":{"line":42,"column":55},"end":{"line":42,"column":61}}],"line":42},"3":{"loc":{"start":{"line":47,"column":17},"end":{"line":64,"column":17}},"type":"cond-expr","locations":[{"start":{},"end":{}},{"start":{"line":52,"column":20},"end":{"line":63,"column":22}}],"line":47}},"s":{"0":5,"1":7,"2":5,"3":5,"4":5,"5":5,"6":3,"7":6,"8":3,"9":3,"10":1,"11":2,"12":2,"13":5,"14":1,"15":6,"16":3,"17":3},"f":{"0":5,"1":7,"2":3,"3":6,"4":1,"5":6,"6":3,"7":1,"8":3},"b":{"0":[1,2],"1":[0,5],"2":[0,5],"3":[2,3]},"_coverageSchema":"1a1c01bbd47fc00a2c39e90264f33305004495a9","hash":"03b083b8e0ed0a7a16c694a0d656d0e231b43730"}
,"/Users/timyu/Desktop/fitness/fitness-demo/app/(auth)/login.tsx": {"path":"/Users/timyu/Desktop/fitness/fitness-demo/app/(auth)/login.tsx","statementMap":{"0":{"start":{"line":22,"column":19},"end":{"line":22,"column":38}},"1":{"start":{"line":23,"column":24},"end":{"line":23,"column":40}},"2":{"start":{"line":24,"column":19},"end":{"line":24,"column":41}},"3":{"start":{"line":25,"column":30},"end":{"line":25,"column":42}},"4":{"start":{"line":26,"column":28},"end":{"line":26,"column":40}},"5":{"start":{"line":27,"column":34},"end":{"line":27,"column":49}},"6":{"start":{"line":30,"column":30},"end":{"line":30,"column":41}},"7":{"start":{"line":31,"column":48},"end":{"line":31,"column":63}},"8":{"start":{"line":34,"column":4},"end":{"line":44,"column":32}},"9":{"start":{"line":36,"column":8},"end":{"line":42,"column":9}},"10":{"start":{"line":37,"column":12},"end":{"line":39,"column":21}},"11":{"start":{"line":38,"column":16},"end":{"line":38,"column":45}},"12":{"start":{"line":38,"column":35},"end":{"line":38,"column":43}},"13":{"start":{"line":40,"column":15},"end":{"line":42,"column":9}},"14":{"start":{"line":41,"column":12},"end":{"line":41,"column":37}},"15":{"start":{"line":43,"column":8},"end":{"line":43,"column":45}},"16":{"start":{"line":43,"column":21},"end":{"line":43,"column":44}},"17":{"start":{"line":50,"column":27},"end":{"line":72,"column":5}},"18":{"start":{"line":51,"column":8},"end":{"line":53,"column":9}},"19":{"start":{"line":52,"column":12},"end":{"line":52,"column":54}},"20":{"start":{"line":55,"column":8},"end":{"line":55,"column":32}},"21":{"start":{"line":56,"column":8},"end":{"line":56,"column":21}},"22":{"start":{"line":58,"column":8},"end":{"line":71,"column":9}},"23":{"start":{"line":59,"column":24},"end":{"line":59,"column":59}},"24":{"start":{"line":60,"column":12},"end":{"line":66,"column":13}},"25":{"start":{"line":61,"column":16},"end":{"line":61,"column":53}},"26":{"start":{"line":63,"column":16},"end":{"line":63,"column":63}},"27":{"start":{"line":64,"column":16},"end":{"line":64,"column":41}},"28":{"start":{"line":65,"column":16},"end":{"line":65,"column":28}},"29":{"start":{"line":68,"column":12},"end":{"line":68,"column":44}},"30":{"start":{"line":69,"column":12},"end":{"line":69,"column":37}},"31":{"start":{"line":70,"column":12},"end":{"line":70,"column":24}},"32":{"start":{"line":78,"column":24},"end":{"line":113,"column":5}},"33":{"start":{"line":79,"column":8},"end":{"line":79,"column":25}},"34":{"start":{"line":81,"column":8},"end":{"line":112,"column":9}},"35":{"start":{"line":84,"column":12},"end":{"line":94,"column":13}},"36":{"start":{"line":86,"column":33},"end":{"line":86,"column":85}},"37":{"start":{"line":87,"column":16},"end":{"line":87,"column":69}},"38":{"start":{"line":89,"column":16},"end":{"line":92,"column":17}},"39":{"start":{"line":90,"column":20},"end":{"line":90,"column":38}},"40":{"start":{"line":91,"column":20},"end":{"line":91,"column":59}},"41":{"start":{"line":93,"column":16},"end":{"line":93,"column":66}},"42":{"start":{"line":96,"column":12},"end":{"line":106,"column":13}},"43":{"start":{"line":98,"column":16},"end":{"line":98,"column":80}},"44":{"start":{"line":99,"column":16},"end":{"line":103,"column":18}},"45":{"start":{"line":102,"column":50},"end":{"line":102,"column":75}},"46":{"start":{"line":105,"column":16},"end":{"line":105,"column":70}},"47":{"start":{"line":108,"column":12},"end":{"line":108,"column":41}},"48":{"start":{"line":109,"column":12},"end":{"line":109,"column":29}},"49":{"start":{"line":111,"column":12},"end":{"line":111,"column":30}},"50":{"start":{"line":115,"column":4},"end":{"line":206,"column":6}},"51":{"start":{"line":124,"column":53},"end":{"line":124,"column":66}},"52":{"start":{"line":173,"column":43},"end":{"line":173,"column":63}},"53":{"start":{"line":188,"column":39},"end":{"line":188,"column":60}},"54":{"start":{"line":198,"column":57},"end":{"line":198,"column":86}}},"fnMap":{"0":{"name":"LoginScreen","decl":{"start":{"line":21,"column":24},"end":{"line":21,"column":35}},"loc":{"start":{"line":21,"column":38},"end":{"line":207,"column":1}},"line":21},"1":{"name":"(anonymous_1)","decl":{"start":{"line":34,"column":14},"end":{"line":34,"column":15}},"loc":{"start":{"line":34,"column":20},"end":{"line":44,"column":5}},"line":34},"2":{"name":"(anonymous_2)","decl":{"start":{"line":37,"column":35},"end":{"line":37,"column":36}},"loc":{"start":{"line":37,"column":41},"end":{"line":39,"column":13}},"line":37},"3":{"name":"(anonymous_3)","decl":{"start":{"line":38,"column":25},"end":{"line":38,"column":26}},"loc":{"start":{"line":38,"column":35},"end":{"line":38,"column":43}},"line":38},"4":{"name":"(anonymous_4)","decl":{"start":{"line":43,"column":15},"end":{"line":43,"column":16}},"loc":{"start":{"line":43,"column":21},"end":{"line":43,"column":44}},"line":43},"5":{"name":"(anonymous_5)","decl":{"start":{"line":50,"column":27},"end":{"line":50,"column":28}},"loc":{"start":{"line":50,"column":39},"end":{"line":72,"column":5}},"line":50},"6":{"name":"(anonymous_6)","decl":{"start":{"line":78,"column":24},"end":{"line":78,"column":25}},"loc":{"start":{"line":78,"column":60},"end":{"line":113,"column":5}},"line":78},"7":{"name":"(anonymous_7)","decl":{"start":{"line":102,"column":44},"end":{"line":102,"column":45}},"loc":{"start":{"line":102,"column":50},"end":{"line":102,"column":75}},"line":102},"8":{"name":"(anonymous_8)","decl":{"start":{"line":124,"column":47},"end":{"line":124,"column":48}},"loc":{"start":{"line":124,"column":53},"end":{"line":124,"column":66}},"line":124},"9":{"name":"(anonymous_9)","decl":{"start":{"line":173,"column":37},"end":{"line":173,"column":38}},"loc":{"start":{"line":173,"column":43},"end":{"line":173,"column":63}},"line":173},"10":{"name":"(anonymous_10)","decl":{"start":{"line":188,"column":33},"end":{"line":188,"column":34}},"loc":{"start":{"line":188,"column":39},"end":{"line":188,"column":60}},"line":188},"11":{"name":"(anonymous_11)","decl":{"start":{"line":198,"column":51},"end":{"line":198,"column":52}},"loc":{"start":{"line":198,"column":57},"end":{"line":198,"column":86}},"line":198}},"branchMap":{"0":{"loc":{"start":{"line":36,"column":8},"end":{"line":42,"column":9}},"type":"if","locations":[{"start":{"line":36,"column":8},"end":{"line":42,"column":9}},{"start":{"line":40,"column":15},"end":{"line":42,"column":9}}],"line":36},"1":{"loc":{"start":{"line":36,"column":12},"end":{"line":36,"column":39}},"type":"binary-expr","locations":[{"start":{"line":36,"column":12},"end":{"line":36,"column":26}},{"start":{"line":36,"column":30},"end":{"line":36,"column":39}}],"line":36},"2":{"loc":{"start":{"line":40,"column":15},"end":{"line":42,"column":9}},"type":"if","locations":[{"start":{"line":40,"column":15},"end":{"line":42,"column":9}},{"start":{},"end":{}}],"line":40},"3":{"loc":{"start":{"line":51,"column":8},"end":{"line":53,"column":9}},"type":"if","locations":[{"start":{"line":51,"column":8},"end":{"line":53,"column":9}},{"start":{},"end":{}}],"line":51},"4":{"loc":{"start":{"line":60,"column":12},"end":{"line":66,"column":13}},"type":"if","locations":[{"start":{"line":60,"column":12},"end":{"line":66,"column":13}},{"start":{"line":62,"column":19},"end":{"line":66,"column":13}}],"line":60},"5":{"loc":{"start":{"line":63,"column":34},"end":{"line":63,"column":61}},"type":"binary-expr","locations":[{"start":{"line":63,"column":34},"end":{"line":63,"column":45}},{"start":{"line":63,"column":49},"end":{"line":63,"column":61}}],"line":63},"6":{"loc":{"start":{"line":84,"column":12},"end":{"line":94,"column":13}},"type":"if","locations":[{"start":{"line":84,"column":12},"end":{"line":94,"column":13}},{"start":{"line":88,"column":19},"end":{"line":94,"column":13}}],"line":84},"7":{"loc":{"start":{"line":89,"column":16},"end":{"line":92,"column":17}},"type":"if","locations":[{"start":{"line":89,"column":16},"end":{"line":92,"column":17}},{"start":{},"end":{}}],"line":89},"8":{"loc":{"start":{"line":89,"column":20},"end":{"line":89,"column":35}},"type":"binary-expr","locations":[{"start":{"line":89,"column":20},"end":{"line":89,"column":26}},{"start":{"line":89,"column":30},"end":{"line":89,"column":35}}],"line":89},"9":{"loc":{"start":{"line":96,"column":12},"end":{"line":106,"column":13}},"type":"if","locations":[{"start":{"line":96,"column":12},"end":{"line":106,"column":13}},{"start":{"line":104,"column":19},"end":{"line":106,"column":13}}],"line":96},"10":{"loc":{"start":{"line":96,"column":16},"end":{"line":96,"column":45}},"type":"binary-expr","locations":[{"start":{"line":96,"column":16},"end":{"line":96,"column":30}},{"start":{"line":96,"column":34},"end":{"line":96,"column":45}}],"line":96},"11":{"loc":{"start":{"line":105,"column":36},"end":{"line":105,"column":68}},"type":"binary-expr","locations":[{"start":{"line":105,"column":36},"end":{"line":105,"column":50}},{"start":{"line":105,"column":54},"end":{"line":105,"column":68}}],"line":105},"12":{"loc":{"start":{"line":118,"column":26},"end":{"line":118,"column":70}},"type":"cond-expr","locations":[{"start":{"line":118,"column":50},"end":{"line":118,"column":59}},{"start":{"line":118,"column":62},"end":{"line":118,"column":70}}],"line":118},"13":{"loc":{"start":{"line":125,"column":64},"end":{"line":125,"column":90}},"type":"cond-expr","locations":[{"start":{"line":125,"column":73},"end":{"line":125,"column":80}},{"start":{"line":125,"column":83},"end":{"line":125,"column":90}}],"line":125},"14":{"loc":{"start":{"line":162,"column":139},"end":{"line":162,"column":263}},"type":"cond-expr","locations":[{"start":{"line":162,"column":156},"end":{"line":162,"column":186}},{"start":{"line":162,"column":189},"end":{"line":162,"column":263}}],"line":162},"15":{"loc":{"start":{"line":164,"column":49},"end":{"line":164,"column":140}},"type":"cond-expr","locations":[{"start":{"line":164,"column":66},"end":{"line":164,"column":91}},{"start":{"line":164,"column":94},"end":{"line":164,"column":140}}],"line":164},"16":{"loc":{"start":{"line":165,"column":37},"end":{"line":165,"column":75}},"type":"cond-expr","locations":[{"start":{"line":165,"column":54},"end":{"line":165,"column":65}},{"start":{"line":165,"column":68},"end":{"line":165,"column":75}}],"line":165},"17":{"loc":{"start":{"line":171,"column":35},"end":{"line":171,"column":61}},"type":"cond-expr","locations":[{"start":{"line":171,"column":45},"end":{"line":171,"column":53}},{"start":{"line":171,"column":56},"end":{"line":171,"column":61}}],"line":171}},"s":{"0":49,"1":49,"2":49,"3":49,"4":49,"5":49,"6":49,"7":49,"8":49,"9":20,"10":4,"11":0,"12":0,"13":16,"14":16,"15":20,"16":20,"17":49,"18":5,"19":1,"20":4,"21":4,"22":4,"23":4,"24":3,"25":2,"26":1,"27":1,"28":1,"29":1,"30":1,"31":1,"32":49,"33":7,"34":7,"35":7,"36":1,"37":1,"38":6,"39":1,"40":1,"41":5,"42":5,"43":3,"44":3,"45":2,"46":2,"47":1,"48":1,"49":7,"50":49,"51":1,"52":6,"53":1,"54":1},"f":{"0":49,"1":20,"2":0,"3":0,"4":20,"5":5,"6":7,"7":2,"8":1,"9":6,"10":1,"11":1},"b":{"0":[4,16],"1":[20,4],"2":[16,0],"3":[1,4],"4":[2,1],"5":[1,0],"6":[1,6],"7":[1,5],"8":[6,5],"9":[3,2],"10":[5,3],"11":[2,0],"12":[49,0],"13":[0,49],"14":[7,42],"15":[7,42],"16":[7,42],"17":[6,43]},"_coverageSchema":"1a1c01bbd47fc00a2c39e90264f33305004495a9","hash":"585156211aeefc6462ef98310a683a48171bd6b2"}
,"/Users/timyu/Desktop/fitness/fitness-demo/app/(auth)/signup.tsx": {"path":"/Users/timyu/Desktop/fitness/fitness-demo/app/(auth)/signup.tsx","statementMap":{"0":{"start":{"line":22,"column":19},"end":{"line":22,"column":38}},"1":{"start":{"line":23,"column":24},"end":{"line":23,"column":40}},"2":{"start":{"line":24,"column":19},"end":{"line":24,"column":41}},"3":{"start":{"line":27,"column":30},"end":{"line":27,"column":42}},"4":{"start":{"line":28,"column":28},"end":{"line":28,"column":40}},"5":{"start":{"line":29,"column":36},"end":{"line":29,"column":48}},"6":{"start":{"line":30,"column":34},"end":{"line":30,"column":49}},"7":{"start":{"line":35,"column":25},"end":{"line":69,"column":5}},"8":{"start":{"line":37,"column":8},"end":{"line":39,"column":9}},"9":{"start":{"line":38,"column":12},"end":{"line":38,"column":54}},"10":{"start":{"line":40,"column":8},"end":{"line":42,"column":9}},"11":{"start":{"line":41,"column":12},"end":{"line":41,"column":48}},"12":{"start":{"line":44,"column":8},"end":{"line":44,"column":25}},"13":{"start":{"line":45,"column":8},"end":{"line":68,"column":9}},"14":{"start":{"line":48,"column":27},"end":{"line":48,"column":67}},"15":{"start":{"line":50,"column":12},"end":{"line":63,"column":13}},"16":{"start":{"line":52,"column":16},"end":{"line":52,"column":80}},"17":{"start":{"line":53,"column":16},"end":{"line":53,"column":76}},"18":{"start":{"line":54,"column":16},"end":{"line":54,"column":70}},"19":{"start":{"line":57,"column":16},"end":{"line":60,"column":19}},"20":{"start":{"line":62,"column":16},"end":{"line":62,"column":60}},"21":{"start":{"line":65,"column":12},"end":{"line":65,"column":41}},"22":{"start":{"line":67,"column":12},"end":{"line":67,"column":30}},"23":{"start":{"line":71,"column":4},"end":{"line":149,"column":6}},"24":{"start":{"line":81,"column":57},"end":{"line":81,"column":70}},"25":{"start":{"line":141,"column":57},"end":{"line":141,"column":85}}},"fnMap":{"0":{"name":"SignupScreen","decl":{"start":{"line":21,"column":24},"end":{"line":21,"column":36}},"loc":{"start":{"line":21,"column":39},"end":{"line":150,"column":1}},"line":21},"1":{"name":"(anonymous_1)","decl":{"start":{"line":35,"column":25},"end":{"line":35,"column":26}},"loc":{"start":{"line":35,"column":37},"end":{"line":69,"column":5}},"line":35},"2":{"name":"(anonymous_2)","decl":{"start":{"line":81,"column":51},"end":{"line":81,"column":52}},"loc":{"start":{"line":81,"column":57},"end":{"line":81,"column":70}},"line":81},"3":{"name":"(anonymous_3)","decl":{"start":{"line":141,"column":51},"end":{"line":141,"column":52}},"loc":{"start":{"line":141,"column":57},"end":{"line":141,"column":85}},"line":141}},"branchMap":{"0":{"loc":{"start":{"line":37,"column":8},"end":{"line":39,"column":9}},"type":"if","locations":[{"start":{"line":37,"column":8},"end":{"line":39,"column":9}},{"start":{},"end":{}}],"line":37},"1":{"loc":{"start":{"line":37,"column":12},"end":{"line":37,"column":52}},"type":"binary-expr","locations":[{"start":{"line":37,"column":12},"end":{"line":37,"column":31}},{"start":{"line":37,"column":35},"end":{"line":37,"column":52}}],"line":37},"2":{"loc":{"start":{"line":40,"column":8},"end":{"line":42,"column":9}},"type":"if","locations":[{"start":{"line":40,"column":8},"end":{"line":42,"column":9}},{"start":{},"end":{}}],"line":40},"3":{"loc":{"start":{"line":50,"column":12},"end":{"line":63,"column":13}},"type":"if","locations":[{"start":{"line":50,"column":12},"end":{"line":63,"column":13}},{"start":{"line":61,"column":19},"end":{"line":63,"column":13}}],"line":50},"4":{"loc":{"start":{"line":50,"column":16},"end":{"line":50,"column":45}},"type":"binary-expr","locations":[{"start":{"line":50,"column":16},"end":{"line":50,"column":30}},{"start":{"line":50,"column":34},"end":{"line":50,"column":45}}],"line":50},"5":{"loc":{"start":{"line":62,"column":34},"end":{"line":62,"column":58}},"type":"binary-expr","locations":[{"start":{"line":62,"column":34},"end":{"line":62,"column":48}},{"start":{"line":62,"column":52},"end":{"line":62,"column":58}}],"line":62},"6":{"loc":{"start":{"line":74,"column":26},"end":{"line":74,"column":70}},"type":"cond-expr","locations":[{"start":{"line":74,"column":50},"end":{"line":74,"column":59}},{"start":{"line":74,"column":62},"end":{"line":74,"column":70}}],"line":74},"7":{"loc":{"start":{"line":82,"column":73},"end":{"line":82,"column":99}},"type":"cond-expr","locations":[{"start":{"line":82,"column":82},"end":{"line":82,"column":89}},{"start":{"line":82,"column":92},"end":{"line":82,"column":99}}],"line":82},"8":{"loc":{"start":{"line":131,"column":35},"end":{"line":131,"column":62}},"type":"cond-expr","locations":[{"start":{"line":131,"column":45},"end":{"line":131,"column":53}},{"start":{"line":131,"column":56},"end":{"line":131,"column":62}}],"line":131}},"s":{"0":19,"1":19,"2":19,"3":19,"4":19,"5":19,"6":19,"7":19,"8":4,"9":1,"10":3,"11":1,"12":2,"13":2,"14":2,"15":2,"16":1,"17":1,"18":1,"19":1,"20":1,"21":0,"22":2,"23":19,"24":1,"25":0},"f":{"0":19,"1":4,"2":1,"3":0},"b":{"0":[1,3],"1":[4,3],"2":[1,2],"3":[1,1],"4":[2,1],"5":[1,0],"6":[19,0],"7":[0,19],"8":[2,17]},"_coverageSchema":"1a1c01bbd47fc00a2c39e90264f33305004495a9","hash":"158f17af6356f2b185b32dda639643e60c5e8e16"}
,"/Users/timyu/Desktop/fitness/fitness-demo/app/(tabs)/index.tsx": {"path":"/Users/timyu/Desktop/fitness/fitness-demo/app/(tabs)/index.tsx","statementMap":{"0":{"start":{"line":22,"column":30},"end":{"line":22,"column":50}},"1":{"start":{"line":23,"column":24},"end":{"line":23,"column":40}},"2":{"start":{"line":24,"column":19},"end":{"line":24,"column":41}},"3":{"start":{"line":25,"column":22},"end":{"line":25,"column":52}},"4":{"start":{"line":28,"column":20},"end":{"line":28,"column":57}},"5":{"start":{"line":30,"column":4},"end":{"line":41,"column":11}},"6":{"start":{"line":32,"column":8},"end":{"line":32,"column":67}},"7":{"start":{"line":32,"column":53},"end":{"line":32,"column":64}},"8":{"start":{"line":35,"column":28},"end":{"line":37,"column":10}},"9":{"start":{"line":36,"column":12},"end":{"line":36,"column":71}},"10":{"start":{"line":36,"column":57},"end":{"line":36,"column":68}},"11":{"start":{"line":40,"column":8},"end":{"line":40,"column":27}},"12":{"start":{"line":44,"column":8},"end":{"line":46,"column":27}},"13":{"start":{"line":44,"column":41},"end":{"line":44,"column":65}},"14":{"start":{"line":50,"column":41},"end":{"line":50,"column":65}},"15":{"start":{"line":55,"column":4},"end":{"line":93,"column":6}},"16":{"start":{"line":67,"column":38},"end":{"line":67,"column":45}},"17":{"start":{"line":78,"column":20},"end":{"line":81,"column":22}},"18":{"start":{"line":84,"column":20},"end":{"line":89,"column":22}},"19":{"start":{"line":88,"column":40},"end":{"line":88,"column":82}}},"fnMap":{"0":{"name":"MovesScreen","decl":{"start":{"line":20,"column":24},"end":{"line":20,"column":35}},"loc":{"start":{"line":20,"column":38},"end":{"line":94,"column":1}},"line":20},"1":{"name":"(anonymous_1)","decl":{"start":{"line":30,"column":14},"end":{"line":30,"column":15}},"loc":{"start":{"line":30,"column":20},"end":{"line":41,"column":5}},"line":30},"2":{"name":"(anonymous_2)","decl":{"start":{"line":32,"column":48},"end":{"line":32,"column":49}},"loc":{"start":{"line":32,"column":53},"end":{"line":32,"column":64}},"line":32},"3":{"name":"(anonymous_3)","decl":{"start":{"line":35,"column":51},"end":{"line":35,"column":52}},"loc":{"start":{"line":35,"column":57},"end":{"line":37,"column":9}},"line":35},"4":{"name":"(anonymous_4)","decl":{"start":{"line":36,"column":52},"end":{"line":36,"column":53}},"loc":{"start":{"line":36,"column":57},"end":{"line":36,"column":68}},"line":36},"5":{"name":"(anonymous_5)","decl":{"start":{"line":44,"column":35},"end":{"line":44,"column":36}},"loc":{"start":{"line":44,"column":41},"end":{"line":44,"column":65}},"line":44},"6":{"name":"(anonymous_6)","decl":{"start":{"line":50,"column":35},"end":{"line":50,"column":36}},"loc":{"start":{"line":50,"column":41},"end":{"line":50,"column":65}},"line":50},"7":{"name":"(anonymous_7)","decl":{"start":{"line":67,"column":30},"end":{"line":67,"column":31}},"loc":{"start":{"line":67,"column":38},"end":{"line":67,"column":45}},"line":67},"8":{"name":"(anonymous_8)","decl":{"start":{"line":77,"column":37},"end":{"line":77,"column":38}},"loc":{"start":{"line":78,"column":20},"end":{"line":81,"column":22}},"line":78},"9":{"name":"(anonymous_9)","decl":{"start":{"line":83,"column":28},"end":{"line":83,"column":29}},"loc":{"start":{"line":84,"column":20},"end":{"line":89,"column":22}},"line":84},"10":{"name":"(anonymous_10)","decl":{"start":{"line":88,"column":34},"end":{"line":88,"column":35}},"loc":{"start":{"line":88,"column":40},"end":{"line":88,"column":82}},"line":88}},"branchMap":{"0":{"loc":{"start":{"line":25,"column":22},"end":{"line":25,"column":52}},"type":"cond-expr","locations":[{"start":{"line":25,"column":31},"end":{"line":25,"column":40}},{"start":{"line":25,"column":43},"end":{"line":25,"column":52}}],"line":25}},"s":{"0":13,"1":13,"2":13,"3":13,"4":13,"5":13,"6":5,"7":45,"8":5,"9":3,"10":3,"11":5,"12":13,"13":0,"14":0,"15":13,"16":18,"17":13,"18":10,"19":2},"f":{"0":13,"1":5,"2":45,"3":3,"4":3,"5":0,"6":0,"7":18,"8":13,"9":10,"10":2},"b":{"0":[0,13]},"_coverageSchema":"1a1c01bbd47fc00a2c39e90264f33305004495a9","hash":"9f6472cb7043e2a910f3b6749630bcb7244a6bbe"}
,"/Users/timyu/Desktop/fitness/fitness-demo/app/(tabs)/profile.tsx": {"path":"/Users/timyu/Desktop/fitness/fitness-demo/app/(tabs)/profile.tsx","statementMap":{"0":{"start":{"line":17,"column":19},"end":{"line":24,"column":1}},"1":{"start":{"line":31,"column":28},"end":{"line":31,"column":47}},"2":{"start":{"line":32,"column":24},"end":{"line":32,"column":40}},"3":{"start":{"line":33,"column":19},"end":{"line":33,"column":41}},"4":{"start":{"line":34,"column":22},"end":{"line":34,"column":52}},"5":{"start":{"line":36,"column":20},"end":{"line":36,"column":57}},"6":{"start":{"line":38,"column":4},"end":{"line":54,"column":6}},"7":{"start":{"line":42,"column":29},"end":{"line":51,"column":13}},"8":{"start":{"line":43,"column":16},"end":{"line":50,"column":17}},"9":{"start":{"line":44,"column":36},"end":{"line":44,"column":70}},"10":{"start":{"line":45,"column":20},"end":{"line":47,"column":21}},"11":{"start":{"line":46,"column":24},"end":{"line":46,"column":53}},"12":{"start":{"line":49,"column":20},"end":{"line":49,"column":60}},"13":{"start":{"line":52,"column":12},"end":{"line":52,"column":23}},"14":{"start":{"line":57,"column":22},"end":{"line":57,"column":133}},"15":{"start":{"line":58,"column":21},"end":{"line":58,"column":46}},"16":{"start":{"line":59,"column":19},"end":{"line":59,"column":81}},"17":{"start":{"line":62,"column":8},"end":{"line":64,"column":27}},"18":{"start":{"line":62,"column":41},"end":{"line":62,"column":73}},"19":{"start":{"line":68,"column":41},"end":{"line":68,"column":73}},"20":{"start":{"line":73,"column":4},"end":{"line":181,"column":6}},"21":{"start":{"line":102,"column":24},"end":{"line":102,"column":64}},"22":{"start":{"line":102,"column":35},"end":{"line":102,"column":64}},"23":{"start":{"line":129,"column":47},"end":{"line":129,"column":90}},"24":{"start":{"line":141,"column":20},"end":{"line":141,"column":50}},"25":{"start":{"line":166,"column":36},"end":{"line":166,"column":67}},"26":{"start":{"line":188,"column":4},"end":{"line":193,"column":6}}},"fnMap":{"0":{"name":"ProfileScreen","decl":{"start":{"line":29,"column":24},"end":{"line":29,"column":37}},"loc":{"start":{"line":29,"column":40},"end":{"line":182,"column":1}},"line":29},"1":{"name":"(anonymous_1)","decl":{"start":{"line":39,"column":20},"end":{"line":39,"column":21}},"loc":{"start":{"line":39,"column":26},"end":{"line":53,"column":9}},"line":39},"2":{"name":"(anonymous_2)","decl":{"start":{"line":42,"column":29},"end":{"line":42,"column":30}},"loc":{"start":{"line":42,"column":41},"end":{"line":51,"column":13}},"line":42},"3":{"name":"(anonymous_3)","decl":{"start":{"line":62,"column":35},"end":{"line":62,"column":36}},"loc":{"start":{"line":62,"column":41},"end":{"line":62,"column":73}},"line":62},"4":{"name":"(anonymous_4)","decl":{"start":{"line":68,"column":35},"end":{"line":68,"column":36}},"loc":{"start":{"line":68,"column":41},"end":{"line":68,"column":73}},"line":68},"5":{"name":"(anonymous_5)","decl":{"start":{"line":100,"column":29},"end":{"line":100,"column":30}},"loc":{"start":{"line":100,"column":35},"end":{"line":103,"column":21}},"line":100},"6":{"name":"(anonymous_6)","decl":{"start":{"line":129,"column":41},"end":{"line":129,"column":42}},"loc":{"start":{"line":129,"column":47},"end":{"line":129,"column":90}},"line":129},"7":{"name":"(anonymous_7)","decl":{"start":{"line":140,"column":43},"end":{"line":140,"column":44}},"loc":{"start":{"line":140,"column":49},"end":{"line":142,"column":17}},"line":140},"8":{"name":"(anonymous_8)","decl":{"start":{"line":161,"column":40},"end":{"line":161,"column":41}},"loc":{"start":{},"end":{}}},"9":{"name":"(anonymous_9)","decl":{"start":{"line":165,"column":41},"end":{"line":165,"column":42}},"loc":{"start":{"line":165,"column":47},"end":{"line":167,"column":33}},"line":165},"10":{"name":"StatItem","decl":{"start":{"line":187,"column":9},"end":{"line":187,"column":17}},"loc":{"start":{"line":187,"column":70},"end":{"line":194,"column":1}},"line":187}},"branchMap":{"0":{"loc":{"start":{"line":34,"column":22},"end":{"line":34,"column":52}},"type":"cond-expr","locations":[{"start":{"line":34,"column":31},"end":{"line":34,"column":40}},{"start":{"line":34,"column":43},"end":{"line":34,"column":52}}],"line":34},"1":{"loc":{"start":{"line":45,"column":20},"end":{"line":47,"column":21}},"type":"if","locations":[{"start":{"line":45,"column":20},"end":{"line":47,"column":21}},{"start":{},"end":{}}],"line":45},"2":{"loc":{"start":{"line":57,"column":22},"end":{"line":57,"column":133}},"type":"binary-expr","locations":[{"start":{"line":57,"column":22},"end":{"line":57,"column":34}},{"start":{"line":57,"column":38},"end":{"line":57,"column":133}}],"line":57},"3":{"loc":{"start":{"line":58,"column":21},"end":{"line":58,"column":46}},"type":"binary-expr","locations":[{"start":{"line":58,"column":21},"end":{"line":58,"column":35}},{"start":{"line":58,"column":39},"end":{"line":58,"column":46}}],"line":58},"4":{"loc":{"start":{"line":59,"column":19},"end":{"line":59,"column":81}},"type":"cond-expr","locations":[{"start":{"line":59,"column":31},"end":{"line":59,"column":72}},{"start":{"line":59,"column":75},"end":{"line":59,"column":81}}],"line":59},"5":{"loc":{"start":{"line":99,"column":35},"end":{"line":99,"column":49}},"type":"cond-expr","locations":[{"start":{"line":99,"column":42},"end":{"line":99,"column":43}},{"start":{"line":99,"column":46},"end":{"line":99,"column":49}}],"line":99},"6":{"loc":{"start":{"line":102,"column":24},"end":{"line":102,"column":64}},"type":"if","locations":[{"start":{"line":102,"column":24},"end":{"line":102,"column":64}},{"start":{},"end":{}}],"line":102},"7":{"loc":{"start":{"line":107,"column":150},"end":{"line":107,"column":225}},"type":"cond-expr","locations":[{"start":{"line":107,"column":164},"end":{"line":107,"column":182}},{"start":{"line":107,"column":185},"end":{"line":107,"column":225}}],"line":107},"8":{"loc":{"start":{"line":113,"column":25},"end":{"line":117,"column":25}},"type":"binary-expr","locations":[{"start":{"line":113,"column":25},"end":{"line":113,"column":36}},{"start":{},"end":{}}],"line":113},"9":{"loc":{"start":{"line":123,"column":25},"end":{"line":135,"column":25}},"type":"cond-expr","locations":[{"start":{},"end":{}},{"start":{},"end":{}}],"line":123},"10":{"loc":{"start":{"line":133,"column":80},"end":{"line":133,"column":106}},"type":"cond-expr","locations":[{"start":{"line":133,"column":89},"end":{"line":133,"column":96}},{"start":{"line":133,"column":99},"end":{"line":133,"column":106}}],"line":133},"11":{"loc":{"start":{"line":144,"column":41},"end":{"line":144,"column":74}},"type":"binary-expr","locations":[{"start":{"line":144,"column":41},"end":{"line":144,"column":67}},{"start":{"line":144,"column":71},"end":{"line":144,"column":74}}],"line":144},"12":{"loc":{"start":{"line":146,"column":41},"end":{"line":146,"column":102}},"type":"cond-expr","locations":[{"start":{"line":146,"column":68},"end":{"line":146,"column":96}},{"start":{"line":146,"column":99},"end":{"line":146,"column":102}}],"line":146},"13":{"loc":{"start":{"line":148,"column":41},"end":{"line":148,"column":71}},"type":"binary-expr","locations":[{"start":{"line":148,"column":41},"end":{"line":148,"column":64}},{"start":{"line":148,"column":68},"end":{"line":148,"column":71}}],"line":148},"14":{"loc":{"start":{"line":152,"column":78},"end":{"line":152,"column":102}},"type":"cond-expr","locations":[{"start":{"line":152,"column":87},"end":{"line":152,"column":93}},{"start":{"line":152,"column":96},"end":{"line":152,"column":102}}],"line":152},"15":{"loc":{"start":{"line":168,"column":72},"end":{"line":168,"column":156}},"type":"cond-expr","locations":[{"start":{"line":168,"column":104},"end":{"line":168,"column":151}},{"start":{"line":168,"column":154},"end":{"line":168,"column":156}}],"line":168},"16":{"loc":{"start":{"line":171,"column":87},"end":{"line":171,"column":117}},"type":"cond-expr","locations":[{"start":{"line":171,"column":96},"end":{"line":171,"column":105}},{"start":{"line":171,"column":108},"end":{"line":171,"column":117}}],"line":171},"17":{"loc":{"start":{"line":174,"column":82},"end":{"line":174,"column":106}},"type":"cond-expr","locations":[{"start":{"line":174,"column":91},"end":{"line":174,"column":97}},{"start":{"line":174,"column":100},"end":{"line":174,"column":106}}],"line":174}},"s":{"0":1,"1":19,"2":19,"3":19,"4":19,"5":19,"6":19,"7":19,"8":19,"9":19,"10":18,"11":14,"12":1,"13":19,"14":19,"15":19,"16":19,"17":19,"18":1,"19":0,"20":19,"21":2,"22":1,"23":0,"24":1,"25":0,"26":57},"f":{"0":19,"1":19,"2":19,"3":1,"4":0,"5":2,"6":0,"7":1,"8":76,"9":0,"10":57},"b":{"0":[0,19],"1":[14,4],"2":[19,7],"3":[19,7],"4":[12,7],"5":[12,7],"6":[1,1],"7":[0,19],"8":[19,0],"9":[0,19],"10":[0,19],"11":[19,7],"12":[12,7],"13":[19,7],"14":[0,19],"15":[57,19],"16":[0,76],"17":[0,76]},"_coverageSchema":"1a1c01bbd47fc00a2c39e90264f33305004495a9","hash":"fcf51c83022df02ccebdfa7484c09809913327eb"}
,"/Users/timyu/Desktop/fitness/fitness-demo/app/(tabs)/sessions.tsx": {"path":"/Users/timyu/Desktop/fitness/fitness-demo/app/(tabs)/sessions.tsx","statementMap":{"0":{"start":{"line":22,"column":36},"end":{"line":22,"column":59}},"1":{"start":{"line":23,"column":24},"end":{"line":23,"column":40}},"2":{"start":{"line":24,"column":19},"end":{"line":24,"column":41}},"3":{"start":{"line":25,"column":22},"end":{"line":25,"column":52}},"4":{"start":{"line":27,"column":20},"end":{"line":27,"column":57}},"5":{"start":{"line":29,"column":4},"end":{"line":40,"column":11}},"6":{"start":{"line":31,"column":8},"end":{"line":31,"column":73}},"7":{"start":{"line":31,"column":59},"end":{"line":31,"column":70}},"8":{"start":{"line":34,"column":28},"end":{"line":36,"column":10}},"9":{"start":{"line":35,"column":12},"end":{"line":35,"column":77}},"10":{"start":{"line":35,"column":63},"end":{"line":35,"column":74}},"11":{"start":{"line":39,"column":8},"end":{"line":39,"column":27}},"12":{"start":{"line":43,"column":8},"end":{"line":45,"column":27}},"13":{"start":{"line":43,"column":41},"end":{"line":43,"column":68}},"14":{"start":{"line":49,"column":41},"end":{"line":49,"column":68}},"15":{"start":{"line":54,"column":4},"end":{"line":86,"column":6}},"16":{"start":{"line":64,"column":38},"end":{"line":64,"column":45}},"17":{"start":{"line":71,"column":20},"end":{"line":74,"column":22}},"18":{"start":{"line":77,"column":20},"end":{"line":82,"column":22}},"19":{"start":{"line":81,"column":40},"end":{"line":81,"column":85}}},"fnMap":{"0":{"name":"SessionsScreen","decl":{"start":{"line":20,"column":24},"end":{"line":20,"column":38}},"loc":{"start":{"line":20,"column":41},"end":{"line":87,"column":1}},"line":20},"1":{"name":"(anonymous_1)","decl":{"start":{"line":29,"column":14},"end":{"line":29,"column":15}},"loc":{"start":{"line":29,"column":20},"end":{"line":40,"column":5}},"line":29},"2":{"name":"(anonymous_2)","decl":{"start":{"line":31,"column":54},"end":{"line":31,"column":55}},"loc":{"start":{"line":31,"column":59},"end":{"line":31,"column":70}},"line":31},"3":{"name":"(anonymous_3)","decl":{"start":{"line":34,"column":51},"end":{"line":34,"column":52}},"loc":{"start":{"line":34,"column":57},"end":{"line":36,"column":9}},"line":34},"4":{"name":"(anonymous_4)","decl":{"start":{"line":35,"column":58},"end":{"line":35,"column":59}},"loc":{"start":{"line":35,"column":63},"end":{"line":35,"column":74}},"line":35},"5":{"name":"(anonymous_5)","decl":{"start":{"line":43,"column":35},"end":{"line":43,"column":36}},"loc":{"start":{"line":43,"column":41},"end":{"line":43,"column":68}},"line":43},"6":{"name":"(anonymous_6)","decl":{"start":{"line":49,"column":35},"end":{"line":49,"column":36}},"loc":{"start":{"line":49,"column":41},"end":{"line":49,"column":68}},"line":49},"7":{"name":"(anonymous_7)","decl":{"start":{"line":64,"column":30},"end":{"line":64,"column":31}},"loc":{"start":{"line":64,"column":38},"end":{"line":64,"column":45}},"line":64},"8":{"name":"(anonymous_8)","decl":{"start":{"line":70,"column":37},"end":{"line":70,"column":38}},"loc":{"start":{"line":71,"column":20},"end":{"line":74,"column":22}},"line":71},"9":{"name":"(anonymous_9)","decl":{"start":{"line":76,"column":28},"end":{"line":76,"column":29}},"loc":{"start":{"line":77,"column":20},"end":{"line":82,"column":22}},"line":77},"10":{"name":"(anonymous_10)","decl":{"start":{"line":81,"column":34},"end":{"line":81,"column":35}},"loc":{"start":{"line":81,"column":40},"end":{"line":81,"column":85}},"line":81}},"branchMap":{"0":{"loc":{"start":{"line":25,"column":22},"end":{"line":25,"column":52}},"type":"cond-expr","locations":[{"start":{"line":25,"column":31},"end":{"line":25,"column":40}},{"start":{"line":25,"column":43},"end":{"line":25,"column":52}}],"line":25}},"s":{"0":7,"1":7,"2":7,"3":7,"4":7,"5":7,"6":3,"7":3,"8":3,"9":1,"10":1,"11":3,"12":7,"13":0,"14":0,"15":7,"16":6,"17":7,"18":3,"19":1},"f":{"0":7,"1":3,"2":3,"3":1,"4":1,"5":0,"6":0,"7":6,"8":7,"9":3,"10":1},"b":{"0":[0,7]},"_coverageSchema":"1a1c01bbd47fc00a2c39e90264f33305004495a9","hash":"646c8cff568fa807602eebc3b77d2bbf72b61e01"}
,"/Users/timyu/Desktop/fitness/fitness-demo/app/profile/subscription.tsx": {"path":"/Users/timyu/Desktop/fitness/fitness-demo/app/profile/subscription.tsx","statementMap":{"0":{"start":{"line":17,"column":24},"end":{"line":17,"column":40}},"1":{"start":{"line":18,"column":19},"end":{"line":18,"column":41}},"2":{"start":{"line":19,"column":34},"end":{"line":19,"column":49}},"3":{"start":{"line":22,"column":18},"end":{"line":26,"column":5}},"4":{"start":{"line":31,"column":26},"end":{"line":63,"column":5}},"5":{"start":{"line":32,"column":8},"end":{"line":32,"column":25}},"6":{"start":{"line":33,"column":8},"end":{"line":62,"column":9}},"7":{"start":{"line":35,"column":28},"end":{"line":35,"column":62}},"8":{"start":{"line":36,"column":12},"end":{"line":40,"column":13}},"9":{"start":{"line":37,"column":16},"end":{"line":37,"column":42}},"10":{"start":{"line":38,"column":16},"end":{"line":38,"column":45}},"11":{"start":{"line":39,"column":16},"end":{"line":39,"column":23}},"12":{"start":{"line":41,"column":25},"end":{"line":41,"column":44}},"13":{"start":{"line":44,"column":27},"end":{"line":44,"column":74}},"14":{"start":{"line":46,"column":12},"end":{"line":57,"column":13}},"15":{"start":{"line":48,"column":16},"end":{"line":48,"column":34}},"16":{"start":{"line":49,"column":16},"end":{"line":49,"column":95}},"17":{"start":{"line":50,"column":16},"end":{"line":50,"column":73}},"18":{"start":{"line":52,"column":16},"end":{"line":54,"column":19}},"19":{"start":{"line":53,"column":49},"end":{"line":53,"column":62}},"20":{"start":{"line":56,"column":16},"end":{"line":56,"column":59}},"21":{"start":{"line":59,"column":12},"end":{"line":59,"column":40}},"22":{"start":{"line":61,"column":12},"end":{"line":61,"column":30}},"23":{"start":{"line":65,"column":4},"end":{"line":140,"column":6}},"24":{"start":{"line":72,"column":20},"end":{"line":72,"column":34}},"25":{"start":{"line":114,"column":43},"end":{"line":114,"column":65}},"26":{"start":{"line":145,"column":4},"end":{"line":162,"column":5}}},"fnMap":{"0":{"name":"SubscriptionScreen","decl":{"start":{"line":16,"column":24},"end":{"line":16,"column":42}},"loc":{"start":{"line":16,"column":45},"end":{"line":141,"column":1}},"line":16},"1":{"name":"(anonymous_1)","decl":{"start":{"line":31,"column":26},"end":{"line":31,"column":27}},"loc":{"start":{"line":31,"column":52},"end":{"line":63,"column":5}},"line":31},"2":{"name":"(anonymous_2)","decl":{"start":{"line":53,"column":43},"end":{"line":53,"column":44}},"loc":{"start":{"line":53,"column":49},"end":{"line":53,"column":62}},"line":53},"3":{"name":"(anonymous_3)","decl":{"start":{"line":71,"column":43},"end":{"line":71,"column":44}},"loc":{"start":{"line":71,"column":49},"end":{"line":73,"column":17}},"line":71},"4":{"name":"(anonymous_4)","decl":{"start":{"line":110,"column":31},"end":{"line":110,"column":32}},"loc":{"start":{},"end":{}}},"5":{"name":"(anonymous_5)","decl":{"start":{"line":114,"column":37},"end":{"line":114,"column":38}},"loc":{"start":{"line":114,"column":43},"end":{"line":114,"column":65}},"line":114},"6":{"name":"FeatureRow","decl":{"start":{"line":144,"column":9},"end":{"line":144,"column":19}},"loc":{"start":{"line":144,"column":120},"end":{"line":163,"column":1}},"line":144}},"branchMap":{"0":{"loc":{"start":{"line":36,"column":12},"end":{"line":40,"column":13}},"type":"if","locations":[{"start":{"line":36,"column":12},"end":{"line":40,"column":13}},{"start":{},"end":{}}],"line":36},"1":{"loc":{"start":{"line":46,"column":12},"end":{"line":57,"column":13}},"type":"if","locations":[{"start":{"line":46,"column":12},"end":{"line":57,"column":13}},{"start":{"line":55,"column":19},"end":{"line":57,"column":13}}],"line":46},"2":{"loc":{"start":{"line":56,"column":36},"end":{"line":56,"column":57}},"type":"binary-expr","locations":[{"start":{"line":56,"column":36},"end":{"line":56,"column":48}},{"start":{"line":56,"column":52},"end":{"line":56,"column":57}}],"line":56},"3":{"loc":{"start":{"line":74,"column":65},"end":{"line":74,"column":91}},"type":"cond-expr","locations":[{"start":{"line":74,"column":74},"end":{"line":74,"column":81}},{"start":{"line":74,"column":84},"end":{"line":74,"column":91}}],"line":74},"4":{"loc":{"start":{"line":115,"column":89},"end":{"line":115,"column":251}},"type":"cond-expr","locations":[{"start":{"line":115,"column":108},"end":{"line":115,"column":184}},{"start":{"line":115,"column":187},"end":{"line":115,"column":251}}],"line":115},"5":{"loc":{"start":{"line":118,"column":33},"end":{"line":122,"column":33}},"type":"binary-expr","locations":[{"start":{"line":118,"column":33},"end":{"line":118,"column":49}},{"start":{},"end":{}}],"line":118},"6":{"loc":{"start":{"line":152,"column":17},"end":{"line":159,"column":17}},"type":"cond-expr","locations":[{"start":{},"end":{}},{"start":{},"end":{}}],"line":152},"7":{"loc":{"start":{"line":152,"column":17},"end":{"line":152,"column":45}},"type":"binary-expr","locations":[{"start":{"line":152,"column":17},"end":{"line":152,"column":29}},{"start":{"line":152,"column":33},"end":{"line":152,"column":45}}],"line":152},"8":{"loc":{"start":{"line":154,"column":25},"end":{"line":154,"column":129}},"type":"binary-expr","locations":[{"start":{"line":154,"column":25},"end":{"line":154,"column":34}},{"start":{"line":154,"column":38},"end":{"line":154,"column":129}}],"line":154}},"s":{"0":11,"1":11,"2":11,"3":11,"4":11,"5":3,"6":3,"7":3,"8":3,"9":1,"10":1,"11":1,"12":2,"13":2,"14":2,"15":1,"16":1,"17":1,"18":1,"19":0,"20":1,"21":0,"22":3,"23":11,"24":1,"25":3,"26":44},"f":{"0":11,"1":3,"2":0,"3":1,"4":33,"5":3,"6":44},"b":{"0":[1,2],"1":[1,1],"2":[1,0],"3":[0,11],"4":[11,22],"5":[33,11],"6":[44,0],"7":[44,22],"8":[44,22]},"_coverageSchema":"1a1c01bbd47fc00a2c39e90264f33305004495a9","hash":"6a779fe477df48f563b6ffbf0ace3e4d5a72bae6"}
,"/Users/timyu/Desktop/fitness/fitness-demo/app/workout/[id].tsx": {"path":"/Users/timyu/Desktop/fitness/fitness-demo/app/workout/[id].tsx","statementMap":{"0":{"start":{"line":32,"column":25},"end":{"line":32,"column":47}},"1":{"start":{"line":33,"column":44},"end":{"line":33,"column":66}},"2":{"start":{"line":34,"column":32},"end":{"line":34,"column":67}},"3":{"start":{"line":37,"column":22},"end":{"line":37,"column":36}},"4":{"start":{"line":40,"column":19},"end":{"line":40,"column":38}},"5":{"start":{"line":43,"column":44},"end":{"line":43,"column":59}},"6":{"start":{"line":44,"column":36},"end":{"line":44,"column":90}},"7":{"start":{"line":47,"column":36},"end":{"line":47,"column":55}},"8":{"start":{"line":48,"column":52},"end":{"line":48,"column":63}},"9":{"start":{"line":49,"column":54},"end":{"line":49,"column":69}},"10":{"start":{"line":52,"column":38},"end":{"line":52,"column":53}},"11":{"start":{"line":55,"column":38},"end":{"line":55,"column":67}},"12":{"start":{"line":56,"column":36},"end":{"line":56,"column":58}},"13":{"start":{"line":57,"column":50},"end":{"line":57,"column":69}},"14":{"start":{"line":63,"column":29},"end":{"line":94,"column":5}},"15":{"start":{"line":64,"column":8},"end":{"line":64,"column":48}},"16":{"start":{"line":64,"column":41},"end":{"line":64,"column":48}},"17":{"start":{"line":66,"column":8},"end":{"line":93,"column":9}},"18":{"start":{"line":67,"column":28},"end":{"line":67,"column":62}},"19":{"start":{"line":68,"column":27},"end":{"line":68,"column":73}},"20":{"start":{"line":70,"column":29},"end":{"line":78,"column":14}},"21":{"start":{"line":80,"column":12},"end":{"line":90,"column":13}},"22":{"start":{"line":81,"column":16},"end":{"line":81,"column":45}},"23":{"start":{"line":82,"column":16},"end":{"line":82,"column":47}},"24":{"start":{"line":85,"column":16},"end":{"line":89,"column":19}},"25":{"start":{"line":92,"column":12},"end":{"line":92,"column":54}},"26":{"start":{"line":96,"column":4},"end":{"line":104,"column":19}},"27":{"start":{"line":97,"column":8},"end":{"line":103,"column":9}},"28":{"start":{"line":98,"column":26},"end":{"line":98,"column":68}},"29":{"start":{"line":99,"column":12},"end":{"line":99,"column":31}},"30":{"start":{"line":101,"column":25},"end":{"line":101,"column":71}},"31":{"start":{"line":101,"column":59},"end":{"line":101,"column":70}},"32":{"start":{"line":102,"column":12},"end":{"line":102,"column":42}},"33":{"start":{"line":102,"column":22},"end":{"line":102,"column":42}},"34":{"start":{"line":111,"column":28},"end":{"line":118,"column":5}},"35":{"start":{"line":112,"column":26},"end":{"line":112,"column":36}},"36":{"start":{"line":113,"column":8},"end":{"line":113,"column":32}},"37":{"start":{"line":114,"column":8},"end":{"line":117,"column":9}},"38":{"start":{"line":116,"column":12},"end":{"line":116,"column":31}},"39":{"start":{"line":122,"column":32},"end":{"line":124,"column":5}},"40":{"start":{"line":123,"column":8},"end":{"line":123,"column":56}},"41":{"start":{"line":123,"column":23},"end":{"line":123,"column":54}},"42":{"start":{"line":126,"column":32},"end":{"line":128,"column":5}},"43":{"start":{"line":127,"column":8},"end":{"line":127,"column":30}},"44":{"start":{"line":130,"column":24},"end":{"line":130,"column":50}},"45":{"start":{"line":131,"column":25},"end":{"line":131,"column":111}},"46":{"start":{"line":133,"column":4},"end":{"line":133,"column":65}},"47":{"start":{"line":133,"column":21},"end":{"line":133,"column":65}},"48":{"start":{"line":134,"column":4},"end":{"line":141,"column":5}},"49":{"start":{"line":135,"column":8},"end":{"line":140,"column":10}},"50":{"start":{"line":143,"column":4},"end":{"line":274,"column":6}},"51":{"start":{"line":150,"column":28},"end":{"line":152,"column":29}},"52":{"start":{"line":151,"column":32},"end":{"line":151,"column":66}},"53":{"start":{"line":181,"column":43},"end":{"line":181,"column":56}},"54":{"start":{"line":257,"column":105},"end":{"line":257,"column":127}},"55":{"start":{"line":258,"column":122},"end":{"line":258,"column":144}},"56":{"start":{"line":259,"column":150},"end":{"line":259,"column":154}},"57":{"start":{"line":262,"column":89},"end":{"line":262,"column":111}},"58":{"start":{"line":267,"column":96},"end":{"line":267,"column":134}},"59":{"start":{"line":268,"column":98},"end":{"line":268,"column":137}},"60":{"start":{"line":269,"column":102},"end":{"line":269,"column":142}},"61":{"start":{"line":278,"column":17},"end":{"line":283,"column":1}},"62":{"start":{"line":285,"column":22},"end":{"line":289,"column":1}},"63":{"start":{"line":291,"column":19},"end":{"line":306,"column":1}},"64":{"start":{"line":292,"column":24},"end":{"line":292,"column":40}},"65":{"start":{"line":293,"column":19},"end":{"line":293,"column":41}},"66":{"start":{"line":294,"column":4},"end":{"line":305,"column":6}}},"fnMap":{"0":{"name":"WorkoutSession","decl":{"start":{"line":30,"column":24},"end":{"line":30,"column":38}},"loc":{"start":{"line":30,"column":41},"end":{"line":275,"column":1}},"line":30},"1":{"name":"(anonymous_1)","decl":{"start":{"line":63,"column":29},"end":{"line":63,"column":30}},"loc":{"start":{"line":63,"column":41},"end":{"line":94,"column":5}},"line":63},"2":{"name":"(anonymous_2)","decl":{"start":{"line":96,"column":14},"end":{"line":96,"column":15}},"loc":{"start":{"line":96,"column":20},"end":{"line":104,"column":5}},"line":96},"3":{"name":"(anonymous_3)","decl":{"start":{"line":101,"column":54},"end":{"line":101,"column":55}},"loc":{"start":{"line":101,"column":59},"end":{"line":101,"column":70}},"line":101},"4":{"name":"(anonymous_4)","decl":{"start":{"line":111,"column":28},"end":{"line":111,"column":29}},"loc":{"start":{"line":111,"column":34},"end":{"line":118,"column":5}},"line":111},"5":{"name":"(anonymous_5)","decl":{"start":{"line":122,"column":32},"end":{"line":122,"column":33}},"loc":{"start":{"line":122,"column":38},"end":{"line":124,"column":5}},"line":122},"6":{"name":"(anonymous_6)","decl":{"start":{"line":123,"column":18},"end":{"line":123,"column":19}},"loc":{"start":{"line":123,"column":23},"end":{"line":123,"column":54}},"line":123},"7":{"name":"(anonymous_7)","decl":{"start":{"line":126,"column":32},"end":{"line":126,"column":33}},"loc":{"start":{"line":126,"column":38},"end":{"line":128,"column":5}},"line":126},"8":{"name":"(anonymous_8)","decl":{"start":{"line":149,"column":43},"end":{"line":149,"column":44}},"loc":{"start":{"line":149,"column":52},"end":{"line":153,"column":25}},"line":149},"9":{"name":"(anonymous_9)","decl":{"start":{"line":181,"column":37},"end":{"line":181,"column":38}},"loc":{"start":{"line":181,"column":43},"end":{"line":181,"column":56}},"line":181},"10":{"name":"(anonymous_10)","decl":{"start":{"line":257,"column":99},"end":{"line":257,"column":100}},"loc":{"start":{"line":257,"column":105},"end":{"line":257,"column":127}},"line":257},"11":{"name":"(anonymous_11)","decl":{"start":{"line":258,"column":116},"end":{"line":258,"column":117}},"loc":{"start":{"line":258,"column":122},"end":{"line":258,"column":144}},"line":258},"12":{"name":"(anonymous_12)","decl":{"start":{"line":259,"column":144},"end":{"line":259,"column":145}},"loc":{"start":{"line":259,"column":150},"end":{"line":259,"column":154}},"line":259},"13":{"name":"(anonymous_13)","decl":{"start":{"line":262,"column":83},"end":{"line":262,"column":84}},"loc":{"start":{"line":262,"column":89},"end":{"line":262,"column":111}},"line":262},"14":{"name":"(anonymous_14)","decl":{"start":{"line":267,"column":84},"end":{"line":267,"column":85}},"loc":{"start":{"line":267,"column":96},"end":{"line":267,"column":134}},"line":267},"15":{"name":"(anonymous_15)","decl":{"start":{"line":268,"column":86},"end":{"line":268,"column":87}},"loc":{"start":{"line":268,"column":98},"end":{"line":268,"column":137}},"line":268},"16":{"name":"(anonymous_16)","decl":{"start":{"line":269,"column":90},"end":{"line":269,"column":91}},"loc":{"start":{"line":269,"column":102},"end":{"line":269,"column":142}},"line":269},"17":{"name":"(anonymous_17)","decl":{"start":{"line":278,"column":17},"end":{"line":278,"column":18}},"loc":{"start":{},"end":{}}},"18":{"name":"(anonymous_18)","decl":{"start":{"line":285,"column":22},"end":{"line":285,"column":23}},"loc":{"start":{},"end":{}}},"19":{"name":"(anonymous_19)","decl":{"start":{"line":291,"column":19},"end":{"line":291,"column":20}},"loc":{"start":{"line":291,"column":56},"end":{"line":306,"column":1}},"line":291}},"branchMap":{"0":{"loc":{"start":{"line":64,"column":8},"end":{"line":64,"column":48}},"type":"if","locations":[{"start":{"line":64,"column":8},"end":{"line":64,"column":48}},{"start":{},"end":{}}],"line":64},"1":{"loc":{"start":{"line":68,"column":27},"end":{"line":68,"column":73}},"type":"cond-expr","locations":[{"start":{"line":68,"column":37},"end":{"line":68,"column":59}},{"start":{"line":68,"column":62},"end":{"line":68,"column":73}}],"line":68},"2":{"loc":{"start":{"line":73,"column":31},"end":{"line":75,"column":21}},"type":"cond-expr","locations":[{"start":{"line":73,"column":60},"end":{"line":73,"column":75}},{"start":{"line":73,"column":78},"end":{"line":75,"column":21}}],"line":73},"3":{"loc":{"start":{"line":80,"column":12},"end":{"line":90,"column":13}},"type":"if","locations":[{"start":{"line":80,"column":12},"end":{"line":90,"column":13}},{"start":{},"end":{}}],"line":80},"4":{"loc":{"start":{"line":97,"column":8},"end":{"line":103,"column":9}},"type":"if","locations":[{"start":{"line":97,"column":8},"end":{"line":103,"column":9}},{"start":{"line":100,"column":15},"end":{"line":103,"column":9}}],"line":97},"5":{"loc":{"start":{"line":102,"column":12},"end":{"line":102,"column":42}},"type":"if","locations":[{"start":{"line":102,"column":12},"end":{"line":102,"column":42}},{"start":{},"end":{}}],"line":102},"6":{"loc":{"start":{"line":114,"column":8},"end":{"line":117,"column":9}},"type":"if","locations":[{"start":{"line":114,"column":8},"end":{"line":117,"column":9}},{"start":{},"end":{}}],"line":114},"7":{"loc":{"start":{"line":123,"column":23},"end":{"line":123,"column":54}},"type":"cond-expr","locations":[{"start":{"line":123,"column":38},"end":{"line":123,"column":45}},{"start":{"line":123,"column":48},"end":{"line":123,"column":54}}],"line":123},"8":{"loc":{"start":{"line":131,"column":25},"end":{"line":131,"column":111}},"type":"cond-expr","locations":[{"start":{"line":131,"column":46},"end":{"line":131,"column":95}},{"start":{"line":131,"column":98},"end":{"line":131,"column":111}}],"line":131},"9":{"loc":{"start":{"line":133,"column":4},"end":{"line":133,"column":65}},"type":"if","locations":[{"start":{"line":133,"column":4},"end":{"line":133,"column":65}},{"start":{},"end":{}}],"line":133},"10":{"loc":{"start":{"line":134,"column":4},"end":{"line":141,"column":5}},"type":"if","locations":[{"start":{"line":134,"column":4},"end":{"line":141,"column":5}},{"start":{},"end":{}}],"line":134},"11":{"loc":{"start":{"line":145,"column":13},"end":{"line":158,"column":13}},"type":"binary-expr","locations":[{"start":{"line":145,"column":13},"end":{"line":145,"column":22}},{"start":{"line":146,"column":16},"end":{"line":157,"column":23}}],"line":145},"12":{"loc":{"start":{"line":150,"column":28},"end":{"line":152,"column":29}},"type":"if","locations":[{"start":{"line":150,"column":28},"end":{"line":152,"column":29}},{"start":{},"end":{}}],"line":150},"13":{"loc":{"start":{"line":150,"column":32},"end":{"line":150,"column":52}},"type":"binary-expr","locations":[{"start":{"line":150,"column":32},"end":{"line":150,"column":35}},{"start":{"line":150,"column":39},"end":{"line":150,"column":52}}],"line":150},"14":{"loc":{"start":{"line":174,"column":25},"end":{"line":178,"column":25}},"type":"binary-expr","locations":[{"start":{"line":174,"column":25},"end":{"line":174,"column":43}},{"start":{},"end":{}}],"line":174},"15":{"loc":{"start":{"line":192,"column":29},"end":{"line":192,"column":62}},"type":"binary-expr","locations":[{"start":{"line":192,"column":29},"end":{"line":192,"column":46}},{"start":{"line":192,"column":50},"end":{"line":192,"column":62}}],"line":192},"16":{"loc":{"start":{"line":202,"column":17},"end":{"line":221,"column":17}},"type":"binary-expr","locations":[{"start":{"line":202,"column":17},"end":{"line":202,"column":33}},{"start":{},"end":{}}],"line":202},"17":{"loc":{"start":{"line":227,"column":53},"end":{"line":227,"column":88}},"type":"cond-expr","locations":[{"start":{"line":227,"column":65},"end":{"line":227,"column":80}},{"start":{"line":227,"column":83},"end":{"line":227,"column":88}}],"line":227},"18":{"loc":{"start":{"line":231,"column":21},"end":{"line":237,"column":21}},"type":"binary-expr","locations":[{"start":{"line":231,"column":21},"end":{"line":231,"column":40}},{"start":{},"end":{}}],"line":231},"19":{"loc":{"start":{"line":248,"column":44},"end":{"line":248,"column":72}},"type":"cond-expr","locations":[{"start":{"line":248,"column":56},"end":{"line":248,"column":63}},{"start":{"line":248,"column":66},"end":{"line":248,"column":72}}],"line":248},"20":{"loc":{"start":{"line":278,"column":34},"end":{"line":278,"column":49}},"type":"default-arg","locations":[{"start":{"line":278,"column":42},"end":{"line":278,"column":49}}],"line":278},"21":{"loc":{"start":{"line":301,"column":51},"end":{"line":301,"column":81}},"type":"cond-expr","locations":[{"start":{"line":301,"column":60},"end":{"line":301,"column":69}},{"start":{"line":301,"column":72},"end":{"line":301,"column":81}}],"line":301},"22":{"loc":{"start":{"line":302,"column":28},"end":{"line":302,"column":76}},"type":"cond-expr","locations":[{"start":{"line":302,"column":37},"end":{"line":302,"column":63}},{"start":{"line":302,"column":67},"end":{"line":302,"column":76}}],"line":302},"23":{"loc":{"start":{"line":302,"column":37},"end":{"line":302,"column":63}},"type":"cond-expr","locations":[{"start":{"line":302,"column":46},"end":{"line":302,"column":53}},{"start":{"line":302,"column":56},"end":{"line":302,"column":63}}],"line":302}},"s":{"0":23,"1":23,"2":23,"3":23,"4":23,"5":23,"6":23,"7":23,"8":23,"9":23,"10":23,"11":23,"12":23,"13":23,"14":23,"15":2,"16":0,"17":2,"18":2,"19":2,"20":2,"21":1,"22":1,"23":1,"24":1,"25":1,"26":23,"27":8,"28":1,"29":1,"30":7,"31":7,"32":7,"33":7,"34":23,"35":3,"36":3,"37":3,"38":2,"39":23,"40":1,"41":1,"42":23,"43":2,"44":23,"45":23,"46":23,"47":0,"48":23,"49":2,"50":21,"51":0,"52":0,"53":1,"54":0,"55":0,"56":0,"57":0,"58":0,"59":0,"60":0,"61":1,"62":1,"63":1,"64":3,"65":3,"66":3},"f":{"0":23,"1":2,"2":8,"3":7,"4":3,"5":1,"6":1,"7":2,"8":0,"9":1,"10":0,"11":0,"12":0,"13":0,"14":0,"15":0,"16":0,"17":60,"18":40,"19":3},"b":{"0":[0,2],"1":[0,2],"2":[0,2],"3":[1,0],"4":[1,7],"5":[7,0],"6":[2,1],"7":[0,1],"8":[2,21],"9":[0,23],"10":[2,21],"11":[21,21],"12":[0,0],"13":[0,0],"14":[21,2],"15":[21,7],"16":[21,21],"17":[2,19],"18":[21,0],"19":[3,18],"20":[40],"21":[0,3],"22":[3,0],"23":[0,3]},"_coverageSchema":"1a1c01bbd47fc00a2c39e90264f33305004495a9","hash":"0acb90f347a93e38148eeff593f9bbb2697be172"}
,"/Users/timyu/Desktop/fitness/fitness-demo/components/LargeTitle.tsx": {"path":"/Users/timyu/Desktop/fitness/fitness-demo/components/LargeTitle.tsx","statementMap":{"0":{"start":{"line":11,"column":24},"end":{"line":11,"column":40}},"1":{"start":{"line":12,"column":19},"end":{"line":12,"column":41}},"2":{"start":{"line":13,"column":22},"end":{"line":13,"column":52}},"3":{"start":{"line":15,"column":4},"end":{"line":20,"column":6}}},"fnMap":{"0":{"name":"LargeTitle","decl":{"start":{"line":10,"column":16},"end":{"line":10,"column":26}},"loc":{"start":{"line":10,"column":76},"end":{"line":21,"column":1}},"line":10}},"branchMap":{"0":{"loc":{"start":{"line":13,"column":22},"end":{"line":13,"column":52}},"type":"cond-expr","locations":[{"start":{"line":13,"column":31},"end":{"line":13,"column":40}},{"start":{"line":13,"column":43},"end":{"line":13,"column":52}}],"line":13}},"s":{"0":39,"1":39,"2":39,"3":39},"f":{"0":39},"b":{"0":[0,39]},"_coverageSchema":"1a1c01bbd47fc00a2c39e90264f33305004495a9","hash":"bfc86082da6b06675206d19239fc7a051e6d3e50"}
,"/Users/timyu/Desktop/fitness/fitness-demo/components/MoveItem.tsx": {"path":"/Users/timyu/Desktop/fitness/fitness-demo/components/MoveItem.tsx","statementMap":{"0":{"start":{"line":35,"column":24},"end":{"line":35,"column":87}},"1":{"start":{"line":35,"column":42},"end":{"line":35,"column":86}},"2":{"start":{"line":36,"column":24},"end":{"line":36,"column":40}},"3":{"start":{"line":37,"column":19},"end":{"line":37,"column":41}},"4":{"start":{"line":38,"column":22},"end":{"line":38,"column":48}},"5":{"start":{"line":39,"column":27},"end":{"line":39,"column":57}},"6":{"start":{"line":41,"column":4},"end":{"line":74,"column":6}}},"fnMap":{"0":{"name":"MoveItem","decl":{"start":{"line":34,"column":16},"end":{"line":34,"column":24}},"loc":{"start":{"line":34,"column":109},"end":{"line":75,"column":1}},"line":34},"1":{"name":"(anonymous_1)","decl":{"start":{"line":35,"column":36},"end":{"line":35,"column":37}},"loc":{"start":{"line":35,"column":42},"end":{"line":35,"column":86}},"line":35}},"branchMap":{"0":{"loc":{"start":{"line":35,"column":24},"end":{"line":35,"column":87}},"type":"binary-expr","locations":[{"start":{"line":35,"column":24},"end":{"line":35,"column":31}},{"start":{"line":35,"column":36},"end":{"line":35,"column":86}}],"line":35},"1":{"loc":{"start":{"line":38,"column":22},"end":{"line":38,"column":48}},"type":"cond-expr","locations":[{"start":{"line":38,"column":31},"end":{"line":38,"column":38}},{"start":{"line":38,"column":41},"end":{"line":38,"column":48}}],"line":38},"2":{"loc":{"start":{"line":39,"column":27},"end":{"line":39,"column":57}},"type":"cond-expr","locations":[{"start":{"line":39,"column":36},"end":{"line":39,"column":45}},{"start":{"line":39,"column":48},"end":{"line":39,"column":57}}],"line":39},"3":{"loc":{"start":{"line":60,"column":21},"end":{"line":64,"column":21}},"type":"binary-expr","locations":[{"start":{"line":60,"column":21},"end":{"line":60,"column":34}},{"start":{"line":61,"column":24},"end":{"line":63,"column":43}}],"line":60},"4":{"loc":{"start":{"line":66,"column":21},"end":{"line":70,"column":21}},"type":"binary-expr","locations":[{"start":{"line":66,"column":21},"end":{"line":66,"column":37}},{"start":{"line":67,"column":24},"end":{"line":69,"column":43}}],"line":66}},"s":{"0":16,"1":1,"2":16,"3":16,"4":16,"5":16,"6":16},"f":{"0":16,"1":1},"b":{"0":[16,15],"1":[1,15],"2":[1,15],"3":[16,1],"4":[16,11]},"_coverageSchema":"1a1c01bbd47fc00a2c39e90264f33305004495a9","hash":"c53f0d9039ec501fea8d563a27e400d9324ed00b"}
,"/Users/timyu/Desktop/fitness/fitness-demo/components/PoseDetectorCamera.tsx": {"path":"/Users/timyu/Desktop/fitness/fitness-demo/components/PoseDetectorCamera.tsx","statementMap":{"0":{"start":{"line":28,"column":34},"end":{"line":40,"column":2}},"1":{"start":{"line":32,"column":4},"end":{"line":39,"column":6}},"2":{"start":{"line":42,"column":15},"end":{"line":49,"column":2}}},"fnMap":{"0":{"name":"PoseDetectorCamera","decl":{"start":{"line":28,"column":48},"end":{"line":28,"column":66}},"loc":{"start":{"line":28,"column":142},"end":{"line":40,"column":1}},"line":28}},"branchMap":{"0":{"loc":{"start":{"line":28,"column":98},"end":{"line":28,"column":113}},"type":"default-arg","locations":[{"start":{"line":28,"column":107},"end":{"line":28,"column":113}}],"line":28}},"s":{"0":1,"1":3,"2":1},"f":{"0":3},"b":{"0":[2]},"_coverageSchema":"1a1c01bbd47fc00a2c39e90264f33305004495a9","hash":"191436e3cd5a6205c982179ff9b8f20799cc333b"}
,"/Users/timyu/Desktop/fitness/fitness-demo/components/SessionItem.tsx": {"path":"/Users/timyu/Desktop/fitness/fitness-demo/components/SessionItem.tsx","statementMap":{"0":{"start":{"line":35,"column":24},"end":{"line":35,"column":90}},"1":{"start":{"line":35,"column":42},"end":{"line":35,"column":89}},"2":{"start":{"line":36,"column":24},"end":{"line":36,"column":40}},"3":{"start":{"line":37,"column":19},"end":{"line":37,"column":41}},"4":{"start":{"line":38,"column":27},"end":{"line":38,"column":57}},"5":{"start":{"line":40,"column":4},"end":{"line":83,"column":6}}},"fnMap":{"0":{"name":"SessionItem","decl":{"start":{"line":34,"column":16},"end":{"line":34,"column":27}},"loc":{"start":{"line":34,"column":115},"end":{"line":84,"column":1}},"line":34},"1":{"name":"(anonymous_1)","decl":{"start":{"line":35,"column":36},"end":{"line":35,"column":37}},"loc":{"start":{"line":35,"column":42},"end":{"line":35,"column":89}},"line":35}},"branchMap":{"0":{"loc":{"start":{"line":35,"column":24},"end":{"line":35,"column":90}},"type":"binary-expr","locations":[{"start":{"line":35,"column":24},"end":{"line":35,"column":31}},{"start":{"line":35,"column":36},"end":{"line":35,"column":89}}],"line":35},"1":{"loc":{"start":{"line":38,"column":27},"end":{"line":38,"column":57}},"type":"cond-expr","locations":[{"start":{"line":38,"column":36},"end":{"line":38,"column":45}},{"start":{"line":38,"column":48},"end":{"line":38,"column":57}}],"line":38},"2":{"loc":{"start":{"line":65,"column":13},"end":{"line":69,"column":13}},"type":"binary-expr","locations":[{"start":{"line":65,"column":13},"end":{"line":65,"column":26}},{"start":{"line":66,"column":16},"end":{"line":68,"column":35}}],"line":65},"3":{"loc":{"start":{"line":71,"column":13},"end":{"line":75,"column":13}},"type":"binary-expr","locations":[{"start":{"line":71,"column":13},"end":{"line":71,"column":29}},{"start":{"line":72,"column":16},"end":{"line":74,"column":35}}],"line":71},"4":{"loc":{"start":{"line":77,"column":13},"end":{"line":81,"column":13}},"type":"binary-expr","locations":[{"start":{"line":77,"column":13},"end":{"line":77,"column":27}},{"start":{"line":77,"column":31},"end":{"line":77,"column":48}},{"start":{},"end":{}}],"line":77}},"s":{"0":7,"1":1,"2":7,"3":7,"4":7,"5":7},"f":{"0":7,"1":1},"b":{"0":[7,7],"1":[0,7],"2":[7,1],"3":[7,4],"4":[7,6,2]},"_coverageSchema":"1a1c01bbd47fc00a2c39e90264f33305004495a9","hash":"377f297ea43fb0c581e7d9003aa06752ce7a240c"}
,"/Users/timyu/Desktop/fitness/fitness-demo/components/StickyHeader.tsx": {"path":"/Users/timyu/Desktop/fitness/fitness-demo/components/StickyHeader.tsx","statementMap":{"0":{"start":{"line":12,"column":24},"end":{"line":12,"column":40}},"1":{"start":{"line":13,"column":19},"end":{"line":13,"column":41}},"2":{"start":{"line":14,"column":22},"end":{"line":14,"column":52}},"3":{"start":{"line":15,"column":20},"end":{"line":15,"column":50}},"4":{"start":{"line":17,"column":26},"end":{"line":21,"column":6}},"5":{"start":{"line":23,"column":4},"end":{"line":32,"column":6}}},"fnMap":{"0":{"name":"StickyHeader","decl":{"start":{"line":11,"column":16},"end":{"line":11,"column":28}},"loc":{"start":{"line":11,"column":82},"end":{"line":33,"column":1}},"line":11}},"branchMap":{"0":{"loc":{"start":{"line":14,"column":22},"end":{"line":14,"column":52}},"type":"cond-expr","locations":[{"start":{"line":14,"column":31},"end":{"line":14,"column":40}},{"start":{"line":14,"column":43},"end":{"line":14,"column":52}}],"line":14},"1":{"loc":{"start":{"line":15,"column":20},"end":{"line":15,"column":50}},"type":"cond-expr","locations":[{"start":{"line":15,"column":29},"end":{"line":15,"column":38}},{"start":{"line":15,"column":41},"end":{"line":15,"column":50}}],"line":15}},"s":{"0":39,"1":39,"2":39,"3":39,"4":39,"5":39},"f":{"0":39},"b":{"0":[0,39],"1":[0,39]},"_coverageSchema":"1a1c01bbd47fc00a2c39e90264f33305004495a9","hash":"8e156770e41eaa32d87585933866684ba8a82ee0"}
,"/Users/timyu/Desktop/fitness/fitness-demo/components/themed-text.tsx": {"path":"/Users/timyu/Desktop/fitness/fitness-demo/components/themed-text.tsx","statementMap":{"0":{"start":{"line":34,"column":16},"end":{"line":34,"column":77}},"1":{"start":{"line":36,"column":2},"end":{"line":49,"column":4}},"2":{"start":{"line":52,"column":15},"end":{"line":76,"column":2}}},"fnMap":{"0":{"name":"ThemedText","decl":{"start":{"line":27,"column":16},"end":{"line":27,"column":26}},"loc":{"start":{"line":33,"column":20},"end":{"line":50,"column":1}},"line":33}},"branchMap":{"0":{"loc":{"start":{"line":31,"column":2},"end":{"line":31,"column":18}},"type":"default-arg","locations":[{"start":{"line":31,"column":9},"end":{"line":31,"column":18}}],"line":31},"1":{"loc":{"start":{"line":40,"column":8},"end":{"line":40,"column":55}},"type":"cond-expr","locations":[{"start":{"line":40,"column":29},"end":{"line":40,"column":43}},{"start":{"line":40,"column":46},"end":{"line":40,"column":55}}],"line":40},"2":{"loc":{"start":{"line":41,"column":8},"end":{"line":41,"column":51}},"type":"cond-expr","locations":[{"start":{"line":41,"column":27},"end":{"line":41,"column":39}},{"start":{"line":41,"column":42},"end":{"line":41,"column":51}}],"line":41},"3":{"loc":{"start":{"line":42,"column":8},"end":{"line":42,"column":71}},"type":"cond-expr","locations":[{"start":{"line":42,"column":37},"end":{"line":42,"column":59}},{"start":{"line":42,"column":62},"end":{"line":42,"column":71}}],"line":42},"4":{"loc":{"start":{"line":43,"column":8},"end":{"line":43,"column":57}},"type":"cond-expr","locations":[{"start":{"line":43,"column":30},"end":{"line":43,"column":45}},{"start":{"line":43,"column":48},"end":{"line":43,"column":57}}],"line":43},"5":{"loc":{"start":{"line":44,"column":8},"end":{"line":44,"column":49}},"type":"cond-expr","locations":[{"start":{"line":44,"column":26},"end":{"line":44,"column":37}},{"start":{"line":44,"column":40},"end":{"line":44,"column":49}}],"line":44}},"s":{"0":2,"1":2,"2":1},"f":{"0":2},"b":{"0":[1],"1":[1,1],"2":[1,1],"3":[0,2],"4":[0,2],"5":[0,2]},"_coverageSchema":"1a1c01bbd47fc00a2c39e90264f33305004495a9","hash":"1e58439871ac6cecfa55630f7b0dfc54770fd046"}
,"/Users/timyu/Desktop/fitness/fitness-demo/components/themed-view.tsx": {"path":"/Users/timyu/Desktop/fitness/fitness-demo/components/themed-view.tsx","statementMap":{"0":{"start":{"line":25,"column":26},"end":{"line":25,"column":93}},"1":{"start":{"line":27,"column":2},"end":{"line":27,"column":71}}},"fnMap":{"0":{"name":"ThemedView","decl":{"start":{"line":24,"column":16},"end":{"line":24,"column":26}},"loc":{"start":{"line":24,"column":93},"end":{"line":28,"column":1}},"line":24}},"branchMap":{},"s":{"0":1,"1":1},"f":{"0":1},"b":{},"_coverageSchema":"1a1c01bbd47fc00a2c39e90264f33305004495a9","hash":"7e6a38af3b827a3da2ce35a0c4f9e7e96482d2c0"}
,"/Users/timyu/Desktop/fitness/fitness-demo/components/ui/Button.tsx": {"path":"/Users/timyu/Desktop/fitness/fitness-demo/components/ui/Button.tsx","statementMap":{"0":{"start":{"line":13,"column":4},"end":{"line":13,"column":33}},"1":{"start":{"line":36,"column":23},"end":{"line":36,"column":92}},"2":{"start":{"line":38,"column":21},"end":{"line":43,"column":5}},"3":{"start":{"line":45,"column":18},"end":{"line":49,"column":5}},"4":{"start":{"line":51,"column":23},"end":{"line":56,"column":5}},"5":{"start":{"line":58,"column":4},"end":{"line":66,"column":6}}},"fnMap":{"0":{"name":"cn","decl":{"start":{"line":12,"column":9},"end":{"line":12,"column":11}},"loc":{"start":{"line":12,"column":37},"end":{"line":14,"column":1}},"line":12},"1":{"name":"Button","decl":{"start":{"line":35,"column":16},"end":{"line":35,"column":22}},"loc":{"start":{"line":35,"column":124},"end":{"line":67,"column":1}},"line":35}},"branchMap":{"0":{"loc":{"start":{"line":35,"column":36},"end":{"line":35,"column":55}},"type":"default-arg","locations":[{"start":{"line":35,"column":46},"end":{"line":35,"column":55}}],"line":35},"1":{"loc":{"start":{"line":35,"column":57},"end":{"line":35,"column":73}},"type":"default-arg","locations":[{"start":{"line":35,"column":64},"end":{"line":35,"column":73}}],"line":35},"2":{"loc":{"start":{"line":63,"column":13},"end":{"line":63,"column":57}},"type":"binary-expr","locations":[{"start":{"line":63,"column":13},"end":{"line":63,"column":17}},{"start":{},"end":{}}],"line":63}},"s":{"0":146,"1":73,"2":73,"3":73,"4":73,"5":73},"f":{"0":146,"1":73},"b":{"0":[69],"1":[73],"2":[73,0]},"_coverageSchema":"1a1c01bbd47fc00a2c39e90264f33305004495a9","hash":"c33338fff69e31122ab6d236f05667a306442c06"}
,"/Users/timyu/Desktop/fitness/fitness-demo/components/ui/Input.tsx": {"path":"/Users/timyu/Desktop/fitness/fitness-demo/components/ui/Input.tsx","statementMap":{"0":{"start":{"line":14,"column":4},"end":{"line":14,"column":33}},"1":{"start":{"line":33,"column":24},"end":{"line":33,"column":40}},"2":{"start":{"line":34,"column":19},"end":{"line":34,"column":41}},"3":{"start":{"line":35,"column":29},"end":{"line":35,"column":53}},"4":{"start":{"line":36,"column":22},"end":{"line":36,"column":46}},"5":{"start":{"line":38,"column":4},"end":{"line":63,"column":6}}},"fnMap":{"0":{"name":"cn","decl":{"start":{"line":13,"column":9},"end":{"line":13,"column":11}},"loc":{"start":{"line":13,"column":30},"end":{"line":15,"column":1}},"line":13},"1":{"name":"Input","decl":{"start":{"line":32,"column":16},"end":{"line":32,"column":21}},"loc":{"start":{"line":32,"column":79},"end":{"line":64,"column":1}},"line":32}},"branchMap":{"0":{"loc":{"start":{"line":35,"column":29},"end":{"line":35,"column":53}},"type":"cond-expr","locations":[{"start":{"line":35,"column":38},"end":{"line":35,"column":44}},{"start":{"line":35,"column":47},"end":{"line":35,"column":53}}],"line":35},"1":{"loc":{"start":{"line":36,"column":22},"end":{"line":36,"column":46}},"type":"cond-expr","locations":[{"start":{"line":36,"column":31},"end":{"line":36,"column":37}},{"start":{"line":36,"column":40},"end":{"line":36,"column":46}}],"line":36},"2":{"loc":{"start":{"line":40,"column":13},"end":{"line":40,"column":100}},"type":"binary-expr","locations":[{"start":{"line":40,"column":13},"end":{"line":40,"column":18}},{"start":{},"end":{}}],"line":40},"3":{"loc":{"start":{"line":45,"column":16},"end":{"line":45,"column":41}},"type":"binary-expr","locations":[{"start":{"line":45,"column":16},"end":{"line":45,"column":21}},{"start":{"line":45,"column":25},"end":{"line":45,"column":41}}],"line":45},"4":{"loc":{"start":{"line":49,"column":17},"end":{"line":51,"column":17}},"type":"binary-expr","locations":[{"start":{"line":49,"column":17},"end":{"line":49,"column":21}},{"start":{"line":50,"column":20},"end":{"line":50,"column":100}}],"line":49},"5":{"loc":{"start":{"line":61,"column":13},"end":{"line":61,"column":80}},"type":"binary-expr","locations":[{"start":{"line":61,"column":13},"end":{"line":61,"column":18}},{"start":{},"end":{}}],"line":61}},"s":{"0":152,"1":152,"2":152,"3":152,"4":152,"5":152},"f":{"0":152,"1":152},"b":{"0":[0,152],"1":[0,152],"2":[152,2],"3":[152,1],"4":[152,150],"5":[152,1]},"_coverageSchema":"1a1c01bbd47fc00a2c39e90264f33305004495a9","hash":"0893019f043f6910bdd26a462c3db1752af60156"}
[...]
":{"start":{"line":13,"column":15},"end":{"line":16,"column":2}},"1":{"start":{"line":20,"column":0},"end":{"line":106,"column":35}},"2":{"start":{"line":22,"column":4},"end":{"line":22,"column":59}},"3":{"start":{"line":22,"column":33},"end":{"line":22,"column":57}},"4":{"start":{"line":24,"column":28},"end":{"line":24,"column":34}},"5":{"start":{"line":25,"column":4},"end":{"line":25,"column":61}},"6":{"start":{"line":28,"column":4},"end":{"line":61,"column":5}},"7":{"start":{"line":29,"column":49},"end":{"line":29,"column":66}},"8":{"start":{"line":32,"column":8},"end":{"line":46,"column":9}},"9":{"start":{"line":33,"column":30},"end":{"line":39,"column":13}},"10":{"start":{"line":40,"column":12},"end":{"line":45,"column":14}},"11":{"start":{"line":48,"column":25},"end":{"line":54,"column":9}},"12":{"start":{"line":55,"column":8},"end":{"line":60,"column":10}},"13":{"start":{"line":64,"column":4},"end":{"line":76,"column":5}},"14":{"start":{"line":65,"column":26},"end":{"line":69,"column":9}},"15":{"start":{"line":70,"column":8},"end":{"line":75,"column":10}},"16":{"start":{"line":79,"column":4},"end":{"line":86,"column":5}},"17":{"start":{"line":80,"column":8},"end":{"line":85,"column":10}},"18":{"start":{"line":89,"column":4},"end":{"line":91,"column":5}},"19":{"start":{"line":90,"column":8},"end":{"line":90,"column":69}},"20":{"start":{"line":94,"column":4},"end":{"line":96,"column":5}},"21":{"start":{"line":95,"column":8},"end":{"line":95,"column":81}},"22":{"start":{"line":99,"column":4},"end":{"line":101,"column":5}},"23":{"start":{"line":100,"column":8},"end":{"line":100,"column":69}},"24":{"start":{"line":104,"column":4},"end":{"line":104,"column":57}},"25":{"start":{"line":105,"column":4},"end":{"line":105,"column":102}},"26":{"start":{"line":106,"column":12},"end":{"line":106,"column":33}},"27":{"start":{"line":112,"column":0},"end":{"line":122,"column":3}},"28":{"start":{"line":113,"column":4},"end":{"line":120,"column":5}},"29":{"start":{"line":114,"column":22},"end":{"line":114,"column":66}},"30":{"start":{"line":115,"column":8},"end":{"line":117,"column":9}},"31":{"start":{"line":116,"column":12},"end":{"line":116,"column":61}},"32":{"start":{"line":119,"column":8},"end":{"line":119,"column":48}},"33":{"start":{"line":121,"column":4},"end":{"line":121,"column":18}},"34":{"start":{"line":129,"column":0},"end":{"line":138,"column":2}},"35":{"start":{"line":130,"column":18},"end":{"line":130,"column":26}},"36":{"start":{"line":132,"column":8},"end":{"line":135,"column":9}},"37":{"start":{"line":134,"column":12},"end":{"line":134,"column":60}},"38":{"start":{"line":136,"column":8},"end":{"line":136,"column":37}}},"fnMap":{"0":{"name":"(anonymous_0)","decl":{"start":{"line":20,"column":32},"end":{"line":20,"column":33}},"loc":{"start":{"line":20,"column":50},"end":{"line":106,"column":1}},"line":20},"1":{"name":"(anonymous_1)","decl":{"start":{"line":22,"column":22},"end":{"line":22,"column":23}},"loc":{"start":{"line":22,"column":33},"end":{"line":22,"column":57}},"line":22},"2":{"name":"(anonymous_2)","decl":{"start":{"line":106,"column":3},"end":{"line":106,"column":4}},"loc":{"start":{"line":106,"column":12},"end":{"line":106,"column":33}},"line":106},"3":{"name":"(anonymous_3)","decl":{"start":{"line":112,"column":32},"end":{"line":112,"column":33}},"loc":{"start":{"line":112,"column":50},"end":{"line":122,"column":1}},"line":112},"4":{"name":"(anonymous_4)","decl":{"start":{"line":130,"column":4},"end":{"line":130,"column":5}},"loc":{"start":{"line":130,"column":18},"end":{"line":130,"column":26}},"line":130},"5":{"name":"(anonymous_5)","decl":{"start":{"line":131,"column":4},"end":{"line":131,"column":5}},"loc":{"start":{"line":131,"column":21},"end":{"line":137,"column":5}},"line":131}},"branchMap":{"0":{"loc":{"start":{"line":28,"column":4},"end":{"line":61,"column":5}},"type":"if","locations":[{"start":{"line":28,"column":4},"end":{"line":61,"column":5}},{"start":{},"end":{}}],"line":28},"1":{"loc":{"start":{"line":28,"column":8},"end":{"line":28,"column":48}},"type":"binary-expr","locations":[{"start":{"line":28,"column":8},"end":{"line":28,"column":27}},{"start":{"line":28,"column":31},"end":{"line":28,"column":48}}],"line":28},"2":{"loc":{"start":{"line":29,"column":49},"end":{"line":29,"column":66}},"type":"binary-expr","locations":[{"start":{"line":29,"column":49},"end":{"line":29,"column":60}},{"start":{"line":29,"column":64},"end":{"line":29,"column":66}}],"line":29},"3":{"loc":{"start":{"line":32,"column":8},"end":{"line":46,"column":9}},"type":"if","locations":[{"start":{"line":32,"column":8},"end":{"line":46,"column":9}},{"start":{},"end":{}}],"line":32},"4":{"loc":{"start":{"line":32,"column":12},"end":{"line":32,"column":94}},"type":"binary-expr","locations":[{"start":{"line":32,"column":13},"end":{"line":32,"column":29}},{"start":{"line":32,"column":33},"end":{"line":32,"column":48}},{"start":{"line":32,"column":54},"end":{"line":32,"column":70}},{"start":{"line":32,"column":74},"end":{"line":32,"column":93}}],"line":32},"5":{"loc":{"start":{"line":64,"column":4},"end":{"line":76,"column":5}},"type":"if","locations":[{"start":{"line":64,"column":4},"end":{"line":76,"column":5}},{"start":{},"end":{}}],"line":64},"6":{"loc":{"start":{"line":64,"column":8},"end":{"line":64,"column":50}},"type":"binary-expr","locations":[{"start":{"line":64,"column":8},"end":{"line":64,"column":30}},{"start":{"line":64,"column":34},"end":{"line":64,"column":50}}],"line":64},"7":{"loc":{"start":{"line":79,"column":4},"end":{"line":86,"column":5}},"type":"if","locations":[{"start":{"line":79,"column":4},"end":{"line":86,"column":5}},{"start":{},"end":{}}],"line":79},"8":{"loc":{"start":{"line":79,"column":8},"end":{"line":79,"column":52}},"type":"binary-expr","locations":[{"start":{"line":79,"column":8},"end":{"line":79,"column":31}},{"start":{"line":79,"column":35},"end":{"line":79,"column":52}}],"line":79},"9":{"loc":{"start":{"line":89,"column":4},"end":{"line":91,"column":5}},"type":"if","locations":[{"start":{"line":89,"column":4},"end":{"line":91,"column":5}},{"start":{},"end":{}}],"line":89},"10":{"loc":{"start":{"line":94,"column":4},"end":{"line":96,"column":5}},"type":"if","locations":[{"start":{"line":94,"column":4},"end":{"line":96,"column":5}},{"start":{},"end":{}}],"line":94},"11":{"loc":{"start":{"line":99,"column":4},"end":{"line":101,"column":5}},"type":"if","locations":[{"start":{"line":99,"column":4},"end":{"line":101,"column":5}},{"start":{},"end":{}}],"line":99},"12":{"loc":{"start":{"line":115,"column":8},"end":{"line":117,"column":9}},"type":"if","locations":[{"start":{"line":115,"column":8},"end":{"line":117,"column":9}},{"start":{},"end":{}}],"line":115},"13":{"loc":{"start":{"line":132,"column":8},"end":{"line":135,"column":9}},"type":"if","locations":[{"start":{"line":132,"column":8},"end":{"line":135,"column":9}},{"start":{},"end":{}}],"line":132}},"s":{"0":7,"1":7,"2":6,"3":6,"4":6,"5":6,"6":6,"7":2,"8":2,"9":1,"10":1,"11":1,"12":1,"13":4,"14":2,"15":2,"16":2,"17":1,"18":1,"19":0,"20":1,"21":0,"22":1,"23":0,"24":1,"25":1,"26":0,"27":7,"28":6,"29":6,"30":6,"31":1,"32":0,"33":6,"34":7,"35":0,"36":6,"37":0,"38":6},"f":{"0":6,"1":6,"2":0,"3":6,"4":0,"5":6},"b":{"0":[2,4],"1":[6,2],"2":[2,0],"3":[1,1],"4":[2,1,1,0],"5":[2,2],"6":[4,2],"7":[1,1],"8":[2,1],"9":[0,1],"10":[0,1],"11":[0,1],"12":[1,5],"13":[0,6]},"_coverageSchema":"1a1c01bbd47fc00a2c39e90264f33305004495a9","hash":"20f08636184050209e8bb70e2dc97657b79dccd6"}
,"/Users/timyu/Desktop/fitness/fitness-demo/store/library.ts": {"path":"/Users/timyu/Desktop/fitness/fitness-demo/store/library.ts","statementMap":{"0":{"start":{"line":47,"column":19},"end":{"line":47,"column":72}},"1":{"start":{"line":47,"column":34},"end":{"line":47,"column":72}},"2":{"start":{"line":51,"column":37},"end":{"line":92,"column":1}},"3":{"start":{"line":94,"column":43},"end":{"line":115,"column":1}},"4":{"start":{"line":124,"column":20},"end":{"line":124,"column":38}},"5":{"start":{"line":125,"column":26},"end":{"line":125,"column":47}},"6":{"start":{"line":126,"column":32},"end":{"line":126,"column":34}},"7":{"start":{"line":134,"column":8},"end":{"line":173,"column":9}},"8":{"start":{"line":135,"column":28},"end":{"line":135,"column":62}},"9":{"start":{"line":137,"column":12},"end":{"line":140,"column":13}},"10":{"start":{"line":138,"column":29},"end":{"line":138,"column":48}},"11":{"start":{"line":139,"column":16},"end":{"line":139,"column":55}},"12":{"start":{"line":142,"column":25},"end":{"line":142,"column":75}},"13":{"start":{"line":143,"column":12},"end":{"line":170,"column":13}},"14":{"start":{"line":144,"column":16},"end":{"line":155,"column":17}},"15":{"start":{"line":146,"column":20},"end":{"line":154,"column":23}},"16":{"start":{"line":147,"column":41},"end":{"line":147,"column":82}},"17":{"start":{"line":147,"column":62},"end":{"line":147,"column":81}},"18":{"start":{"line":148,"column":24},"end":{"line":153,"column":26}},"19":{"start":{"line":156,"column":16},"end":{"line":168,"column":17}},"20":{"start":{"line":157,"column":20},"end":{"line":167,"column":23}},"21":{"start":{"line":158,"column":41},"end":{"line":158,"column":88}},"22":{"start":{"line":158,"column":65},"end":{"line":158,"column":87}},"23":{"start":{"line":159,"column":24},"end":{"line":166,"column":26}},"24":{"start":{"line":169,"column":16},"end":{"line":169,"column":30}},"25":{"start":{"line":172,"column":12},"end":{"line":172,"column":57}},"26":{"start":{"line":180,"column":8},"end":{"line":180,"column":26}},"27":{"start":{"line":187,"column":8},"end":{"line":187,"column":29}},"28":{"start":{"line":195,"column":24},"end":{"line":195,"column":67}},"29":{"start":{"line":195,"column":48},"end":{"line":195,"column":66}},"30":{"start":{"line":196,"column":8},"end":{"line":196,"column":32}},"31":{"start":{"line":196,"column":22},"end":{"line":196,"column":32}},"32":{"start":{"line":197,"column":8},"end":{"line":197,"column":102}},"33":{"start":{"line":197,"column":41},"end":{"line":197,"column":74}},"34":{"start":{"line":197,"column":62},"end":{"line":197,"column":73}},"35":{"start":{"line":205,"column":21},"end":{"line":205,"column":54}},"36":{"start":{"line":205,"column":42},"end":{"line":205,"column":53}},"37":{"start":{"line":206,"column":8},"end":{"line":209,"column":9}},"38":{"start":{"line":207,"column":12},"end":{"line":207,"column":45}},"39":{"start":{"line":208,"column":12},"end":{"line":208,"column":26}},"40":{"start":{"line":217,"column":24},"end":{"line":217,"column":60}},"41":{"start":{"line":217,"column":48},"end":{"line":217,"column":59}},"42":{"start":{"line":218,"column":8},"end":{"line":221,"column":9}},"43":{"start":{"line":219,"column":12},"end":{"line":219,"column":51}},"44":{"start":{"line":220,"column":12},"end":{"line":220,"column":26}},"45":{"start":{"line":230,"column":8},"end":{"line":230,"column":38}},"46":{"start":{"line":231,"column":8},"end":{"line":233,"column":10}},"47":{"start":{"line":232,"column":12},"end":{"line":232,"column":72}},"48":{"start":{"line":232,"column":56},"end":{"line":232,"column":70}},"49":{"start":{"line":241,"column":8},"end":{"line":241,"column":41}},"50":{"start":{"line":241,"column":36},"end":{"line":241,"column":39}},"51":{"start":{"line":246,"column":28},"end":{"line":246,"column":46}}},"fnMap":{"0":{"name":"(anonymous_0)","decl":{"start":{"line":47,"column":19},"end":{"line":47,"column":20}},"loc":{"start":{"line":47,"column":34},"end":{"line":47,"column":72}},"line":47},"1":{"name":"(anonymous_1)","decl":{"start":{"line":133,"column":4},"end":{"line":133,"column":5}},"loc":{"start":{"line":133,"column":17},"end":{"line":174,"column":5}},"line":133},"2":{"name":"(anonymous_2)","decl":{"start":{"line":146,"column":48},"end":{"line":146,"column":49}},"loc":{"start":{"line":146,"column":59},"end":{"line":154,"column":21}},"line":146},"3":{"name":"(anonymous_3)","decl":{"start":{"line":147,"column":57},"end":{"line":147,"column":58}},"loc":{"start":{"line":147,"column":62},"end":{"line":147,"column":81}},"line":147},"4":{"name":"(anonymous_4)","decl":{"start":{"line":157,"column":54},"end":{"line":157,"column":55}},"loc":{"start":{"line":157,"column":68},"end":{"line":167,"column":21}},"line":157},"5":{"name":"(anonymous_5)","decl":{"start":{"line":158,"column":60},"end":{"line":158,"column":61}},"loc":{"start":{"line":158,"column":65},"end":{"line":158,"column":87}},"line":158},"6":{"name":"(anonymous_6)","decl":{"start":{"line":179,"column":4},"end":{"line":179,"column":5}},"loc":{"start":{"line":179,"column":15},"end":{"line":181,"column":5}},"line":179},"7":{"name":"(anonymous_7)","decl":{"start":{"line":186,"column":4},"end":{"line":186,"column":5}},"loc":{"start":{"line":186,"column":18},"end":{"line":188,"column":5}},"line":186},"8":{"name":"(anonymous_8)","decl":{"start":{"line":194,"column":4},"end":{"line":194,"column":5}},"loc":{"start":{"line":194,"column":47},"end":{"line":198,"column":5}},"line":194},"9":{"name":"(anonymous_9)","decl":{"start":{"line":195,"column":43},"end":{"line":195,"column":44}},"loc":{"start":{"line":195,"column":48},"end":{"line":195,"column":66}},"line":195},"10":{"name":"(anonymous_10)","decl":{"start":{"line":197,"column":35},"end":{"line":197,"column":36}},"loc":{"start":{"line":197,"column":41},"end":{"line":197,"column":74}},"line":197},"11":{"name":"(anonymous_11)","decl":{"start":{"line":197,"column":57},"end":{"line":197,"column":58}},"loc":{"start":{"line":197,"column":62},"end":{"line":197,"column":73}},"line":197},"12":{"name":"(anonymous_12)","decl":{"start":{"line":204,"column":4},"end":{"line":204,"column":5}},"loc":{"start":{"line":204,"column":37},"end":{"line":210,"column":5}},"line":204},"13":{"name":"(anonymous_13)","decl":{"start":{"line":205,"column":37},"end":{"line":205,"column":38}},"loc":{"start":{"line":205,"column":42},"end":{"line":205,"column":53}},"line":205},"14":{"name":"(anonymous_14)","decl":{"start":{"line":216,"column":4},"end":{"line":216,"column":5}},"loc":{"start":{"line":216,"column":40},"end":{"line":222,"column":5}},"line":216},"15":{"name":"(anonymous_15)","decl":{"start":{"line":217,"column":43},"end":{"line":217,"column":44}},"loc":{"start":{"line":217,"column":48},"end":{"line":217,"column":59}},"line":217},"16":{"name":"(anonymous_16)","decl":{"start":{"line":229,"column":4},"end":{"line":229,"column":5}},"loc":{"start":{"line":229,"column":36},"end":{"line":234,"column":5}},"line":229},"17":{"name":"(anonymous_17)","decl":{"start":{"line":231,"column":15},"end":{"line":231,"column":16}},"loc":{"start":{"line":231,"column":21},"end":{"line":233,"column":9}},"line":231},"18":{"name":"(anonymous_18)","decl":{"start":{"line":232,"column":51},"end":{"line":232,"column":52}},"loc":{"start":{"line":232,"column":56},"end":{"line":232,"column":70}},"line":232},"19":{"name":"(anonymous_19)","decl":{"start":{"line":240,"column":4},"end":{"line":240,"column":5}},"loc":{"start":{"line":240,"column":13},"end":{"line":242,"column":5}},"line":240},"20":{"name":"(anonymous_20)","decl":{"start":{"line":241,"column":31},"end":{"line":241,"column":32}},"loc":{"start":{"line":241,"column":36},"end":{"line":241,"column":39}},"line":241}},"branchMap":{"0":{"loc":{"start":{"line":137,"column":12},"end":{"line":140,"column":13}},"type":"if","locations":[{"start":{"line":137,"column":12},"end":{"line":140,"column":13}},{"start":{},"end":{}}],"line":137},"1":{"loc":{"start":{"line":143,"column":12},"end":{"line":170,"column":13}},"type":"if","locations":[{"start":{"line":143,"column":12},"end":{"line":170,"column":13}},{"start":{},"end":{}}],"line":143},"2":{"loc":{"start":{"line":144,"column":16},"end":{"line":155,"column":17}},"type":"if","locations":[{"start":{"line":144,"column":16},"end":{"line":155,"column":17}},{"start":{},"end":{}}],"line":144},"3":{"loc":{"start":{"line":150,"column":39},"end":{"line":150,"column":106}},"type":"cond-expr","locations":[{"start":{"line":150,"column":50},"end":{"line":150,"column":68}},{"start":{"line":150,"column":71},"end":{"line":150,"column":106}}],"line":150},"4":{"loc":{"start":{"line":150,"column":71},"end":{"line":150,"column":106}},"type":"binary-expr","locations":[{"start":{"line":150,"column":71},"end":{"line":150,"column":97}},{"start":{"line":150,"column":101},"end":{"line":150,"column":106}}],"line":150},"5":{"loc":{"start":{"line":151,"column":35},"end":{"line":151,"column":66}},"type":"binary-expr","locations":[{"start":{"line":151,"column":35},"end":{"line":151,"column":57}},{"start":{"line":151,"column":61},"end":{"line":151,"column":66}}],"line":151},"6":{"loc":{"start":{"line":152,"column":34},"end":{"line":152,"column":71}},"type":"binary-expr","locations":[{"start":{"line":152,"column":34},"end":{"line":152,"column":55}},{"start":{"line":152,"column":59},"end":{"line":152,"column":71}}],"line":152},"7":{"loc":{"start":{"line":156,"column":16},"end":{"line":168,"column":17}},"type":"if","locations":[{"start":{"line":156,"column":16},"end":{"line":168,"column":17}},{"start":{},"end":{}}],"line":156},"8":{"loc":{"start":{"line":161,"column":39},"end":{"line":161,"column":109}},"type":"cond-expr","locations":[{"start":{"line":161,"column":50},"end":{"line":161,"column":68}},{"start":{"line":161,"column":71},"end":{"line":161,"column":109}}],"line":161},"9":{"loc":{"start":{"line":161,"column":71},"end":{"line":161,"column":109}},"type":"binary-expr","locations":[{"start":{"line":161,"column":71},"end":{"line":161,"column":100}},{"start":{"line":161,"column":104},"end":{"line":161,"column":109}}],"line":161},"10":{"loc":{"start":{"line":162,"column":34},"end":{"line":162,"column":89}},"type":"binary-expr","locations":[{"start":{"line":162,"column":34},"end":{"line":162,"column":58}},{"start":{"line":162,"column":62},"end":{"line":162,"column":89}}],"line":162},"11":{"loc":{"start":{"line":163,"column":35},"end":{"line":163,"column":70}},"type":"binary-expr","locations":[{"start":{"line":163,"column":35},"end":{"line":163,"column":60}},{"start":{"line":163,"column":64},"end":{"line":163,"column":70}}],"line":163},"12":{"loc":{"start":{"line":164,"column":35},"end":{"line":164,"column":73}},"type":"binary-expr","locations":[{"start":{"line":164,"column":35},"end":{"line":164,"column":60}},{"start":{"line":164,"column":64},"end":{"line":164,"column":73}}],"line":164},"13":{"loc":{"start":{"line":165,"column":37},"end":{"line":165,"column":70}},"type":"binary-expr","locations":[{"start":{"line":165,"column":37},"end":{"line":165,"column":64}},{"start":{"line":165,"column":68},"end":{"line":165,"column":70}}],"line":165},"14":{"loc":{"start":{"line":196,"column":8},"end":{"line":196,"column":32}},"type":"if","locations":[{"start":{"line":196,"column":8},"end":{"line":196,"column":32}},{"start":{},"end":{}}],"line":196},"15":{"loc":{"start":{"line":206,"column":8},"end":{"line":209,"column":9}},"type":"if","locations":[{"start":{"line":206,"column":8},"end":{"line":209,"column":9}},{"start":{},"end":{}}],"line":206},"16":{"loc":{"start":{"line":218,"column":8},"end":{"line":221,"column":9}},"type":"if","locations":[{"start":{"line":218,"column":8},"end":{"line":221,"column":9}},{"start":{},"end":{}}],"line":218}},"s":{"0":2,"1":0,"2":2,"3":2,"4":2,"5":2,"6":2,"7":5,"8":5,"9":5,"10":1,"11":1,"12":5,"13":5,"14":4,"15":3,"16":3,"17":81,"18":3,"19":4,"20":3,"21":2,"22":6,"23":2,"24":4,"25":0,"26":10,"27":5,"28":2,"29":6,"30":2,"31":1,"32":1,"33":4,"34":33,"35":6,"36":6,"37":6,"38":5,"39":5,"40":3,"41":3,"42":3,"43":2,"44":2,"45":5,"46":5,"47":3,"48":3,"49":12,"50":3,"51":2},"f":{"0":0,"1":5,"2":3,"3":81,"4":2,"5":6,"6":10,"7":5,"8":2,"9":6,"10":4,"11":33,"12":6,"13":6,"14":3,"15":3,"16":5,"17":3,"18":3,"19":12,"20":3},"b":{"0":[1,4],"1":[4,1],"2":[3,1],"3":[0,3],"4":[3,2],"5":[3,2],"6":[3,2],"7":[3,1],"8":[0,2],"9":[2,1],"10":[2,1],"11":[2,1],"12":[2,1],"13":[2,1],"14":[1,1],"15":[5,1],"16":[2,1]},"_coverageSchema":"1a1c01bbd47fc00a2c39e90264f33305004495a9","hash":"1f698845c9257dc3c7b9796c545686043dec6a69"}
}
