{"/Users/timyu/Desktop/fitness/fitness-demo/app/add-move.tsx": {"path":"/Users/timyu/Desktop/fitness/fitness-demo/app/add-move.tsx","statementMap":{"0":{"start":{"line":11,"column":30},"end":{"line":11,"column":97}},"1":{"start":{"line":11,"column":83},"end":{"line":11,"column":95}},"2":{"start":{"line":12,"column":24},"end":{"line":12,"column":40}},"3":{"start":{"line":13,"column":19},"end":{"line":13,"column":41}},"4":{"start":{"line":15,"column":22},"end":{"line":18,"column":5}},"5":{"start":{"line":16,"column":8},"end":{"line":16,"column":46}},"6":{"start":{"line":17,"column":8},"end":{"line":17,"column":22}},"7":{"start":{"line":20,"column":4},"end":{"line":57,"column":6}},"8":{"start":{"line":28,"column":39},"end":{"line":28,"column":43}},"9":{"start":{"line":40,"column":50},"end":{"line":40,"column":57}},"10":{"start":{"line":43,"column":32},"end":{"line":50,"column":39}},"11":{"start":{"line":48,"column":53},"end":{"line":48,"column":71}}},"fnMap":{"0":{"name":"AddMoveScreen","decl":{"start":{"line":9,"column":24},"end":{"line":9,"column":37}},"loc":{"start":{"line":9,"column":40},"end":{"line":58,"column":1}},"line":9},"1":{"name":"(anonymous_1)","decl":{"start":{"line":11,"column":78},"end":{"line":11,"column":79}},"loc":{"start":{"line":11,"column":83},"end":{"line":11,"column":95}},"line":11},"2":{"name":"(anonymous_2)","decl":{"start":{"line":15,"column":22},"end":{"line":15,"column":23}},"loc":{"start":{"line":15,"column":38},"end":{"line":18,"column":5}},"line":15},"3":{"name":"(anonymous_3)","decl":{"start":{"line":28,"column":33},"end":{"line":28,"column":34}},"loc":{"start":{"line":28,"column":39},"end":{"line":28,"column":43}},"line":28},"4":{"name":"(anonymous_4)","decl":{"start":{"line":40,"column":42},"end":{"line":40,"column":43}},"loc":{"start":{"line":40,"column":50},"end":{"line":40,"column":57}},"line":40},"5":{"name":"(anonymous_5)","decl":{"start":{"line":42,"column":40},"end":{"line":42,"column":41}},"loc":{"start":{"line":43,"column":32},"end":{"line":50,"column":39}},"line":43},"6":{"name":"(anonymous_6)","decl":{"start":{"line":46,"column":49},"end":{"line":46,"column":50}},"loc":{"start":{"line":46,"column":55},"end":{"line":46,"column":58}},"line":46},"7":{"name":"(anonymous_7)","decl":{"start":{"line":48,"column":47},"end":{"line":48,"column":48}},"loc":{"start":{"line":48,"column":53},"end":{"line":48,"column":71}},"line":48}},"branchMap":{"0":{"loc":{"start":{"line":25,"column":52},"end":{"line":25,"column":82}},"type":"cond-expr","locations":[{"start":{"line":25,"column":61},"end":{"line":25,"column":70}},{"start":{"line":25,"column":73},"end":{"line":25,"column":82}}],"line":25},"1":{"loc":{"start":{"line":26,"column":37},"end":{"line":26,"column":61}},"type":"cond-expr","locations":[{"start":{"line":26,"column":46},"end":{"line":26,"column":52}},{"start":{"line":26,"column":55},"end":{"line":26,"column":61}}],"line":26},"2":{"loc":{"start":{"line":31,"column":17},"end":{"line":54,"column":17}},"type":"cond-expr","locations":[{"start":{},"end":{}},{"start":{"line":36,"column":20},"end":{"line":53,"column":27}}],"line":31}},"s":{"0":2,"1":2,"2":2,"3":2,"4":2,"5":1,"6":1,"7":2,"8":0,"9":12,"10":1,"11":1},"f":{"0":2,"1":2,"2":1,"3":0,"4":12,"5":1,"6":0,"7":1},"b":{"0":[0,2],"1":[0,2],"2":[1,1]},"_coverageSchema":"1a1c01bbd47fc00a2c39e90264f33305004495a9","hash":"5da9601ef7d381096dbdeefb597266c8a11f8f7a"}
,"/Users/timyu/Desktop/fitness/fitness-demo/app/add-session.tsx": {"path":"/Users/timyu/Desktop/fitness/fitness-demo/app/add-session.tsx","statementMap":{"0":{"start":{"line":10,"column":36},"end":{"line":10,"column":109}},"1":{"start":{"line":10,"column":95},"end":{"line":10,"column":107}},"2":{"start":{"line":11,"column":24},"end":{"line":11,"column":40}},"3":{"start":{"line":12,"column":19},"end":{"line":12,"column":41}},"4":{"start":{"line":14,"column":22},"end":{"line":17,"column":5}},"5":{"start":{"line":15,"column":8},"end":{"line":15,"column":49}},"6":{"start":{"line":16,"column":8},"end":{"line":16,"column":22}},"7":{"start":{"line":19,"column":4},"end":{"line":50,"column":6}},"8":{"start":{"line":27,"column":39},"end":{"line":27,"column":43}},"9":{"start":{"line":37,"column":46},"end":{"line":37,"column":53}},"10":{"start":{"line":39,"column":28},"end":{"line":44,"column":30}},"11":{"start":{"line":43,"column":45},"end":{"line":43,"column":63}}},"fnMap":{"0":{"name":"AddSessionScreen","decl":{"start":{"line":8,"column":24},"end":{"line":8,"column":40}},"loc":{"start":{"line":8,"column":43},"end":{"line":51,"column":1}},"line":8},"1":{"name":"(anonymous_1)","decl":{"start":{"line":10,"column":90},"end":{"line":10,"column":91}},"loc":{"start":{"line":10,"column":95},"end":{"line":10,"column":107}},"line":10},"2":{"name":"(anonymous_2)","decl":{"start":{"line":14,"column":22},"end":{"line":14,"column":23}},"loc":{"start":{"line":14,"column":38},"end":{"line":17,"column":5}},"line":14},"3":{"name":"(anonymous_3)","decl":{"start":{"line":27,"column":33},"end":{"line":27,"column":34}},"loc":{"start":{"line":27,"column":39},"end":{"line":27,"column":43}},"line":27},"4":{"name":"(anonymous_4)","decl":{"start":{"line":37,"column":38},"end":{"line":37,"column":39}},"loc":{"start":{"line":37,"column":46},"end":{"line":37,"column":53}},"line":37},"5":{"name":"(anonymous_5)","decl":{"start":{"line":38,"column":36},"end":{"line":38,"column":37}},"loc":{"start":{"line":39,"column":28},"end":{"line":44,"column":30}},"line":39},"6":{"name":"(anonymous_6)","decl":{"start":{"line":41,"column":41},"end":{"line":41,"column":42}},"loc":{"start":{"line":41,"column":47},"end":{"line":41,"column":50}},"line":41},"7":{"name":"(anonymous_7)","decl":{"start":{"line":43,"column":39},"end":{"line":43,"column":40}},"loc":{"start":{"line":43,"column":45},"end":{"line":43,"column":63}},"line":43}},"branchMap":{"0":{"loc":{"start":{"line":24,"column":52},"end":{"line":24,"column":82}},"type":"cond-expr","locations":[{"start":{"line":24,"column":61},"end":{"line":24,"column":70}},{"start":{"line":24,"column":73},"end":{"line":24,"column":82}}],"line":24},"1":{"loc":{"start":{"line":25,"column":37},"end":{"line":25,"column":61}},"type":"cond-expr","locations":[{"start":{"line":25,"column":46},"end":{"line":25,"column":52}},{"start":{"line":25,"column":55},"end":{"line":25,"column":61}}],"line":25},"2":{"loc":{"start":{"line":30,"column":17},"end":{"line":47,"column":17}},"type":"cond-expr","locations":[{"start":{},"end":{}},{"start":{"line":35,"column":20},"end":{"line":46,"column":22}}],"line":30}},"s":{"0":2,"1":2,"2":2,"3":2,"4":2,"5":1,"6":1,"7":2,"8":0,"9":2,"10":1,"11":1},"f":{"0":2,"1":2,"2":1,"3":0,"4":2,"5":1,"6":0,"7":1},"b":{"0":[0,2],"1":[0,2],"2":[1,1]},"_coverageSchema":"1a1c01bbd47fc00a2c39e90264f33305004495a9","hash":"a9f81dc2ddf51fb6250de5707c44ddaa1180a87a"}
,"/Users/timyu/Desktop/fitness/fitness-demo/app/(auth)/login.tsx": {"path":"/Users/timyu/Desktop/fitness/fitness-demo/app/(auth)/login.tsx","statementMap":{"0":{"start":{"line":12,"column":19},"end":{"line":12,"column":38}},"1":{"start":{"line":13,"column":24},"end":{"line":13,"column":40}},"2":{"start":{"line":14,"column":19},"end":{"line":14,"column":41}},"3":{"start":{"line":15,"column":30},"end":{"line":15,"column":42}},"4":{"start":{"line":16,"column":28},"end":{"line":16,"column":40}},"5":{"start":{"line":17,"column":34},"end":{"line":17,"column":49}},"6":{"start":{"line":20,"column":30},"end":{"line":20,"column":41}},"7":{"start":{"line":21,"column":48},"end":{"line":21,"column":63}},"8":{"start":{"line":23,"column":4},"end":{"line":33,"column":32}},"9":{"start":{"line":25,"column":8},"end":{"line":31,"column":9}},"10":{"start":{"line":26,"column":12},"end":{"line":28,"column":21}},"11":{"start":{"line":27,"column":16},"end":{"line":27,"column":45}},"12":{"start":{"line":27,"column":35},"end":{"line":27,"column":43}},"13":{"start":{"line":29,"column":15},"end":{"line":31,"column":9}},"14":{"start":{"line":30,"column":12},"end":{"line":30,"column":37}},"15":{"start":{"line":32,"column":8},"end":{"line":32,"column":45}},"16":{"start":{"line":32,"column":21},"end":{"line":32,"column":44}},"17":{"start":{"line":35,"column":27},"end":{"line":57,"column":5}},"18":{"start":{"line":36,"column":8},"end":{"line":38,"column":9}},"19":{"start":{"line":37,"column":12},"end":{"line":37,"column":54}},"20":{"start":{"line":40,"column":8},"end":{"line":40,"column":32}},"21":{"start":{"line":41,"column":8},"end":{"line":41,"column":21}},"22":{"start":{"line":43,"column":8},"end":{"line":56,"column":9}},"23":{"start":{"line":44,"column":24},"end":{"line":44,"column":59}},"24":{"start":{"line":45,"column":12},"end":{"line":51,"column":13}},"25":{"start":{"line":46,"column":16},"end":{"line":46,"column":53}},"26":{"start":{"line":48,"column":16},"end":{"line":48,"column":63}},"27":{"start":{"line":49,"column":16},"end":{"line":49,"column":41}},"28":{"start":{"line":50,"column":16},"end":{"line":50,"column":28}},"29":{"start":{"line":53,"column":12},"end":{"line":53,"column":44}},"30":{"start":{"line":54,"column":12},"end":{"line":54,"column":37}},"31":{"start":{"line":55,"column":12},"end":{"line":55,"column":24}},"32":{"start":{"line":59,"column":24},"end":{"line":93,"column":5}},"33":{"start":{"line":60,"column":8},"end":{"line":60,"column":25}},"34":{"start":{"line":62,"column":8},"end":{"line":92,"column":9}},"35":{"start":{"line":65,"column":12},"end":{"line":75,"column":13}},"36":{"start":{"line":67,"column":33},"end":{"line":67,"column":85}},"37":{"start":{"line":68,"column":16},"end":{"line":68,"column":69}},"38":{"start":{"line":70,"column":16},"end":{"line":73,"column":17}},"39":{"start":{"line":71,"column":20},"end":{"line":71,"column":38}},"40":{"start":{"line":72,"column":20},"end":{"line":72,"column":59}},"41":{"start":{"line":74,"column":16},"end":{"line":74,"column":66}},"42":{"start":{"line":77,"column":12},"end":{"line":86,"column":13}},"43":{"start":{"line":78,"column":16},"end":{"line":78,"column":80}},"44":{"start":{"line":79,"column":16},"end":{"line":83,"column":18}},"45":{"start":{"line":82,"column":50},"end":{"line":82,"column":75}},"46":{"start":{"line":85,"column":16},"end":{"line":85,"column":70}},"47":{"start":{"line":88,"column":12},"end":{"line":88,"column":41}},"48":{"start":{"line":89,"column":12},"end":{"line":89,"column":29}},"49":{"start":{"line":91,"column":12},"end":{"line":91,"column":30}},"50":{"start":{"line":95,"column":4},"end":{"line":182,"column":6}},"51":{"start":{"line":104,"column":53},"end":{"line":104,"column":66}},"52":{"start":{"line":149,"column":43},"end":{"line":149,"column":63}},"53":{"start":{"line":164,"column":39},"end":{"line":164,"column":60}},"54":{"start":{"line":174,"column":57},"end":{"line":174,"column":86}}},"fnMap":{"0":{"name":"LoginScreen","decl":{"start":{"line":11,"column":24},"end":{"line":11,"column":35}},"loc":{"start":{"line":11,"column":38},"end":{"line":183,"column":1}},"line":11},"1":{"name":"(anonymous_1)","decl":{"start":{"line":23,"column":14},"end":{"line":23,"column":15}},"loc":{"start":{"line":23,"column":20},"end":{"line":33,"column":5}},"line":23},"2":{"name":"(anonymous_2)","decl":{"start":{"line":26,"column":35},"end":{"line":26,"column":36}},"loc":{"start":{"line":26,"column":41},"end":{"line":28,"column":13}},"line":26},"3":{"name":"(anonymous_3)","decl":{"start":{"line":27,"column":25},"end":{"line":27,"column":26}},"loc":{"start":{"line":27,"column":35},"end":{"line":27,"column":43}},"line":27},"4":{"name":"(anonymous_4)","decl":{"start":{"line":32,"column":15},"end":{"line":32,"column":16}},"loc":{"start":{"line":32,"column":21},"end":{"line":32,"column":44}},"line":32},"5":{"name":"(anonymous_5)","decl":{"start":{"line":35,"column":27},"end":{"line":35,"column":28}},"loc":{"start":{"line":35,"column":39},"end":{"line":57,"column":5}},"line":35},"6":{"name":"(anonymous_6)","decl":{"start":{"line":59,"column":24},"end":{"line":59,"column":25}},"loc":{"start":{"line":59,"column":60},"end":{"line":93,"column":5}},"line":59},"7":{"name":"(anonymous_7)","decl":{"start":{"line":82,"column":44},"end":{"line":82,"column":45}},"loc":{"start":{"line":82,"column":50},"end":{"line":82,"column":75}},"line":82},"8":{"name":"(anonymous_8)","decl":{"start":{"line":104,"column":47},"end":{"line":104,"column":48}},"loc":{"start":{"line":104,"column":53},"end":{"line":104,"column":66}},"line":104},"9":{"name":"(anonymous_9)","decl":{"start":{"line":149,"column":37},"end":{"line":149,"column":38}},"loc":{"start":{"line":149,"column":43},"end":{"line":149,"column":63}},"line":149},"10":{"name":"(anonymous_10)","decl":{"start":{"line":164,"column":33},"end":{"line":164,"column":34}},"loc":{"start":{"line":164,"column":39},"end":{"line":164,"column":60}},"line":164},"11":{"name":"(anonymous_11)","decl":{"start":{"line":174,"column":51},"end":{"line":174,"column":52}},"loc":{"start":{"line":174,"column":57},"end":{"line":174,"column":86}},"line":174}},"branchMap":{"0":{"loc":{"start":{"line":25,"column":8},"end":{"line":31,"column":9}},"type":"if","locations":[{"start":{"line":25,"column":8},"end":{"line":31,"column":9}},{"start":{"line":29,"column":15},"end":{"line":31,"column":9}}],"line":25},"1":{"loc":{"start":{"line":25,"column":12},"end":{"line":25,"column":39}},"type":"binary-expr","locations":[{"start":{"line":25,"column":12},"end":{"line":25,"column":26}},{"start":{"line":25,"column":30},"end":{"line":25,"column":39}}],"line":25},"2":{"loc":{"start":{"line":29,"column":15},"end":{"line":31,"column":9}},"type":"if","locations":[{"start":{"line":29,"column":15},"end":{"line":31,"column":9}},{"start":{},"end":{}}],"line":29},"3":{"loc":{"start":{"line":36,"column":8},"end":{"line":38,"column":9}},"type":"if","locations":[{"start":{"line":36,"column":8},"end":{"line":38,"column":9}},{"start":{},"end":{}}],"line":36},"4":{"loc":{"start":{"line":45,"column":12},"end":{"line":51,"column":13}},"type":"if","locations":[{"start":{"line":45,"column":12},"end":{"line":51,"column":13}},{"start":{"line":47,"column":19},"end":{"line":51,"column":13}}],"line":45},"5":{"loc":{"start":{"line":48,"column":34},"end":{"line":48,"column":61}},"type":"binary-expr","locations":[{"start":{"line":48,"column":34},"end":{"line":48,"column":45}},{"start":{"line":48,"column":49},"end":{"line":48,"column":61}}],"line":48},"6":{"loc":{"start":{"line":65,"column":12},"end":{"line":75,"column":13}},"type":"if","locations":[{"start":{"line":65,"column":12},"end":{"line":75,"column":13}},{"start":{"line":69,"column":19},"end":{"line":75,"column":13}}],"line":65},"7":{"loc":{"start":{"line":70,"column":16},"end":{"line":73,"column":17}},"type":"if","locations":[{"start":{"line":70,"column":16},"end":{"line":73,"column":17}},{"start":{},"end":{}}],"line":70},"8":{"loc":{"start":{"line":70,"column":20},"end":{"line":70,"column":35}},"type":"binary-expr","locations":[{"start":{"line":70,"column":20},"end":{"line":70,"column":26}},{"start":{"line":70,"column":30},"end":{"line":70,"column":35}}],"line":70},"9":{"loc":{"start":{"line":77,"column":12},"end":{"line":86,"column":13}},"type":"if","locations":[{"start":{"line":77,"column":12},"end":{"line":86,"column":13}},{"start":{"line":84,"column":19},"end":{"line":86,"column":13}}],"line":77},"10":{"loc":{"start":{"line":77,"column":16},"end":{"line":77,"column":45}},"type":"binary-expr","locations":[{"start":{"line":77,"column":16},"end":{"line":77,"column":30}},{"start":{"line":77,"column":34},"end":{"line":77,"column":45}}],"line":77},"11":{"loc":{"start":{"line":85,"column":36},"end":{"line":85,"column":68}},"type":"binary-expr","locations":[{"start":{"line":85,"column":36},"end":{"line":85,"column":50}},{"start":{"line":85,"column":54},"end":{"line":85,"column":68}}],"line":85},"12":{"loc":{"start":{"line":98,"column":26},"end":{"line":98,"column":70}},"type":"cond-expr","locations":[{"start":{"line":98,"column":50},"end":{"line":98,"column":59}},{"start":{"line":98,"column":62},"end":{"line":98,"column":70}}],"line":98},"13":{"loc":{"start":{"line":105,"column":64},"end":{"line":105,"column":90}},"type":"cond-expr","locations":[{"start":{"line":105,"column":73},"end":{"line":105,"column":80}},{"start":{"line":105,"column":83},"end":{"line":105,"column":90}}],"line":105},"14":{"loc":{"start":{"line":139,"column":139},"end":{"line":139,"column":263}},"type":"cond-expr","locations":[{"start":{"line":139,"column":156},"end":{"line":139,"column":186}},{"start":{"line":139,"column":189},"end":{"line":139,"column":263}}],"line":139},"15":{"loc":{"start":{"line":141,"column":49},"end":{"line":141,"column":140}},"type":"cond-expr","locations":[{"start":{"line":141,"column":66},"end":{"line":141,"column":91}},{"start":{"line":141,"column":94},"end":{"line":141,"column":140}}],"line":141},"16":{"loc":{"start":{"line":142,"column":37},"end":{"line":142,"column":75}},"type":"cond-expr","locations":[{"start":{"line":142,"column":54},"end":{"line":142,"column":65}},{"start":{"line":142,"column":68},"end":{"line":142,"column":75}}],"line":142},"17":{"loc":{"start":{"line":148,"column":35},"end":{"line":148,"column":61}},"type":"cond-expr","locations":[{"start":{"line":148,"column":45},"end":{"line":148,"column":53}},{"start":{"line":148,"column":56},"end":{"line":148,"column":61}}],"line":148}},"s":{"0":26,"1":26,"2":26,"3":26,"4":26,"5":26,"6":26,"7":26,"8":26,"9":10,"10":2,"11":0,"12":0,"13":8,"14":8,"15":10,"16":10,"17":26,"18":3,"19":1,"20":2,"21":2,"22":2,"23":2,"24":2,"25":2,"26":0,"27":0,"28":0,"29":0,"30":0,"31":0,"32":26,"33":4,"34":4,"35":4,"36":1,"37":1,"38":3,"39":0,"40":0,"41":3,"42":4,"43":3,"44":3,"45":1,"46":1,"47":0,"48":0,"49":4,"50":26,"51":0,"52":3,"53":1,"54":1},"f":{"0":26,"1":10,"2":0,"3":0,"4":10,"5":3,"6":4,"7":1,"8":0,"9":3,"10":1,"11":1},"b":{"0":[2,8],"1":[10,2],"2":[8,0],"3":[1,2],"4":[2,0],"5":[0,0],"6":[1,3],"7":[0,3],"8":[3,3],"9":[3,1],"10":[4,3],"11":[1,0],"12":[26,0],"13":[0,26],"14":[5,21],"15":[5,21],"16":[5,21],"17":[4,22]},"_coverageSchema":"1a1c01bbd47fc00a2c39e90264f33305004495a9","hash":"c8736d9c513aa12c51d5ef3c2854b47b14c7f564"}
,"/Users/timyu/Desktop/fitness/fitness-demo/app/(tabs)/index.tsx": {"path":"/Users/timyu/Desktop/fitness/fitness-demo/app/(tabs)/index.tsx","statementMap":{"0":{"start":{"line":7,"column":30},"end":{"line":7,"column":50}},"1":{"start":{"line":9,"column":4},"end":{"line":19,"column":11}},"2":{"start":{"line":11,"column":8},"end":{"line":11,"column":67}},"3":{"start":{"line":11,"column":53},"end":{"line":11,"column":64}},"4":{"start":{"line":14,"column":28},"end":{"line":16,"column":10}},"5":{"start":{"line":15,"column":12},"end":{"line":15,"column":71}},"6":{"start":{"line":15,"column":57},"end":{"line":15,"column":68}},"7":{"start":{"line":18,"column":8},"end":{"line":18,"column":27}},"8":{"start":{"line":21,"column":4},"end":{"line":37,"column":6}},"9":{"start":{"line":26,"column":38},"end":{"line":26,"column":45}},"10":{"start":{"line":29,"column":20},"end":{"line":33,"column":22}},"11":{"start":{"line":32,"column":40},"end":{"line":32,"column":82}}},"fnMap":{"0":{"name":"MovesScreen","decl":{"start":{"line":6,"column":24},"end":{"line":6,"column":35}},"loc":{"start":{"line":6,"column":38},"end":{"line":38,"column":1}},"line":6},"1":{"name":"(anonymous_1)","decl":{"start":{"line":9,"column":14},"end":{"line":9,"column":15}},"loc":{"start":{"line":9,"column":20},"end":{"line":19,"column":5}},"line":9},"2":{"name":"(anonymous_2)","decl":{"start":{"line":11,"column":48},"end":{"line":11,"column":49}},"loc":{"start":{"line":11,"column":53},"end":{"line":11,"column":64}},"line":11},"3":{"name":"(anonymous_3)","decl":{"start":{"line":14,"column":51},"end":{"line":14,"column":52}},"loc":{"start":{"line":14,"column":57},"end":{"line":16,"column":9}},"line":14},"4":{"name":"(anonymous_4)","decl":{"start":{"line":15,"column":52},"end":{"line":15,"column":53}},"loc":{"start":{"line":15,"column":57},"end":{"line":15,"column":68}},"line":15},"5":{"name":"(anonymous_5)","decl":{"start":{"line":26,"column":30},"end":{"line":26,"column":31}},"loc":{"start":{"line":26,"column":38},"end":{"line":26,"column":45}},"line":26},"6":{"name":"(anonymous_6)","decl":{"start":{"line":28,"column":28},"end":{"line":28,"column":29}},"loc":{"start":{"line":29,"column":20},"end":{"line":33,"column":22}},"line":29},"7":{"name":"(anonymous_7)","decl":{"start":{"line":32,"column":34},"end":{"line":32,"column":35}},"loc":{"start":{"line":32,"column":40},"end":{"line":32,"column":82}},"line":32}},"branchMap":{},"s":{"0":13,"1":13,"2":5,"3":45,"4":5,"5":3,"6":3,"7":5,"8":13,"9":18,"10":10,"11":2},"f":{"0":13,"1":5,"2":45,"3":3,"4":3,"5":18,"6":10,"7":2},"b":{},"_coverageSchema":"1a1c01bbd47fc00a2c39e90264f33305004495a9","hash":"1f166a3a9c0d2dd87f71ef7a6584d0ce8e30afcf"}
,"/Users/timyu/Desktop/fitness/fitness-demo/app/(tabs)/profile.tsx": {"path":"/Users/timyu/Desktop/fitness/fitness-demo/app/(tabs)/profile.tsx","statementMap":{"0":{"start":{"line":7,"column":19},"end":{"line":12,"column":1}},"1":{"start":{"line":16,"column":28},"end":{"line":16,"column":47}},"2":{"start":{"line":17,"column":24},"end":{"line":17,"column":40}},"3":{"start":{"line":18,"column":19},"end":{"line":18,"column":41}},"4":{"start":{"line":20,"column":4},"end":{"line":33,"column":11}},"5":{"start":{"line":22,"column":25},"end":{"line":31,"column":9}},"6":{"start":{"line":23,"column":12},"end":{"line":30,"column":13}},"7":{"start":{"line":24,"column":32},"end":{"line":24,"column":66}},"8":{"start":{"line":25,"column":16},"end":{"line":27,"column":17}},"9":{"start":{"line":26,"column":20},"end":{"line":26,"column":49}},"10":{"start":{"line":29,"column":16},"end":{"line":29,"column":56}},"11":{"start":{"line":32,"column":8},"end":{"line":32,"column":19}},"12":{"start":{"line":36,"column":22},"end":{"line":36,"column":133}},"13":{"start":{"line":37,"column":21},"end":{"line":37,"column":46}},"14":{"start":{"line":38,"column":19},"end":{"line":38,"column":81}},"15":{"start":{"line":40,"column":4},"end":{"line":112,"column":6}},"16":{"start":{"line":51,"column":24},"end":{"line":51,"column":64}},"17":{"start":{"line":51,"column":35},"end":{"line":51,"column":64}},"18":{"start":{"line":73,"column":20},"end":{"line":73,"column":50}},"19":{"start":{"line":97,"column":36},"end":{"line":97,"column":67}},"20":{"start":{"line":116,"column":4},"end":{"line":121,"column":6}}},"fnMap":{"0":{"name":"ProfileScreen","decl":{"start":{"line":14,"column":24},"end":{"line":14,"column":37}},"loc":{"start":{"line":14,"column":40},"end":{"line":113,"column":1}},"line":14},"1":{"name":"(anonymous_1)","decl":{"start":{"line":20,"column":14},"end":{"line":20,"column":15}},"loc":{"start":{"line":20,"column":20},"end":{"line":33,"column":5}},"line":20},"2":{"name":"(anonymous_2)","decl":{"start":{"line":22,"column":25},"end":{"line":22,"column":26}},"loc":{"start":{"line":22,"column":37},"end":{"line":31,"column":9}},"line":22},"3":{"name":"(anonymous_3)","decl":{"start":{"line":50,"column":29},"end":{"line":50,"column":30}},"loc":{"start":{"line":50,"column":35},"end":{"line":52,"column":21}},"line":50},"4":{"name":"(anonymous_4)","decl":{"start":{"line":72,"column":43},"end":{"line":72,"column":44}},"loc":{"start":{"line":72,"column":49},"end":{"line":74,"column":17}},"line":72},"5":{"name":"(anonymous_5)","decl":{"start":{"line":93,"column":40},"end":{"line":93,"column":41}},"loc":{"start":{},"end":{}}},"6":{"name":"(anonymous_6)","decl":{"start":{"line":96,"column":41},"end":{"line":96,"column":42}},"loc":{"start":{"line":96,"column":47},"end":{"line":98,"column":33}},"line":96},"7":{"name":"StatItem","decl":{"start":{"line":115,"column":9},"end":{"line":115,"column":17}},"loc":{"start":{"line":115,"column":70},"end":{"line":122,"column":1}},"line":115}},"branchMap":{"0":{"loc":{"start":{"line":25,"column":16},"end":{"line":27,"column":17}},"type":"if","locations":[{"start":{"line":25,"column":16},"end":{"line":27,"column":17}},{"start":{},"end":{}}],"line":25},"1":{"loc":{"start":{"line":36,"column":22},"end":{"line":36,"column":133}},"type":"binary-expr","locations":[{"start":{"line":36,"column":22},"end":{"line":36,"column":34}},{"start":{"line":36,"column":38},"end":{"line":36,"column":133}}],"line":36},"2":{"loc":{"start":{"line":37,"column":21},"end":{"line":37,"column":46}},"type":"binary-expr","locations":[{"start":{"line":37,"column":21},"end":{"line":37,"column":35}},{"start":{"line":37,"column":39},"end":{"line":37,"column":46}}],"line":37},"3":{"loc":{"start":{"line":38,"column":19},"end":{"line":38,"column":81}},"type":"cond-expr","locations":[{"start":{"line":38,"column":31},"end":{"line":38,"column":72}},{"start":{"line":38,"column":75},"end":{"line":38,"column":81}}],"line":38},"4":{"loc":{"start":{"line":51,"column":24},"end":{"line":51,"column":64}},"type":"if","locations":[{"start":{"line":51,"column":24},"end":{"line":51,"column":64}},{"start":{},"end":{}}],"line":51},"5":{"loc":{"start":{"line":76,"column":41},"end":{"line":76,"column":74}},"type":"binary-expr","locations":[{"start":{"line":76,"column":41},"end":{"line":76,"column":67}},{"start":{"line":76,"column":71},"end":{"line":76,"column":74}}],"line":76},"6":{"loc":{"start":{"line":78,"column":41},"end":{"line":78,"column":102}},"type":"cond-expr","locations":[{"start":{"line":78,"column":68},"end":{"line":78,"column":96}},{"start":{"line":78,"column":99},"end":{"line":78,"column":102}}],"line":78},"7":{"loc":{"start":{"line":80,"column":41},"end":{"line":80,"column":71}},"type":"binary-expr","locations":[{"start":{"line":80,"column":41},"end":{"line":80,"column":64}},{"start":{"line":80,"column":68},"end":{"line":80,"column":71}}],"line":80},"8":{"loc":{"start":{"line":84,"column":78},"end":{"line":84,"column":102}},"type":"cond-expr","locations":[{"start":{"line":84,"column":87},"end":{"line":84,"column":93}},{"start":{"line":84,"column":96},"end":{"line":84,"column":102}}],"line":84},"9":{"loc":{"start":{"line":99,"column":72},"end":{"line":99,"column":156}},"type":"cond-expr","locations":[{"start":{"line":99,"column":104},"end":{"line":99,"column":151}},{"start":{"line":99,"column":154},"end":{"line":99,"column":156}}],"line":99},"10":{"loc":{"start":{"line":102,"column":87},"end":{"line":102,"column":117}},"type":"cond-expr","locations":[{"start":{"line":102,"column":96},"end":{"line":102,"column":105}},{"start":{"line":102,"column":108},"end":{"line":102,"column":117}}],"line":102},"11":{"loc":{"start":{"line":105,"column":82},"end":{"line":105,"column":106}},"type":"cond-expr","locations":[{"start":{"line":105,"column":91},"end":{"line":105,"column":97}},{"start":{"line":105,"column":100},"end":{"line":105,"column":106}}],"line":105}},"s":{"0":1,"1":9,"2":9,"3":9,"4":9,"5":7,"6":7,"7":7,"8":6,"9":2,"10":1,"11":7,"12":9,"13":9,"14":9,"15":9,"16":2,"17":1,"18":1,"19":1,"20":27},"f":{"0":9,"1":7,"2":7,"3":2,"4":1,"5":36,"6":1,"7":27},"b":{"0":[2,4],"1":[9,7],"2":[9,7],"3":[2,7],"4":[1,1],"5":[9,7],"6":[2,7],"7":[9,7],"8":[0,9],"9":[27,9],"10":[0,36],"11":[0,36]},"_coverageSchema":"1a1c01bbd47fc00a2c39e90264f33305004495a9","hash":"b17e0169e1f4a3ba412abb213f61571199e5acfc"}
,"/Users/timyu/Desktop/fitness/fitness-demo/app/(tabs)/sessions.tsx": {"path":"/Users/timyu/Desktop/fitness/fitness-demo/app/(tabs)/sessions.tsx","statementMap":{"0":{"start":{"line":7,"column":36},"end":{"line":7,"column":59}},"1":{"start":{"line":9,"column":4},"end":{"line":19,"column":11}},"2":{"start":{"line":11,"column":8},"end":{"line":11,"column":73}},"3":{"start":{"line":11,"column":59},"end":{"line":11,"column":70}},"4":{"start":{"line":14,"column":28},"end":{"line":16,"column":10}},"5":{"start":{"line":15,"column":12},"end":{"line":15,"column":77}},"6":{"start":{"line":15,"column":63},"end":{"line":15,"column":74}},"7":{"start":{"line":18,"column":8},"end":{"line":18,"column":27}},"8":{"start":{"line":21,"column":4},"end":{"line":35,"column":6}},"9":{"start":{"line":25,"column":38},"end":{"line":25,"column":45}},"10":{"start":{"line":27,"column":20},"end":{"line":31,"column":22}},"11":{"start":{"line":30,"column":40},"end":{"line":30,"column":85}}},"fnMap":{"0":{"name":"SessionsScreen","decl":{"start":{"line":6,"column":24},"end":{"line":6,"column":38}},"loc":{"start":{"line":6,"column":41},"end":{"line":36,"column":1}},"line":6},"1":{"name":"(anonymous_1)","decl":{"start":{"line":9,"column":14},"end":{"line":9,"column":15}},"loc":{"start":{"line":9,"column":20},"end":{"line":19,"column":5}},"line":9},"2":{"name":"(anonymous_2)","decl":{"start":{"line":11,"column":54},"end":{"line":11,"column":55}},"loc":{"start":{"line":11,"column":59},"end":{"line":11,"column":70}},"line":11},"3":{"name":"(anonymous_3)","decl":{"start":{"line":14,"column":51},"end":{"line":14,"column":52}},"loc":{"start":{"line":14,"column":57},"end":{"line":16,"column":9}},"line":14},"4":{"name":"(anonymous_4)","decl":{"start":{"line":15,"column":58},"end":{"line":15,"column":59}},"loc":{"start":{"line":15,"column":63},"end":{"line":15,"column":74}},"line":15},"5":{"name":"(anonymous_5)","decl":{"start":{"line":25,"column":30},"end":{"line":25,"column":31}},"loc":{"start":{"line":25,"column":38},"end":{"line":25,"column":45}},"line":25},"6":{"name":"(anonymous_6)","decl":{"start":{"line":26,"column":28},"end":{"line":26,"column":29}},"loc":{"start":{"line":27,"column":20},"end":{"line":31,"column":22}},"line":27},"7":{"name":"(anonymous_7)","decl":{"start":{"line":30,"column":34},"end":{"line":30,"column":35}},"loc":{"start":{"line":30,"column":40},"end":{"line":30,"column":85}},"line":30}},"branchMap":{},"s":{"0":7,"1":7,"2":3,"3":3,"4":3,"5":1,"6":1,"7":3,"8":7,"9":6,"10":3,"11":1},"f":{"0":7,"1":3,"2":3,"3":1,"4":1,"5":6,"6":3,"7":1},"b":{},"_coverageSchema":"1a1c01bbd47fc00a2c39e90264f33305004495a9","hash":"3d5be5bd4a3c90f8f1dceebb963d62edaa1b573f"}
,"/Users/timyu/Desktop/fitness/fitness-demo/app/workout/[id].tsx": {"path":"/Users/timyu/Desktop/fitness/fitness-demo/app/workout/[id].tsx","statementMap":{"0":{"start":{"line":14,"column":25},"end":{"line":14,"column":47}},"1":{"start":{"line":15,"column":44},"end":{"line":15,"column":66}},"2":{"start":{"line":16,"column":32},"end":{"line":16,"column":67}},"3":{"start":{"line":19,"column":22},"end":{"line":19,"column":36}},"4":{"start":{"line":22,"column":19},"end":{"line":22,"column":38}},"5":{"start":{"line":25,"column":44},"end":{"line":25,"column":59}},"6":{"start":{"line":26,"column":36},"end":{"line":26,"column":90}},"7":{"start":{"line":29,"column":36},"end":{"line":29,"column":55}},"8":{"start":{"line":30,"column":52},"end":{"line":30,"column":63}},"9":{"start":{"line":31,"column":54},"end":{"line":31,"column":69}},"10":{"start":{"line":34,"column":38},"end":{"line":34,"column":53}},"11":{"start":{"line":37,"column":29},"end":{"line":57,"column":5}},"12":{"start":{"line":38,"column":8},"end":{"line":38,"column":48}},"13":{"start":{"line":38,"column":41},"end":{"line":38,"column":48}},"14":{"start":{"line":41,"column":8},"end":{"line":56,"column":9}},"15":{"start":{"line":42,"column":29},"end":{"line":49,"column":14}},"16":{"start":{"line":51,"column":12},"end":{"line":53,"column":13}},"17":{"start":{"line":55,"column":12},"end":{"line":55,"column":54}},"18":{"start":{"line":59,"column":4},"end":{"line":67,"column":19}},"19":{"start":{"line":60,"column":8},"end":{"line":66,"column":9}},"20":{"start":{"line":61,"column":26},"end":{"line":61,"column":68}},"21":{"start":{"line":62,"column":12},"end":{"line":62,"column":31}},"22":{"start":{"line":64,"column":25},"end":{"line":64,"column":71}},"23":{"start":{"line":64,"column":59},"end":{"line":64,"column":70}},"24":{"start":{"line":65,"column":12},"end":{"line":65,"column":42}},"25":{"start":{"line":65,"column":22},"end":{"line":65,"column":42}},"26":{"start":{"line":70,"column":28},"end":{"line":77,"column":5}},"27":{"start":{"line":71,"column":26},"end":{"line":71,"column":36}},"28":{"start":{"line":72,"column":8},"end":{"line":72,"column":32}},"29":{"start":{"line":73,"column":8},"end":{"line":76,"column":9}},"30":{"start":{"line":75,"column":12},"end":{"line":75,"column":31}},"31":{"start":{"line":81,"column":32},"end":{"line":83,"column":5}},"32":{"start":{"line":82,"column":8},"end":{"line":82,"column":56}},"33":{"start":{"line":82,"column":23},"end":{"line":82,"column":54}},"34":{"start":{"line":85,"column":32},"end":{"line":87,"column":5}},"35":{"start":{"line":86,"column":8},"end":{"line":86,"column":30}},"36":{"start":{"line":89,"column":24},"end":{"line":89,"column":50}},"37":{"start":{"line":90,"column":25},"end":{"line":90,"column":111}},"38":{"start":{"line":92,"column":4},"end":{"line":92,"column":65}},"39":{"start":{"line":92,"column":21},"end":{"line":92,"column":65}},"40":{"start":{"line":93,"column":4},"end":{"line":100,"column":5}},"41":{"start":{"line":94,"column":8},"end":{"line":99,"column":10}},"42":{"start":{"line":102,"column":4},"end":{"line":219,"column":6}},"43":{"start":{"line":107,"column":52},"end":{"line":107,"column":82}},"44":{"start":{"line":135,"column":43},"end":{"line":135,"column":56}},"45":{"start":{"line":202,"column":105},"end":{"line":202,"column":127}},"46":{"start":{"line":203,"column":122},"end":{"line":203,"column":144}},"47":{"start":{"line":204,"column":150},"end":{"line":204,"column":154}},"48":{"start":{"line":207,"column":89},"end":{"line":207,"column":111}},"49":{"start":{"line":212,"column":96},"end":{"line":212,"column":134}},"50":{"start":{"line":213,"column":98},"end":{"line":213,"column":137}},"51":{"start":{"line":214,"column":102},"end":{"line":214,"column":142}},"52":{"start":{"line":223,"column":17},"end":{"line":228,"column":1}},"53":{"start":{"line":230,"column":22},"end":{"line":234,"column":1}},"54":{"start":{"line":236,"column":19},"end":{"line":251,"column":1}},"55":{"start":{"line":237,"column":24},"end":{"line":237,"column":40}},"56":{"start":{"line":238,"column":19},"end":{"line":238,"column":41}},"57":{"start":{"line":239,"column":4},"end":{"line":250,"column":6}}},"fnMap":{"0":{"name":"WorkoutSession","decl":{"start":{"line":13,"column":24},"end":{"line":13,"column":38}},"loc":{"start":{"line":13,"column":41},"end":{"line":220,"column":1}},"line":13},"1":{"name":"(anonymous_1)","decl":{"start":{"line":37,"column":29},"end":{"line":37,"column":30}},"loc":{"start":{"line":37,"column":41},"end":{"line":57,"column":5}},"line":37},"2":{"name":"(anonymous_2)","decl":{"start":{"line":59,"column":14},"end":{"line":59,"column":15}},"loc":{"start":{"line":59,"column":20},"end":{"line":67,"column":5}},"line":59},"3":{"name":"(anonymous_3)","decl":{"start":{"line":64,"column":54},"end":{"line":64,"column":55}},"loc":{"start":{"line":64,"column":59},"end":{"line":64,"column":70}},"line":64},"4":{"name":"(anonymous_4)","decl":{"start":{"line":70,"column":28},"end":{"line":70,"column":29}},"loc":{"start":{"line":70,"column":34},"end":{"line":77,"column":5}},"line":70},"5":{"name":"(anonymous_5)","decl":{"start":{"line":81,"column":32},"end":{"line":81,"column":33}},"loc":{"start":{"line":81,"column":38},"end":{"line":83,"column":5}},"line":81},"6":{"name":"(anonymous_6)","decl":{"start":{"line":82,"column":18},"end":{"line":82,"column":19}},"loc":{"start":{"line":82,"column":23},"end":{"line":82,"column":54}},"line":82},"7":{"name":"(anonymous_7)","decl":{"start":{"line":85,"column":32},"end":{"line":85,"column":33}},"loc":{"start":{"line":85,"column":38},"end":{"line":87,"column":5}},"line":85},"8":{"name":"(anonymous_8)","decl":{"start":{"line":107,"column":43},"end":{"line":107,"column":44}},"loc":{"start":{"line":107,"column":52},"end":{"line":107,"column":82}},"line":107},"9":{"name":"(anonymous_9)","decl":{"start":{"line":135,"column":37},"end":{"line":135,"column":38}},"loc":{"start":{"line":135,"column":43},"end":{"line":135,"column":56}},"line":135},"10":{"name":"(anonymous_10)","decl":{"start":{"line":202,"column":99},"end":{"line":202,"column":100}},"loc":{"start":{"line":202,"column":105},"end":{"line":202,"column":127}},"line":202},"11":{"name":"(anonymous_11)","decl":{"start":{"line":203,"column":116},"end":{"line":203,"column":117}},"loc":{"start":{"line":203,"column":122},"end":{"line":203,"column":144}},"line":203},"12":{"name":"(anonymous_12)","decl":{"start":{"line":204,"column":144},"end":{"line":204,"column":145}},"loc":{"start":{"line":204,"column":150},"end":{"line":204,"column":154}},"line":204},"13":{"name":"(anonymous_13)","decl":{"start":{"line":207,"column":83},"end":{"line":207,"column":84}},"loc":{"start":{"line":207,"column":89},"end":{"line":207,"column":111}},"line":207},"14":{"name":"(anonymous_14)","decl":{"start":{"line":212,"column":84},"end":{"line":212,"column":85}},"loc":{"start":{"line":212,"column":96},"end":{"line":212,"column":134}},"line":212},"15":{"name":"(anonymous_15)","decl":{"start":{"line":213,"column":86},"end":{"line":213,"column":87}},"loc":{"start":{"line":213,"column":98},"end":{"line":213,"column":137}},"line":213},"16":{"name":"(anonymous_16)","decl":{"start":{"line":214,"column":90},"end":{"line":214,"column":91}},"loc":{"start":{"line":214,"column":102},"end":{"line":214,"column":142}},"line":214},"17":{"name":"(anonymous_17)","decl":{"start":{"line":223,"column":17},"end":{"line":223,"column":18}},"loc":{"start":{},"end":{}}},"18":{"name":"(anonymous_18)","decl":{"start":{"line":230,"column":22},"end":{"line":230,"column":23}},"loc":{"start":{},"end":{}}},"19":{"name":"(anonymous_19)","decl":{"start":{"line":236,"column":19},"end":{"line":236,"column":20}},"loc":{"start":{"line":236,"column":56},"end":{"line":251,"column":1}},"line":236}},"branchMap":{"0":{"loc":{"start":{"line":38,"column":8},"end":{"line":38,"column":48}},"type":"if","locations":[{"start":{"line":38,"column":8},"end":{"line":38,"column":48}},{"start":{},"end":{}}],"line":38},"1":{"loc":{"start":{"line":44,"column":27},"end":{"line":44,"column":74}},"type":"cond-expr","locations":[{"start":{"line":44,"column":49},"end":{"line":44,"column":61}},{"start":{"line":44,"column":65},"end":{"line":44,"column":74}}],"line":44},"2":{"loc":{"start":{"line":51,"column":12},"end":{"line":53,"column":13}},"type":"if","locations":[{"start":{"line":51,"column":12},"end":{"line":53,"column":13}},{"start":{},"end":{}}],"line":51},"3":{"loc":{"start":{"line":60,"column":8},"end":{"line":66,"column":9}},"type":"if","locations":[{"start":{"line":60,"column":8},"end":{"line":66,"column":9}},{"start":{"line":63,"column":15},"end":{"line":66,"column":9}}],"line":60},"4":{"loc":{"start":{"line":65,"column":12},"end":{"line":65,"column":42}},"type":"if","locations":[{"start":{"line":65,"column":12},"end":{"line":65,"column":42}},{"start":{},"end":{}}],"line":65},"5":{"loc":{"start":{"line":73,"column":8},"end":{"line":76,"column":9}},"type":"if","locations":[{"start":{"line":73,"column":8},"end":{"line":76,"column":9}},{"start":{},"end":{}}],"line":73},"6":{"loc":{"start":{"line":82,"column":23},"end":{"line":82,"column":54}},"type":"cond-expr","locations":[{"start":{"line":82,"column":38},"end":{"line":82,"column":45}},{"start":{"line":82,"column":48},"end":{"line":82,"column":54}}],"line":82},"7":{"loc":{"start":{"line":90,"column":25},"end":{"line":90,"column":111}},"type":"cond-expr","locations":[{"start":{"line":90,"column":46},"end":{"line":90,"column":95}},{"start":{"line":90,"column":98},"end":{"line":90,"column":111}}],"line":90},"8":{"loc":{"start":{"line":92,"column":4},"end":{"line":92,"column":65}},"type":"if","locations":[{"start":{"line":92,"column":4},"end":{"line":92,"column":65}},{"start":{},"end":{}}],"line":92},"9":{"loc":{"start":{"line":93,"column":4},"end":{"line":100,"column":5}},"type":"if","locations":[{"start":{"line":93,"column":4},"end":{"line":100,"column":5}},{"start":{},"end":{}}],"line":93},"10":{"loc":{"start":{"line":104,"column":13},"end":{"line":112,"column":13}},"type":"binary-expr","locations":[{"start":{"line":104,"column":13},"end":{"line":104,"column":22}},{"start":{"line":105,"column":16},"end":{"line":111,"column":23}}],"line":104},"11":{"loc":{"start":{"line":128,"column":25},"end":{"line":132,"column":25}},"type":"binary-expr","locations":[{"start":{"line":128,"column":25},"end":{"line":128,"column":43}},{"start":{},"end":{}}],"line":128},"12":{"loc":{"start":{"line":146,"column":29},"end":{"line":146,"column":62}},"type":"binary-expr","locations":[{"start":{"line":146,"column":29},"end":{"line":146,"column":46}},{"start":{"line":146,"column":50},"end":{"line":146,"column":62}}],"line":146},"13":{"loc":{"start":{"line":156,"column":17},"end":{"line":175,"column":17}},"type":"binary-expr","locations":[{"start":{"line":156,"column":17},"end":{"line":156,"column":33}},{"start":{},"end":{}}],"line":156},"14":{"loc":{"start":{"line":193,"column":44},"end":{"line":193,"column":72}},"type":"cond-expr","locations":[{"start":{"line":193,"column":56},"end":{"line":193,"column":63}},{"start":{"line":193,"column":66},"end":{"line":193,"column":72}}],"line":193},"15":{"loc":{"start":{"line":223,"column":34},"end":{"line":223,"column":49}},"type":"default-arg","locations":[{"start":{"line":223,"column":42},"end":{"line":223,"column":49}}],"line":223},"16":{"loc":{"start":{"line":246,"column":51},"end":{"line":246,"column":81}},"type":"cond-expr","locations":[{"start":{"line":246,"column":60},"end":{"line":246,"column":69}},{"start":{"line":246,"column":72},"end":{"line":246,"column":81}}],"line":246},"17":{"loc":{"start":{"line":247,"column":28},"end":{"line":247,"column":76}},"type":"cond-expr","locations":[{"start":{"line":247,"column":37},"end":{"line":247,"column":63}},{"start":{"line":247,"column":67},"end":{"line":247,"column":76}}],"line":247},"18":{"loc":{"start":{"line":247,"column":37},"end":{"line":247,"column":63}},"type":"cond-expr","locations":[{"start":{"line":247,"column":46},"end":{"line":247,"column":53}},{"start":{"line":247,"column":56},"end":{"line":247,"column":63}}],"line":247}},"s":{"0":29,"1":29,"2":29,"3":29,"4":29,"5":29,"6":29,"7":29,"8":29,"9":29,"10":29,"11":29,"12":2,"13":0,"14":2,"15":2,"16":1,"17":1,"18":29,"19":9,"20":1,"21":1,"22":8,"23":8,"24":8,"25":8,"26":29,"27":3,"28":3,"29":3,"30":2,"31":29,"32":1,"33":1,"34":29,"35":2,"36":29,"37":29,"38":29,"39":0,"40":29,"41":2,"42":27,"43":0,"44":1,"45":0,"46":1,"47":0,"48":1,"49":1,"50":1,"51":1,"52":1,"53":1,"54":1,"55":15,"56":15,"57":15},"f":{"0":29,"1":2,"2":9,"3":8,"4":3,"5":1,"6":1,"7":2,"8":0,"9":1,"10":0,"11":1,"12":0,"13":1,"14":1,"15":1,"16":1,"17":81,"18":54,"19":15},"b":{"0":[0,2],"1":[0,2],"2":[1,0],"3":[1,8],"4":[8,0],"5":[2,1],"6":[0,1],"7":[2,27],"8":[0,29],"9":[2,27],"10":[27,27],"11":[27,2],"12":[27,8],"13":[27,25],"14":[2,25],"15":[54],"16":[0,15],"17":[9,6],"18":[0,9]},"_coverageSchema":"1a1c01bbd47fc00a2c39e90264f33305004495a9","hash":"3f6a9a0c5cdf1effe5b79cb16899578eb723c4af"}
,"/Users/timyu/Desktop/fitness/fitness-demo/components/MoveItem.tsx": {"path":"/Users/timyu/Desktop/fitness/fitness-demo/components/MoveItem.tsx","statementMap":{"0":{"start":{"line":16,"column":24},"end":{"line":16,"column":87}},"1":{"start":{"line":16,"column":42},"end":{"line":16,"column":86}},"2":{"start":{"line":17,"column":24},"end":{"line":17,"column":40}},"3":{"start":{"line":18,"column":19},"end":{"line":18,"column":41}},"4":{"start":{"line":19,"column":22},"end":{"line":19,"column":48}},"5":{"start":{"line":20,"column":27},"end":{"line":20,"column":57}},"6":{"start":{"line":22,"column":4},"end":{"line":54,"column":6}}},"fnMap":{"0":{"name":"MoveItem","decl":{"start":{"line":15,"column":16},"end":{"line":15,"column":24}},"loc":{"start":{"line":15,"column":109},"end":{"line":55,"column":1}},"line":15},"1":{"name":"(anonymous_1)","decl":{"start":{"line":16,"column":36},"end":{"line":16,"column":37}},"loc":{"start":{"line":16,"column":42},"end":{"line":16,"column":86}},"line":16}},"branchMap":{"0":{"loc":{"start":{"line":16,"column":24},"end":{"line":16,"column":87}},"type":"binary-expr","locations":[{"start":{"line":16,"column":24},"end":{"line":16,"column":31}},{"start":{"line":16,"column":36},"end":{"line":16,"column":86}}],"line":16},"1":{"loc":{"start":{"line":19,"column":22},"end":{"line":19,"column":48}},"type":"cond-expr","locations":[{"start":{"line":19,"column":31},"end":{"line":19,"column":38}},{"start":{"line":19,"column":41},"end":{"line":19,"column":48}}],"line":19},"2":{"loc":{"start":{"line":20,"column":27},"end":{"line":20,"column":57}},"type":"cond-expr","locations":[{"start":{"line":20,"column":36},"end":{"line":20,"column":45}},{"start":{"line":20,"column":48},"end":{"line":20,"column":57}}],"line":20},"3":{"loc":{"start":{"line":40,"column":21},"end":{"line":44,"column":21}},"type":"binary-expr","locations":[{"start":{"line":40,"column":21},"end":{"line":40,"column":34}},{"start":{"line":41,"column":24},"end":{"line":43,"column":43}}],"line":40},"4":{"loc":{"start":{"line":46,"column":21},"end":{"line":50,"column":21}},"type":"binary-expr","locations":[{"start":{"line":46,"column":21},"end":{"line":46,"column":37}},{"start":{"line":47,"column":24},"end":{"line":49,"column":43}}],"line":46}},"s":{"0":15,"1":1,"2":15,"3":15,"4":15,"5":15,"6":15},"f":{"0":15,"1":1},"b":{"0":[15,14],"1":[0,15],"2":[0,15],"3":[15,1],"4":[15,11]},"_coverageSchema":"1a1c01bbd47fc00a2c39e90264f33305004495a9","hash":"28c222fd23e4adfa36ac887e423250c9a7eb0070"}
,"/Users/timyu/Desktop/fitness/fitness-demo/components/PoseDetectorCamera.tsx": {"path":"/Users/timyu/Desktop/fitness/fitness-demo/components/PoseDetectorCamera.tsx","statementMap":{"0":{"start":{"line":15,"column":34},"end":{"line":86,"column":2}},"1":{"start":{"line":16,"column":19},"end":{"line":16,"column":42}},"2":{"start":{"line":17,"column":26},"end":{"line":17,"column":48}},"3":{"start":{"line":18,"column":20},"end":{"line":18,"column":42}},"4":{"start":{"line":19,"column":23},"end":{"line":19,"column":40}},"5":{"start":{"line":21,"column":28},"end":{"line":25,"column":6}},"6":{"start":{"line":22,"column":8},"end":{"line":24,"column":9}},"7":{"start":{"line":23,"column":12},"end":{"line":23,"column":38}},"8":{"start":{"line":27,"column":27},"end":{"line":70,"column":17}},"9":{"start":{"line":29,"column":8},"end":{"line":29,"column":29}},"10":{"start":{"line":29,"column":22},"end":{"line":29,"column":29}},"11":{"start":{"line":33,"column":24},"end":{"line":40,"column":10}},"12":{"start":{"line":72,"column":4},"end":{"line":72,"column":100}},"13":{"start":{"line":72,"column":24},"end":{"line":72,"column":100}},"14":{"start":{"line":73,"column":4},"end":{"line":73,"column":88}},"15":{"start":{"line":73,"column":17},"end":{"line":73,"column":88}},"16":{"start":{"line":75,"column":4},"end":{"line":85,"column":6}},"17":{"start":{"line":88,"column":15},"end":{"line":95,"column":2}}},"fnMap":{"0":{"name":"PoseDetectorCamera","decl":{"start":{"line":15,"column":48},"end":{"line":15,"column":66}},"loc":{"start":{"line":15,"column":142},"end":{"line":86,"column":1}},"line":15},"1":{"name":"(anonymous_1)","decl":{"start":{"line":21,"column":51},"end":{"line":21,"column":52}},"loc":{"start":{"line":21,"column":68},"end":{"line":25,"column":5}},"line":21},"2":{"name":"(anonymous_2)","decl":{"start":{"line":27,"column":45},"end":{"line":27,"column":46}},"loc":{"start":{"line":27,"column":56},"end":{"line":70,"column":5}},"line":27}},"branchMap":{"0":{"loc":{"start":{"line":15,"column":98},"end":{"line":15,"column":113}},"type":"default-arg","locations":[{"start":{"line":15,"column":107},"end":{"line":15,"column":113}}],"line":15},"1":{"loc":{"start":{"line":22,"column":8},"end":{"line":24,"column":9}},"type":"if","locations":[{"start":{"line":22,"column":8},"end":{"line":24,"column":9}},{"start":{},"end":{}}],"line":22},"2":{"loc":{"start":{"line":29,"column":8},"end":{"line":29,"column":29}},"type":"if","locations":[{"start":{"line":29,"column":8},"end":{"line":29,"column":29}},{"start":{},"end":{}}],"line":29},"3":{"loc":{"start":{"line":72,"column":4},"end":{"line":72,"column":100}},"type":"if","locations":[{"start":{"line":72,"column":4},"end":{"line":72,"column":100}},{"start":{},"end":{}}],"line":72},"4":{"loc":{"start":{"line":73,"column":4},"end":{"line":73,"column":88}},"type":"if","locations":[{"start":{"line":73,"column":4},"end":{"line":73,"column":88}},{"start":{},"end":{}}],"line":73}},"s":{"0":1,"1":35,"2":35,"3":35,"4":35,"5":35,"6":0,"7":0,"8":35,"9":0,"10":0,"11":0,"12":35,"13":26,"14":9,"15":0,"16":9,"17":1},"f":{"0":35,"1":0,"2":0},"b":{"0":[0],"1":[0,0],"2":[0,0],"3":[26,9],"4":[0,9]},"_coverageSchema":"1a1c01bbd47fc00a2c39e90264f33305004495a9","hash":"95cb00fbe9fe76f09a527b27f452d3a1084263ee"}
,"/Users/timyu/Desktop/fitness/fitness-demo/components/SessionItem.tsx": {"path":"/Users/timyu/Desktop/fitness/fitness-demo/components/SessionItem.tsx","statementMap":{"0":{"start":{"line":16,"column":24},"end":{"line":16,"column":90}},"1":{"start":{"line":16,"column":42},"end":{"line":16,"column":89}},"2":{"start":{"line":17,"column":24},"end":{"line":17,"column":40}},"3":{"start":{"line":18,"column":19},"end":{"line":18,"column":41}},"4":{"start":{"line":19,"column":27},"end":{"line":19,"column":57}},"5":{"start":{"line":21,"column":4},"end":{"line":64,"column":6}}},"fnMap":{"0":{"name":"SessionItem","decl":{"start":{"line":15,"column":16},"end":{"line":15,"column":27}},"loc":{"start":{"line":15,"column":115},"end":{"line":65,"column":1}},"line":15},"1":{"name":"(anonymous_1)","decl":{"start":{"line":16,"column":36},"end":{"line":16,"column":37}},"loc":{"start":{"line":16,"column":42},"end":{"line":16,"column":89}},"line":16}},"branchMap":{"0":{"loc":{"start":{"line":16,"column":24},"end":{"line":16,"column":90}},"type":"binary-expr","locations":[{"start":{"line":16,"column":24},"end":{"line":16,"column":31}},{"start":{"line":16,"column":36},"end":{"line":16,"column":89}}],"line":16},"1":{"loc":{"start":{"line":19,"column":27},"end":{"line":19,"column":57}},"type":"cond-expr","locations":[{"start":{"line":19,"column":36},"end":{"line":19,"column":45}},{"start":{"line":19,"column":48},"end":{"line":19,"column":57}}],"line":19},"2":{"loc":{"start":{"line":46,"column":13},"end":{"line":50,"column":13}},"type":"binary-expr","locations":[{"start":{"line":46,"column":13},"end":{"line":46,"column":26}},{"start":{"line":47,"column":16},"end":{"line":49,"column":35}}],"line":46},"3":{"loc":{"start":{"line":52,"column":13},"end":{"line":56,"column":13}},"type":"binary-expr","locations":[{"start":{"line":52,"column":13},"end":{"line":52,"column":29}},{"start":{"line":53,"column":16},"end":{"line":55,"column":35}}],"line":52},"4":{"loc":{"start":{"line":58,"column":13},"end":{"line":62,"column":13}},"type":"binary-expr","locations":[{"start":{"line":58,"column":13},"end":{"line":58,"column":27}},{"start":{"line":58,"column":31},"end":{"line":58,"column":48}},{"start":{},"end":{}}],"line":58}},"s":{"0":7,"1":1,"2":7,"3":7,"4":7,"5":7},"f":{"0":7,"1":1},"b":{"0":[7,7],"1":[0,7],"2":[7,1],"3":[7,4],"4":[7,6,2]},"_coverageSchema":"1a1c01bbd47fc00a2c39e90264f33305004495a9","hash":"9b9d994ae4971521093ab08e6cbd46ffe95a64ce"}
,"/Users/timyu/Desktop/fitness/fitness-demo/components/themed-text.tsx": {"path":"/Users/timyu/Desktop/fitness/fitness-demo/components/themed-text.tsx","statementMap":{"0":{"start":{"line":18,"column":16},"end":{"line":18,"column":77}},"1":{"start":{"line":20,"column":2},"end":{"line":33,"column":4}},"2":{"start":{"line":36,"column":15},"end":{"line":60,"column":2}}},"fnMap":{"0":{"name":"ThemedText","decl":{"start":{"line":11,"column":16},"end":{"line":11,"column":26}},"loc":{"start":{"line":17,"column":20},"end":{"line":34,"column":1}},"line":17}},"branchMap":{"0":{"loc":{"start":{"line":15,"column":2},"end":{"line":15,"column":18}},"type":"default-arg","locations":[{"start":{"line":15,"column":9},"end":{"line":15,"column":18}}],"line":15},"1":{"loc":{"start":{"line":24,"column":8},"end":{"line":24,"column":55}},"type":"cond-expr","locations":[{"start":{"line":24,"column":29},"end":{"line":24,"column":43}},{"start":{"line":24,"column":46},"end":{"line":24,"column":55}}],"line":24},"2":{"loc":{"start":{"line":25,"column":8},"end":{"line":25,"column":51}},"type":"cond-expr","locations":[{"start":{"line":25,"column":27},"end":{"line":25,"column":39}},{"start":{"line":25,"column":42},"end":{"line":25,"column":51}}],"line":25},"3":{"loc":{"start":{"line":26,"column":8},"end":{"line":26,"column":71}},"type":"cond-expr","locations":[{"start":{"line":26,"column":37},"end":{"line":26,"column":59}},{"start":{"line":26,"column":62},"end":{"line":26,"column":71}}],"line":26},"4":{"loc":{"start":{"line":27,"column":8},"end":{"line":27,"column":57}},"type":"cond-expr","locations":[{"start":{"line":27,"column":30},"end":{"line":27,"column":45}},{"start":{"line":27,"column":48},"end":{"line":27,"column":57}}],"line":27},"5":{"loc":{"start":{"line":28,"column":8},"end":{"line":28,"column":49}},"type":"cond-expr","locations":[{"start":{"line":28,"column":26},"end":{"line":28,"column":37}},{"start":{"line":28,"column":40},"end":{"line":28,"column":49}}],"line":28}},"s":{"0":2,"1":2,"2":1},"f":{"0":2},"b":{"0":[1],"1":[1,1],"2":[1,1],"3":[0,2],"4":[0,2],"5":[0,2]},"_coverageSchema":"1a1c01bbd47fc00a2c39e90264f33305004495a9","hash":"041f9dce4a372be4bd4c1f2616ad281ea630abec"}
,"/Users/timyu/Desktop/fitness/fitness-demo/components/themed-view.tsx": {"path":"/Users/timyu/Desktop/fitness/fitness-demo/components/themed-view.tsx","statementMap":{"0":{"start":{"line":11,"column":26},"end":{"line":11,"column":93}},"1":{"start":{"line":13,"column":2},"end":{"line":13,"column":71}}},"fnMap":{"0":{"name":"ThemedView","decl":{"start":{"line":10,"column":16},"end":{"line":10,"column":26}},"loc":{"start":{"line":10,"column":93},"end":{"line":14,"column":1}},"line":10}},"branchMap":{},"s":{"0":1,"1":1},"f":{"0":1},"b":{},"_coverageSchema":"1a1c01bbd47fc00a2c39e90264f33305004495a9","hash":"adb989afd1bb4624244d5696b58a0d2f618138b5"}
,"/Users/timyu/Desktop/fitness/fitness-demo/components/ui/Button.tsx": {"path":"/Users/timyu/Desktop/fitness/fitness-demo/components/ui/Button.tsx","statementMap":{"0":{"start":{"line":6,"column":4},"end":{"line":6,"column":33}},"1":{"start":{"line":18,"column":23},"end":{"line":18,"column":92}},"2":{"start":{"line":20,"column":21},"end":{"line":25,"column":5}},"3":{"start":{"line":27,"column":18},"end":{"line":31,"column":5}},"4":{"start":{"line":33,"column":23},"end":{"line":38,"column":5}},"5":{"start":{"line":40,"column":4},"end":{"line":48,"column":6}}},"fnMap":{"0":{"name":"cn","decl":{"start":{"line":5,"column":9},"end":{"line":5,"column":11}},"loc":{"start":{"line":5,"column":37},"end":{"line":7,"column":1}},"line":5},"1":{"name":"Button","decl":{"start":{"line":17,"column":16},"end":{"line":17,"column":22}},"loc":{"start":{"line":17,"column":124},"end":{"line":49,"column":1}},"line":17}},"branchMap":{"0":{"loc":{"start":{"line":17,"column":36},"end":{"line":17,"column":55}},"type":"default-arg","locations":[{"start":{"line":17,"column":46},"end":{"line":17,"column":55}}],"line":17},"1":{"loc":{"start":{"line":17,"column":57},"end":{"line":17,"column":73}},"type":"default-arg","locations":[{"start":{"line":17,"column":64},"end":{"line":17,"column":73}}],"line":17},"2":{"loc":{"start":{"line":45,"column":13},"end":{"line":45,"column":57}},"type":"binary-expr","locations":[{"start":{"line":45,"column":13},"end":{"line":45,"column":17}},{"start":{},"end":{}}],"line":45}},"s":{"0":68,"1":34,"2":34,"3":34,"4":34,"5":34},"f":{"0":68,"1":34},"b":{"0":[30],"1":[34],"2":[34,0]},"_coverageSchema":"1a1c01bbd47fc00a2c39e90264f33305004495a9","hash":"2c1ec188f97646aba93503e17b5c17d5666cbb06"}
,"/Users/timyu/Desktop/fitness/fitness-demo/components/ui/Input.tsx": {"path":"/Users/timyu/Desktop/fitness/fitness-demo/components/ui/Input.tsx","statementMap":{"0":{"start":{"line":7,"column":4},"end":{"line":7,"column":33}},"1":{"start":{"line":17,"column":24},"end":{"line":17,"column":40}},"2":{"start":{"line":18,"column":19},"end":{"line":18,"column":41}},"3":{"start":{"line":19,"column":29},"end":{"line":19,"column":53}},"4":{"start":{"line":20,"column":22},"end":{"line":20,"column":46}},"5":{"start":{"line":22,"column":4},"end":{"line":47,"column":6}}},"fnMap":{"0":{"name":"cn","decl":{"start":{"line":6,"column":9},"end":{"line":6,"column":11}},"loc":{"start":{"line":6,"column":30},"end":{"line":8,"column":1}},"line":6},"1":{"name":"Input","decl":{"start":{"line":16,"column":16},"end":{"line":16,"column":21}},"loc":{"start":{"line":16,"column":79},"end":{"line":48,"column":1}},"line":16}},"branchMap":{"0":{"loc":{"start":{"line":19,"column":29},"end":{"line":19,"column":53}},"type":"cond-expr","locations":[{"start":{"line":19,"column":38},"end":{"line":19,"column":44}},{"start":{"line":19,"column":47},"end":{"line":19,"column":53}}],"line":19},"1":{"loc":{"start":{"line":20,"column":22},"end":{"line":20,"column":46}},"type":"cond-expr","locations":[{"start":{"line":20,"column":31},"end":{"line":20,"column":37}},{"start":{"line":20,"column":40},"end":{"line":20,"column":46}}],"line":20},"2":{"loc":{"start":{"line":24,"column":13},"end":{"line":24,"column":100}},"type":"binary-expr","locations":[{"start":{"line":24,"column":13},"end":{"line":24,"column":18}},{"start":{},"end":{}}],"line":24},"3":{"loc":{"start":{"line":29,"column":16},"end":{"line":29,"column":41}},"type":"binary-expr","locations":[{"start":{"line":29,"column":16},"end":{"line":29,"column":21}},{"start":{"line":29,"column":25},"end":{"line":29,"column":41}}],"line":29},"4":{"loc":{"start":{"line":33,"column":17},"end":{"line":35,"column":17}},"type":"binary-expr","locations":[{"start":{"line":33,"column":17},"end":{"line":33,"column":21}},{"start":{"line":34,"column":20},"end":{"line":34,"column":100}}],"line":33},"5":{"loc":{"start":{"line":45,"column":13},"end":{"line":45,"column":80}},"type":"binary-expr","locations":[{"start":{"line":45,"column":13},"end":{"line":45,"column":18}},{"start":{},"end":{}}],"line":45}},"s":{"0":55,"1":55,"2":55,"3":55,"4":55,"5":55},"f":{"0":55,"1":55},"b":{"0":[0,55],"1":[0,55],"2":[55,2],"3":[55,1],"4":[55,53],"5":[55,1]},"_coverageSchema":"1a1c01bbd47fc00a2c39e90264f33305004495a9","hash":"328520c2523ef696e39fefaea75a6c8eaf79bba0"}
,"/Users/timyu/Desktop/fitness/fitness-demo/components/ui/collapsible.tsx": {"path":"/Users/timyu/Desktop/fitness/fitness-demo/components/ui/collapsible.tsx","statementMap":{"0":{"start":{"line":11,"column":30},"end":{"line":11,"column":45}},"1":{"start":{"line":12,"column":16},"end":{"line":12,"column":43}},"2":{"start":{"line":14,"column":2},"end":{"line":32,"column":4}},"3":{"start":{"line":18,"column":23},"end":{"line":18,"column":51}},"4":{"start":{"line":18,"column":44},"end":{"line":18,"column":50}},"5":{"start":{"line":35,"column":15},"end":{"line":45,"column":2}}},"fnMap":{"0":{"name":"Collapsible","decl":{"start":{"line":10,"column":16},"end":{"line":10,"column":27}},"loc":{"start":{"line":10,"column":88},"end":{"line":33,"column":1}},"line":10},"1":{"name":"(anonymous_1)","decl":{"start":{"line":18,"column":17},"end":{"line":18,"column":18}},"loc":{"start":{"line":18,"column":23},"end":{"line":18,"column":51}},"line":18},"2":{"name":"(anonymous_2)","decl":{"start":{"line":18,"column":33},"end":{"line":18,"column":34}},"loc":{"start":{"line":18,"column":44},"end":{"line":18,"column":50}},"line":18}},"branchMap":{"0":{"loc":{"start":{"line":12,"column":16},"end":{"line":12,"column":43}},"type":"binary-expr","locations":[{"start":{"line":12,"column":16},"end":{"line":12,"column":32}},{"start":{"line":12,"column":36},"end":{"line":12,"column":43}}],"line":12},"1":{"loc":{"start":{"line":24,"column":17},"end":{"line":24,"column":73}},"type":"cond-expr","locations":[{"start":{"line":24,"column":37},"end":{"line":24,"column":54}},{"start":{"line":24,"column":57},"end":{"line":24,"column":73}}],"line":24},"2":{"loc":{"start":{"line":25,"column":41},"end":{"line":25,"column":66}},"type":"cond-expr","locations":[{"start":{"line":25,"column":50},"end":{"line":25,"column":57}},{"start":{"line":25,"column":60},"end":{"line":25,"column":66}}],"line":25},"3":{"loc":{"start":{"line":30,"column":7},"end":{"line":30,"column":75}},"type":"binary-expr","locations":[{"start":{"line":30,"column":7},"end":{"line":30,"column":13}},{"start":{"line":30,"column":17},"end":{"line":30,"column":75}}],"line":30}},"s":{"0":3,"1":3,"2":3,"3":2,"4":2,"5":1},"f":{"0":3,"1":2,"2":2},"b":{"0":[3,0],"1":[3,0],"2":[1,2],"3":[3,1]},"_coverageSchema":"1a1c01bbd47fc00a2c39e90264f33305004495a9","hash":"eee6c1c35bfb198817fd3ef3ad97b89689aa07d0"}
,"/Users/timyu/Desktop/fitness/fitness-demo/components/ui/icon-symbol.ios.tsx": {"path":"/Users/timyu/Desktop/fitness/fitness-demo/components/ui/icon-symbol.ios.tsx","statementMap":{"0":{"start":{"line":17,"column":2},"end":{"line":31,"column":4}}},"fnMap":{"0":{"name":"IconSymbol","decl":{"start":{"line":4,"column":16},"end":{"line":4,"column":26}},"loc":{"start":{"line":16,"column":3},"end":{"line":32,"column":1}},"line":16}},"branchMap":{"0":{"loc":{"start":{"line":6,"column":2},"end":{"line":6,"column":11}},"type":"default-arg","locations":[{"start":{"line":6,"column":9},"end":{"line":6,"column":11}}],"line":6},"1":{"loc":{"start":{"line":9,"column":2},"end":{"line":9,"column":20}},"type":"default-arg","locations":[{"start":{"line":9,"column":11},"end":{"line":9,"column":20}}],"line":9}},"s":{"0":4},"f":{"0":4},"b":{"0":[0],"1":[1]},"_coverageSchema":"1a1c01bbd47fc00a2c39e90264f33305004495a9","hash":"7bdb9669e51bdad886c0e6127102bd660a383113"}
,"/Users/timyu/Desktop/fitness/fitness-demo/constants/theme.ts": {"path":"/Users/timyu/Desktop/fitness/fitness-demo/constants/theme.ts","statementMap":{"0":{"start":{"line":8,"column":23},"end":{"line":8,"column":32}},"1":{"start":{"line":9,"column":22},"end":{"line":9,"column":28}},"2":{"start":{"line":11,"column":22},"end":{"line":28,"column":1}},"3":{"start":{"line":30,"column":21},"end":{"line":53,"column":2}}},"fnMap":{},"branchMap":{},"s":{"0":3,"1":3,"2":3,"3":3},"f":{},"b":{},"_coverageSchema":"1a1c01bbd47fc00a2c39e90264f33305004495a9","hash":"a33a289cf15bb81296fcfe03e1321fce627b75d7"}
,"/Users/timyu/Desktop/fitness/fitness-demo/hooks/use-color-scheme.ts": {"path":"/Users/timyu/Desktop/fitness/fitness-demo/hooks/use-color-scheme.ts","statementMap":{},"fnMap":{},"branchMap":{},"s":{},"f":{},"b":{},"_coverageSchema":"1a1c01bbd47fc00a2c39e90264f33305004495a9","hash":"99bef32941d4a862fee6f4efd3781522c6e04846"}
,"/Users/timyu/Desktop/fitness/fitness-demo/hooks/use-theme-color.ts": {"path":"/Users/timyu/Desktop/fitness/fitness-demo/hooks/use-theme-color.ts","statementMap":{"0":{"start":{"line":13,"column":16},"end":{"line":13,"column":43}},"1":{"start":{"line":14,"column":25},"end":{"line":14,"column":37}},"2":{"start":{"line":16,"column":2},"end":{"line":20,"column":3}},"3":{"start":{"line":17,"column":4},"end":{"line":17,"column":26}},"4":{"start":{"line":19,"column":4},"end":{"line":19,"column":36}}},"fnMap":{"0":{"name":"useThemeColor","decl":{"start":{"line":9,"column":16},"end":{"line":9,"column":29}},"loc":{"start":{"line":12,"column":2},"end":{"line":21,"column":1}},"line":12}},"branchMap":{"0":{"loc":{"start":{"line":13,"column":16},"end":{"line":13,"column":43}},"type":"binary-expr","locations":[{"start":{"line":13,"column":16},"end":{"line":13,"column":32}},{"start":{"line":13,"column":36},"end":{"line":13,"column":43}}],"line":13},"1":{"loc":{"start":{"line":16,"column":2},"end":{"line":20,"column":3}},"type":"if","locations":[{"start":{"line":16,"column":2},"end":{"line":20,"column":3}},{"start":{"line":18,"column":9},"end":{"line":20,"column":3}}],"line":16}},"s":{"0":5,"1":5,"2":5,"3":1,"4":4},"f":{"0":5},"b":{"0":[5,0],"1":[1,4]},"_coverageSchema":"1a1c01bbd47fc00a2c39e90264f33305004495a9","hash":"283966b7204c8058bd133f929b33165448dd602f"}
,"/Users/timyu/Desktop/fitness/fitness-demo/hooks/useCameraPermissions.ts": {"path":"/Users/timyu/Desktop/fitness/fitness-demo/hooks/useCameraPermissions.ts","statementMap":{"0":{"start":{"line":5,"column":46},"end":{"line":5,"column":61}},"1":{"start":{"line":7,"column":4},"end":{"line":12,"column":11}},"2":{"start":{"line":8,"column":8},"end":{"line":11,"column":13}},"3":{"start":{"line":9,"column":27},"end":{"line":9,"column":65}},"4":{"start":{"line":10,"column":12},"end":{"line":10,"column":51}},"5":{"start":{"line":14,"column":4},"end":{"line":14,"column":25}}},"fnMap":{"0":{"name":"useCameraPermissions","decl":{"start":{"line":4,"column":16},"end":{"line":4,"column":36}},"loc":{"start":{"line":4,"column":39},"end":{"line":15,"column":1}},"line":4},"1":{"name":"(anonymous_1)","decl":{"start":{"line":7,"column":14},"end":{"line":7,"column":15}},"loc":{"start":{"line":7,"column":20},"end":{"line":12,"column":5}},"line":7},"2":{"name":"(anonymous_2)","decl":{"start":{"line":8,"column":9},"end":{"line":8,"column":10}},"loc":{"start":{"line":8,"column":21},"end":{"line":11,"column":9}},"line":8}},"branchMap":{},"s":{"0":35,"1":35,"2":8,"3":8,"4":8,"5":35},"f":{"0":35,"1":8,"2":8},"b":{},"_coverageSchema":"1a1c01bbd47fc00a2c39e90264f33305004495a9","hash":"09ab35996e5e3aa427ece02e414e6ca83c51d098"}
,"/Users/timyu/Desktop/fitness/fitness-demo/hooks/usePoseModel.ts": {"path":"/Users/timyu/Desktop/fitness/fitness-demo/hooks/usePoseModel.ts","statementMap":{"0":{"start":{"line":7,"column":34},"end":{"line":7,"column":73}},"1":{"start":{"line":9,"column":4},"end":{"line":20,"column":19}},"2":{"start":{"line":10,"column":8},"end":{"line":19,"column":13}},"3":{"start":{"line":11,"column":12},"end":{"line":18,"column":13}},"4":{"start":{"line":12,"column":34},"end":{"line":12,"column":108}},"5":{"start":{"line":13,"column":29},"end":{"line":13,"column":72}},"6":{"start":{"line":14,"column":16},"end":{"line":14,"column":33}},"7":{"start":{"line":15,"column":16},"end":{"line":15,"column":73}},"8":{"start":{"line":17,"column":16},"end":{"line":17,"column":83}},"9":{"start":{"line":22,"column":4},"end":{"line":22,"column":19}}},"fnMap":{"0":{"name":"usePoseModel","decl":{"start":{"line":6,"column":16},"end":{"line":6,"column":28}},"loc":{"start":{"line":6,"column":48},"end":{"line":23,"column":1}},"line":6},"1":{"name":"(anonymous_1)","decl":{"start":{"line":9,"column":14},"end":{"line":9,"column":15}},"loc":{"start":{"line":9,"column":20},"end":{"line":20,"column":5}},"line":9},"2":{"name":"(anonymous_2)","decl":{"start":{"line":10,"column":9},"end":{"line":10,"column":10}},"loc":{"start":{"line":10,"column":21},"end":{"line":19,"column":9}},"line":10}},"branchMap":{"0":{"loc":{"start":{"line":12,"column":63},"end":{"line":12,"column":107}},"type":"binary-expr","locations":[{"start":{"line":12,"column":63},"end":{"line":12,"column":71}},{"start":{"line":12,"column":75},"end":{"line":12,"column":107}}],"line":12}},"s":{"0":35,"1":35,"2":8,"3":8,"4":8,"5":0,"6":0,"7":0,"8":8,"9":35},"f":{"0":35,"1":8,"2":8},"b":{"0":[8,0]},"_coverageSchema":"1a1c01bbd47fc00a2c39e90264f33305004495a9","hash":"d3fa851e90e371ccd4699b91804f5afd63826502"}
,"/Users/timyu/Desktop/fitness/fitness-demo/services/AIScoringService.ts": {"path":"/Users/timyu/Desktop/fitness/fitness-demo/services/AIScoringService.ts","statementMap":{"0":{"start":{"line":25,"column":22},"end":{"line":25,"column":54}},"1":{"start":{"line":31,"column":8},"end":{"line":31,"column":63}},"2":{"start":{"line":31,"column":37},"end":{"line":31,"column":61}},"3":{"start":{"line":35,"column":26},"end":{"line":35,"column":69}},"4":{"start":{"line":37,"column":8},"end":{"line":51,"column":10}},"5":{"start":{"line":55,"column":32},"end":{"line":55,"column":54}}},"fnMap":{"0":{"name":"(anonymous_0)","decl":{"start":{"line":27,"column":4},"end":{"line":27,"column":5}},"loc":{"start":{"line":27,"column":67},"end":{"line":52,"column":5}},"line":27},"1":{"name":"(anonymous_1)","decl":{"start":{"line":31,"column":26},"end":{"line":31,"column":27}},"loc":{"start":{"line":31,"column":37},"end":{"line":31,"column":61}},"line":31}},"branchMap":{},"s":{"0":1,"1":1,"2":1,"3":1,"4":1,"5":1},"f":{"0":1,"1":1},"b":{},"_coverageSchema":"1a1c01bbd47fc00a2c39e90264f33305004495a9","hash":"0eb7d9788cc46ebc569f414dacc4d6d3945e0199"}
,"/Users/timyu/Desktop/fitness/fitness-demo/services/AuthService.ts": {"path":"/Users/timyu/Desktop/fitness/fitness-demo/services/AuthService.ts","statementMap":{"0":{"start":{"line":12,"column":22},"end":{"line":12,"column":55}},"1":{"start":{"line":17,"column":8},"end":{"line":17,"column":54}},"2":{"start":{"line":21,"column":8},"end":{"line":38,"column":9}},"3":{"start":{"line":22,"column":24},"end":{"line":29,"column":14}},"4":{"start":{"line":30,"column":25},"end":{"line":30,"column":41}},"5":{"start":{"line":31,"column":12},"end":{"line":33,"column":13}},"6":{"start":{"line":32,"column":16},"end":{"line":32,"column":58}},"7":{"start":{"line":34,"column":12},"end":{"line":34,"column":77}},"8":{"start":{"line":36,"column":12},"end":{"line":36,"column":29}},"9":{"start":{"line":37,"column":12},"end":{"line":37,"column":64}},"10":{"start":{"line":42,"column":8},"end":{"line":59,"column":9}},"11":{"start":{"line":43,"column":24},"end":{"line":50,"column":14}},"12":{"start":{"line":51,"column":25},"end":{"line":51,"column":41}},"13":{"start":{"line":52,"column":12},"end":{"line":54,"column":13}},"14":{"start":{"line":53,"column":16},"end":{"line":53,"column":58}},"15":{"start":{"line":55,"column":12},"end":{"line":55,"column":77}},"16":{"start":{"line":57,"column":12},"end":{"line":57,"column":29}},"17":{"start":{"line":58,"column":12},"end":{"line":58,"column":64}},"18":{"start":{"line":65,"column":21},"end":{"line":65,"column":38}},"19":{"start":{"line":66,"column":29},"end":{"line":66,"column":89}},"20":{"start":{"line":67,"column":8},"end":{"line":67,"column":45}},"21":{"start":{"line":71,"column":27},"end":{"line":71,"column":44}}},"fnMap":{"0":{"name":"(anonymous_0)","decl":{"start":{"line":14,"column":4},"end":{"line":14,"column":5}},"loc":{"start":{"line":14,"column":90},"end":{"line":18,"column":5}},"line":14},"1":{"name":"(anonymous_1)","decl":{"start":{"line":20,"column":4},"end":{"line":20,"column":5}},"loc":{"start":{"line":20,"column":117},"end":{"line":39,"column":5}},"line":20},"2":{"name":"(anonymous_2)","decl":{"start":{"line":41,"column":4},"end":{"line":41,"column":5}},"loc":{"start":{"line":41,"column":102},"end":{"line":60,"column":5}},"line":41},"3":{"name":"(anonymous_3)","decl":{"start":{"line":62,"column":4},"end":{"line":62,"column":5}},"loc":{"start":{"line":62,"column":19},"end":{"line":68,"column":5}},"line":62}},"branchMap":{"0":{"loc":{"start":{"line":31,"column":12},"end":{"line":33,"column":13}},"type":"if","locations":[{"start":{"line":31,"column":12},"end":{"line":33,"column":13}},{"start":{},"end":{}}],"line":31},"1":{"loc":{"start":{"line":34,"column":46},"end":{"line":34,"column":74}},"type":"binary-expr","locations":[{"start":{"line":34,"column":46},"end":{"line":34,"column":56}},{"start":{"line":34,"column":60},"end":{"line":34,"column":74}}],"line":34},"2":{"loc":{"start":{"line":52,"column":12},"end":{"line":54,"column":13}},"type":"if","locations":[{"start":{"line":52,"column":12},"end":{"line":54,"column":13}},{"start":{},"end":{}}],"line":52},"3":{"loc":{"start":{"line":55,"column":46},"end":{"line":55,"column":74}},"type":"binary-expr","locations":[{"start":{"line":55,"column":46},"end":{"line":55,"column":56}},{"start":{"line":55,"column":60},"end":{"line":55,"column":74}}],"line":55}},"s":{"0":2,"1":2,"2":6,"3":6,"4":5,"5":5,"6":2,"7":3,"8":1,"9":1,"10":4,"11":4,"12":3,"13":3,"14":1,"15":2,"16":1,"17":1,"18":1,"19":1,"20":1,"21":2},"f":{"0":2,"1":6,"2":4,"3":1},"b":{"0":[2,3],"1":[3,1],"2":[1,2],"3":[2,1]},"_coverageSchema":"1a1c01bbd47fc00a2c39e90264f33305004495a9","hash":"c7c37f08f928c00d063550b4edfc1c1199195847"}
,"/Users/timyu/Desktop/fitness/fitness-demo/services/LibraryService.ts": {"path":"/Users/timyu/Desktop/fitness/fitness-demo/services/LibraryService.ts","statementMap":{"0":{"start":{"line":4,"column":22},"end":{"line":4,"column":58}},"1":{"start":{"line":7,"column":8},"end":{"line":14,"column":9}},"2":{"start":{"line":8,"column":24},"end":{"line":8,"column":49}},"3":{"start":{"line":9,"column":12},"end":{"line":9,"column":68}},"4":{"start":{"line":9,"column":25},"end":{"line":9,"column":68}},"5":{"start":{"line":10,"column":12},"end":{"line":10,"column":36}},"6":{"start":{"line":12,"column":12},"end":{"line":12,"column":29}},"7":{"start":{"line":13,"column":12},"end":{"line":13,"column":24}},"8":{"start":{"line":18,"column":8},"end":{"line":31,"column":9}},"9":{"start":{"line":19,"column":24},"end":{"line":26,"column":14}},"10":{"start":{"line":27,"column":12},"end":{"line":27,"column":36}},"11":{"start":{"line":29,"column":12},"end":{"line":29,"column":29}},"12":{"start":{"line":30,"column":12},"end":{"line":30,"column":62}},"13":{"start":{"line":35,"column":30},"end":{"line":35,"column":50}}},"fnMap":{"0":{"name":"(anonymous_0)","decl":{"start":{"line":6,"column":4},"end":{"line":6,"column":5}},"loc":{"start":{"line":6,"column":25},"end":{"line":15,"column":5}},"line":6},"1":{"name":"(anonymous_1)","decl":{"start":{"line":17,"column":4},"end":{"line":17,"column":5}},"loc":{"start":{"line":17,"column":80},"end":{"line":32,"column":5}},"line":17}},"branchMap":{"0":{"loc":{"start":{"line":9,"column":12},"end":{"line":9,"column":68}},"type":"if","locations":[{"start":{"line":9,"column":12},"end":{"line":9,"column":68}},{"start":{},"end":{}}],"line":9}},"s":{"0":2,"1":4,"2":4,"3":3,"4":1,"5":2,"6":2,"7":2,"8":2,"9":2,"10":1,"11":1,"12":1,"13":2},"f":{"0":4,"1":2},"b":{"0":[1,2]},"_coverageSchema":"1a1c01bbd47fc00a2c39e90264f33305004495a9","hash":"3d76bef26eec8cad2b1804ed9c0f527ceac2db4d"}
,"/Users/timyu/Desktop/fitness/fitness-demo/services/Logger.ts": {"path":"/Users/timyu/Desktop/fitness/fitness-demo/services/Logger.ts","statementMap":{"0":{"start":{"line":11,"column":41},"end":{"line":11,"column":43}},"1":{"start":{"line":12,"column":33},"end":{"line":12,"column":47}},"2":{"start":{"line":16,"column":8},"end":{"line":39,"column":11}},"3":{"start":{"line":17,"column":12},"end":{"line":17,"column":46}},"4":{"start":{"line":17,"column":39},"end":{"line":17,"column":46}},"5":{"start":{"line":19,"column":30},"end":{"line":19,"column":54}},"6":{"start":{"line":20,"column":31},"end":{"line":20,"column":46}},"7":{"start":{"line":21,"column":31},"end":{"line":21,"column":69}},"8":{"start":{"line":23,"column":27},"end":{"line":23,"column":97}},"9":{"start":{"line":25,"column":12},"end":{"line":38,"column":13}},"10":{"start":{"line":27,"column":20},"end":{"line":27,"column":42}},"11":{"start":{"line":28,"column":20},"end":{"line":28,"column":26}},"12":{"start":{"line":30,"column":20},"end":{"line":30,"column":41}},"13":{"start":{"line":31,"column":20},"end":{"line":31,"column":26}},"14":{"start":{"line":33,"column":20},"end":{"line":33,"column":41}},"15":{"start":{"line":34,"column":20},"end":{"line":34,"column":26}},"16":{"start":{"line":36,"column":20},"end":{"line":36,"column":42}},"17":{"start":{"line":37,"column":20},"end":{"line":37,"column":26}},"18":{"start":{"line":43,"column":8},"end":{"line":43,"column":40}},"19":{"start":{"line":47,"column":8},"end":{"line":47,"column":30}},"20":{"start":{"line":51,"column":8},"end":{"line":51,"column":58}},"21":{"start":{"line":55,"column":8},"end":{"line":55,"column":57}},"22":{"start":{"line":59,"column":8},"end":{"line":59,"column":57}},"23":{"start":{"line":63,"column":8},"end":{"line":63,"column":58}},"24":{"start":{"line":67,"column":8},"end":{"line":67,"column":88}},"25":{"start":{"line":67,"column":45},"end":{"line":67,"column":86}},"26":{"start":{"line":71,"column":22},"end":{"line":71,"column":41}}},"fnMap":{"0":{"name":"(anonymous_0)","decl":{"start":{"line":14,"column":4},"end":{"line":14,"column":5}},"loc":{"start":{"line":14,"column":18},"end":{"line":40,"column":5}},"line":14},"1":{"name":"(anonymous_1)","decl":{"start":{"line":16,"column":26},"end":{"line":16,"column":27}},"loc":{"start":{"line":16,"column":62},"end":{"line":39,"column":9}},"line":16},"2":{"name":"(anonymous_2)","decl":{"start":{"line":42,"column":4},"end":{"line":42,"column":5}},"loc":{"start":{"line":42,"column":42},"end":{"line":44,"column":5}},"line":42},"3":{"name":"(anonymous_3)","decl":{"start":{"line":46,"column":4},"end":{"line":46,"column":5}},"loc":{"start":{"line":46,"column":33},"end":{"line":48,"column":5}},"line":46},"4":{"name":"(anonymous_4)","decl":{"start":{"line":50,"column":4},"end":{"line":50,"column":5}},"loc":{"start":{"line":50,"column":57},"end":{"line":52,"column":5}},"line":50},"5":{"name":"(anonymous_5)","decl":{"start":{"line":54,"column":4},"end":{"line":54,"column":5}},"loc":{"start":{"line":54,"column":56},"end":{"line":56,"column":5}},"line":54},"6":{"name":"(anonymous_6)","decl":{"start":{"line":58,"column":4},"end":{"line":58,"column":5}},"loc":{"start":{"line":58,"column":56},"end":{"line":60,"column":5}},"line":58},"7":{"name":"(anonymous_7)","decl":{"start":{"line":62,"column":4},"end":{"line":62,"column":5}},"loc":{"start":{"line":62,"column":57},"end":{"line":64,"column":5}},"line":62},"8":{"name":"(anonymous_8)","decl":{"start":{"line":66,"column":4},"end":{"line":66,"column":5}},"loc":{"start":{"line":66,"column":80},"end":{"line":68,"column":5}},"line":66},"9":{"name":"(anonymous_9)","decl":{"start":{"line":67,"column":32},"end":{"line":67,"column":33}},"loc":{"start":{"line":67,"column":45},"end":{"line":67,"column":86}},"line":67}},"branchMap":{"0":{"loc":{"start":{"line":17,"column":12},"end":{"line":17,"column":46}},"type":"if","locations":[{"start":{"line":17,"column":12},"end":{"line":17,"column":46}},{"start":{},"end":{}}],"line":17},"1":{"loc":{"start":{"line":21,"column":31},"end":{"line":21,"column":69}},"type":"cond-expr","locations":[{"start":{"line":21,"column":38},"end":{"line":21,"column":64}},{"start":{"line":21,"column":67},"end":{"line":21,"column":69}}],"line":21},"2":{"loc":{"start":{"line":25,"column":12},"end":{"line":38,"column":13}},"type":"switch","locations":[{"start":{"line":26,"column":16},"end":{"line":28,"column":26}},{"start":{"line":29,"column":16},"end":{"line":31,"column":26}},{"start":{"line":32,"column":16},"end":{"line":34,"column":26}},{"start":{"line":35,"column":16},"end":{"line":37,"column":26}}],"line":25}},"s":{"0":2,"1":2,"2":2,"3":16,"4":1,"5":15,"6":15,"7":15,"8":15,"9":15,"10":1,"11":1,"12":3,"13":3,"14":2,"15":2,"16":9,"17":9,"18":3,"19":2,"20":1,"21":4,"22":2,"23":9,"24":16,"25":19,"26":2},"f":{"0":2,"1":16,"2":3,"3":2,"4":1,"5":4,"6":2,"7":9,"8":16,"9":19},"b":{"0":[1,15],"1":[9,6],"2":[1,3,2,9]},"_coverageSchema":"1a1c01bbd47fc00a2c39e90264f33305004495a9","hash":"c7182e33fac861ef5b2d85e6961ed041cf2874cb"}
,"/Users/timyu/Desktop/fitness/fitness-demo/services/ModelService.ts": {"path":"/Users/timyu/Desktop/fitness/fitness-demo/services/ModelService.ts","statementMap":{"0":{"start":{"line":5,"column":18},"end":{"line":5,"column":58}},"1":{"start":{"line":6,"column":24},"end":{"line":6,"column":45}},"2":{"start":{"line":8,"column":28},"end":{"line":63,"column":1}},"3":{"start":{"line":13,"column":24},"end":{"line":13,"column":64}},"4":{"start":{"line":14,"column":8},"end":{"line":16,"column":9}},"5":{"start":{"line":15,"column":12},"end":{"line":15,"column":84}},"6":{"start":{"line":25,"column":8},"end":{"line":25,"column":26}},"7":{"start":{"line":27,"column":28},"end":{"line":27,"column":55}},"8":{"start":{"line":28,"column":25},"end":{"line":28,"column":67}},"9":{"start":{"line":30,"column":8},"end":{"line":33,"column":9}},"10":{"start":{"line":31,"column":12},"end":{"line":31,"column":85}},"11":{"start":{"line":32,"column":12},"end":{"line":32,"column":31}},"12":{"start":{"line":35,"column":8},"end":{"line":44,"column":9}},"13":{"start":{"line":36,"column":12},"end":{"line":36,"column":76}},"14":{"start":{"line":37,"column":28},"end":{"line":37,"column":76}},"15":{"start":{"line":38,"column":12},"end":{"line":38,"column":73}},"16":{"start":{"line":39,"column":12},"end":{"line":39,"column":23}},"17":{"start":{"line":43,"column":12},"end":{"line":43,"column":80}},"18":{"start":{"line":52,"column":8},"end":{"line":52,"column":93}},"19":{"start":{"line":53,"column":8},"end":{"line":61,"column":9}},"20":{"start":{"line":56,"column":28},"end":{"line":56,"column":68}},"21":{"start":{"line":57,"column":12},"end":{"line":57,"column":27}},"22":{"start":{"line":59,"column":12},"end":{"line":59,"column":94}},"23":{"start":{"line":60,"column":12},"end":{"line":60,"column":20}}},"fnMap":{"0":{"name":"(anonymous_0)","decl":{"start":{"line":12,"column":4},"end":{"line":12,"column":5}},"loc":{"start":{"line":12,"column":32},"end":{"line":17,"column":5}},"line":12},"1":{"name":"(anonymous_1)","decl":{"start":{"line":24,"column":4},"end":{"line":24,"column":5}},"loc":{"start":{"line":24,"column":51},"end":{"line":45,"column":5}},"line":24},"2":{"name":"(anonymous_2)","decl":{"start":{"line":51,"column":4},"end":{"line":51,"column":5}},"loc":{"start":{"line":51,"column":70},"end":{"line":62,"column":5}},"line":51}},"branchMap":{"0":{"loc":{"start":{"line":14,"column":8},"end":{"line":16,"column":9}},"type":"if","locations":[{"start":{"line":14,"column":8},"end":{"line":16,"column":9}},{"start":{},"end":{}}],"line":14},"1":{"loc":{"start":{"line":30,"column":8},"end":{"line":33,"column":9}},"type":"if","locations":[{"start":{"line":30,"column":8},"end":{"line":33,"column":9}},{"start":{},"end":{}}],"line":30},"2":{"loc":{"start":{"line":35,"column":8},"end":{"line":44,"column":9}},"type":"if","locations":[{"start":{"line":35,"column":8},"end":{"line":44,"column":9}},{"start":{"line":40,"column":15},"end":{"line":44,"column":9}}],"line":35}},"s":{"0":2,"1":2,"2":2,"3":13,"4":13,"5":1,"6":11,"7":3,"8":3,"9":3,"10":1,"11":1,"12":2,"13":1,"14":1,"15":1,"16":1,"17":1,"18":2,"19":2,"20":2,"21":1,"22":1,"23":1},"f":{"0":13,"1":11,"2":2},"b":{"0":[1,4],"1":[1,2],"2":[1,1]},"_coverageSchema":"1a1c01bbd47fc00a2c39e90264f33305004495a9","hash":"9ce4a1293c4d972c4a7cc73f4e60e3ba22c986d7"}
,"/Users/timyu/Desktop/fitness/fitness-demo/store/library.ts": {"path":"/Users/timyu/Desktop/fitness/fitness-demo/store/library.ts","statementMap":{"0":{"start":{"line":21,"column":19},"end":{"line":21,"column":72}},"1":{"start":{"line":21,"column":34},"end":{"line":21,"column":72}},"2":{"start":{"line":25,"column":37},"end":{"line":66,"column":1}},"3":{"start":{"line":68,"column":43},"end":{"line":89,"column":1}},"4":{"start":{"line":94,"column":20},"end":{"line":94,"column":38}},"5":{"start":{"line":95,"column":26},"end":{"line":95,"column":47}},"6":{"start":{"line":96,"column":32},"end":{"line":96,"column":34}},"7":{"start":{"line":99,"column":21},"end":{"line":99,"column":56}},"8":{"start":{"line":100,"column":8},"end":{"line":108,"column":9}},"9":{"start":{"line":101,"column":12},"end":{"line":103,"column":13}},"10":{"start":{"line":102,"column":16},"end":{"line":102,"column":40}},"11":{"start":{"line":104,"column":12},"end":{"line":106,"column":13}},"12":{"start":{"line":105,"column":16},"end":{"line":105,"column":46}},"13":{"start":{"line":107,"column":12},"end":{"line":107,"column":26}},"14":{"start":{"line":112,"column":8},"end":{"line":112,"column":26}},"15":{"start":{"line":116,"column":8},"end":{"line":116,"column":29}},"16":{"start":{"line":120,"column":24},"end":{"line":120,"column":67}},"17":{"start":{"line":120,"column":48},"end":{"line":120,"column":66}},"18":{"start":{"line":121,"column":8},"end":{"line":121,"column":32}},"19":{"start":{"line":121,"column":22},"end":{"line":121,"column":32}},"20":{"start":{"line":122,"column":8},"end":{"line":122,"column":102}},"21":{"start":{"line":122,"column":41},"end":{"line":122,"column":74}},"22":{"start":{"line":122,"column":62},"end":{"line":122,"column":73}},"23":{"start":{"line":126,"column":21},"end":{"line":126,"column":54}},"24":{"start":{"line":126,"column":42},"end":{"line":126,"column":53}},"25":{"start":{"line":127,"column":8},"end":{"line":130,"column":9}},"26":{"start":{"line":128,"column":12},"end":{"line":128,"column":45}},"27":{"start":{"line":129,"column":12},"end":{"line":129,"column":26}},"28":{"start":{"line":134,"column":24},"end":{"line":134,"column":60}},"29":{"start":{"line":134,"column":48},"end":{"line":134,"column":59}},"30":{"start":{"line":135,"column":8},"end":{"line":138,"column":9}},"31":{"start":{"line":136,"column":12},"end":{"line":136,"column":51}},"32":{"start":{"line":137,"column":12},"end":{"line":137,"column":26}},"33":{"start":{"line":142,"column":8},"end":{"line":142,"column":38}},"34":{"start":{"line":143,"column":8},"end":{"line":145,"column":10}},"35":{"start":{"line":144,"column":12},"end":{"line":144,"column":72}},"36":{"start":{"line":144,"column":56},"end":{"line":144,"column":70}},"37":{"start":{"line":149,"column":8},"end":{"line":149,"column":41}},"38":{"start":{"line":149,"column":36},"end":{"line":149,"column":39}},"39":{"start":{"line":154,"column":28},"end":{"line":154,"column":46}}},"fnMap":{"0":{"name":"(anonymous_0)","decl":{"start":{"line":21,"column":19},"end":{"line":21,"column":20}},"loc":{"start":{"line":21,"column":34},"end":{"line":21,"column":72}},"line":21},"1":{"name":"(anonymous_1)","decl":{"start":{"line":98,"column":4},"end":{"line":98,"column":5}},"loc":{"start":{"line":98,"column":17},"end":{"line":109,"column":5}},"line":98},"2":{"name":"(anonymous_2)","decl":{"start":{"line":111,"column":4},"end":{"line":111,"column":5}},"loc":{"start":{"line":111,"column":15},"end":{"line":113,"column":5}},"line":111},"3":{"name":"(anonymous_3)","decl":{"start":{"line":115,"column":4},"end":{"line":115,"column":5}},"loc":{"start":{"line":115,"column":18},"end":{"line":117,"column":5}},"line":115},"4":{"name":"(anonymous_4)","decl":{"start":{"line":119,"column":4},"end":{"line":119,"column":5}},"loc":{"start":{"line":119,"column":47},"end":{"line":123,"column":5}},"line":119},"5":{"name":"(anonymous_5)","decl":{"start":{"line":120,"column":43},"end":{"line":120,"column":44}},"loc":{"start":{"line":120,"column":48},"end":{"line":120,"column":66}},"line":120},"6":{"name":"(anonymous_6)","decl":{"start":{"line":122,"column":35},"end":{"line":122,"column":36}},"loc":{"start":{"line":122,"column":41},"end":{"line":122,"column":74}},"line":122},"7":{"name":"(anonymous_7)","decl":{"start":{"line":122,"column":57},"end":{"line":122,"column":58}},"loc":{"start":{"line":122,"column":62},"end":{"line":122,"column":73}},"line":122},"8":{"name":"(anonymous_8)","decl":{"start":{"line":125,"column":4},"end":{"line":125,"column":5}},"loc":{"start":{"line":125,"column":37},"end":{"line":131,"column":5}},"line":125},"9":{"name":"(anonymous_9)","decl":{"start":{"line":126,"column":37},"end":{"line":126,"column":38}},"loc":{"start":{"line":126,"column":42},"end":{"line":126,"column":53}},"line":126},"10":{"name":"(anonymous_10)","decl":{"start":{"line":133,"column":4},"end":{"line":133,"column":5}},"loc":{"start":{"line":133,"column":40},"end":{"line":139,"column":5}},"line":133},"11":{"name":"(anonymous_11)","decl":{"start":{"line":134,"column":43},"end":{"line":134,"column":44}},"loc":{"start":{"line":134,"column":48},"end":{"line":134,"column":59}},"line":134},"12":{"name":"(anonymous_12)","decl":{"start":{"line":141,"column":4},"end":{"line":141,"column":5}},"loc":{"start":{"line":141,"column":36},"end":{"line":146,"column":5}},"line":141},"13":{"name":"(anonymous_13)","decl":{"start":{"line":143,"column":15},"end":{"line":143,"column":16}},"loc":{"start":{"line":143,"column":21},"end":{"line":145,"column":9}},"line":143},"14":{"name":"(anonymous_14)","decl":{"start":{"line":144,"column":51},"end":{"line":144,"column":52}},"loc":{"start":{"line":144,"column":56},"end":{"line":144,"column":70}},"line":144},"15":{"name":"(anonymous_15)","decl":{"start":{"line":148,"column":4},"end":{"line":148,"column":5}},"loc":{"start":{"line":148,"column":13},"end":{"line":150,"column":5}},"line":148},"16":{"name":"(anonymous_16)","decl":{"start":{"line":149,"column":31},"end":{"line":149,"column":32}},"loc":{"start":{"line":149,"column":36},"end":{"line":149,"column":39}},"line":149}},"branchMap":{"0":{"loc":{"start":{"line":100,"column":8},"end":{"line":108,"column":9}},"type":"if","locations":[{"start":{"line":100,"column":8},"end":{"line":108,"column":9}},{"start":{},"end":{}}],"line":100},"1":{"loc":{"start":{"line":101,"column":12},"end":{"line":103,"column":13}},"type":"if","locations":[{"start":{"line":101,"column":12},"end":{"line":103,"column":13}},{"start":{},"end":{}}],"line":101},"2":{"loc":{"start":{"line":104,"column":12},"end":{"line":106,"column":13}},"type":"if","locations":[{"start":{"line":104,"column":12},"end":{"line":106,"column":13}},{"start":{},"end":{}}],"line":104},"3":{"loc":{"start":{"line":121,"column":8},"end":{"line":121,"column":32}},"type":"if","locations":[{"start":{"line":121,"column":8},"end":{"line":121,"column":32}},{"start":{},"end":{}}],"line":121},"4":{"loc":{"start":{"line":127,"column":8},"end":{"line":130,"column":9}},"type":"if","locations":[{"start":{"line":127,"column":8},"end":{"line":130,"column":9}},{"start":{},"end":{}}],"line":127},"5":{"loc":{"start":{"line":135,"column":8},"end":{"line":138,"column":9}},"type":"if","locations":[{"start":{"line":135,"column":8},"end":{"line":138,"column":9}},{"start":{},"end":{}}],"line":135}},"s":{"0":2,"1":0,"2":2,"3":2,"4":2,"5":2,"6":2,"7":2,"8":2,"9":2,"10":2,"11":2,"12":1,"13":2,"14":8,"15":3,"16":2,"17":6,"18":2,"19":1,"20":1,"21":4,"22":33,"23":6,"24":8,"25":6,"26":5,"27":5,"28":3,"29":7,"30":3,"31":2,"32":2,"33":5,"34":5,"35":3,"36":3,"37":10,"38":3,"39":2},"f":{"0":0,"1":2,"2":8,"3":3,"4":2,"5":6,"6":4,"7":33,"8":6,"9":8,"10":3,"11":7,"12":5,"13":3,"14":3,"15":10,"16":3},"b":{"0":[2,0],"1":[2,0],"2":[1,1],"3":[1,1],"4":[5,1],"5":[2,1]},"_coverageSchema":"1a1c01bbd47fc00a2c39e90264f33305004495a9","hash":"207fed1c9926ef5742f26d6a7e737b2f1dfef793"}
}
