TN:
SF:app/add-move.tsx
FN:16,AddMoveScreen
FN:18,(anonymous_1)
FN:29,(anonymous_2)
FN:30,(anonymous_3)
FN:49,(anonymous_4)
FN:61,(anonymous_5)
FN:64,(anonymous_6)
FN:69,(anonymous_7)
FNF:8
FNH:8
FNDA:5,AddMoveScreen
FNDA:14,(anonymous_1)
FNDA:3,(anonymous_2)
FNDA:13,(anonymous_3)
FNDA:1,(anonymous_4)
FNDA:6,(anonymous_5)
FNDA:3,(anonymous_6)
FNDA:3,(anonymous_7)
DA:18,14
DA:19,5
DA:20,5
DA:21,5
DA:29,5
DA:30,13
DA:31,3
DA:33,3
DA:36,2
DA:38,2
DA:41,5
DA:49,1
DA:61,6
DA:65,3
DA:69,3
LF:15
LH:15
BRDA:33,0,0,1
BRDA:33,0,1,2
BRDA:46,1,0,0
BRDA:46,1,1,5
BRDA:47,2,0,0
BRDA:47,2,1,5
BRDA:52,3,0,2
BRDA:52,3,1,3
BRF:8
BRH:6
end_of_record
TN:
SF:app/add-session.tsx
FN:15,AddSessionScreen
FN:17,(anonymous_1)
FN:26,(anonymous_2)
FN:27,(anonymous_3)
FN:44,(anonymous_4)
FN:54,(anonymous_5)
FN:55,(anonymous_6)
FN:58,(anonymous_7)
FN:60,(anonymous_8)
FNF:9
FNH:9
FNDA:5,AddSessionScreen
FNDA:7,(anonymous_1)
FNDA:3,(anonymous_2)
FNDA:6,(anonymous_3)
FNDA:1,(anonymous_4)
FNDA:6,(anonymous_5)
FNDA:3,(anonymous_6)
FNDA:1,(anonymous_7)
FNDA:3,(anonymous_8)
DA:17,7
DA:18,5
DA:19,5
DA:20,5
DA:26,5
DA:27,6
DA:28,3
DA:30,3
DA:32,2
DA:33,2
DA:36,5
DA:44,1
DA:54,6
DA:56,3
DA:60,3
LF:15
LH:15
BRDA:30,0,0,1
BRDA:30,0,1,2
BRDA:41,1,0,0
BRDA:41,1,1,5
BRDA:42,2,0,0
BRDA:42,2,1,5
BRDA:47,3,0,2
BRDA:47,3,1,3
BRF:8
BRH:6
end_of_record
TN:
SF:app/(auth)/login.tsx
FN:21,LoginScreen
FN:34,(anonymous_1)
FN:37,(anonymous_2)
FN:38,(anonymous_3)
FN:43,(anonymous_4)
FN:50,(anonymous_5)
FN:78,(anonymous_6)
FN:102,(anonymous_7)
FN:124,(anonymous_8)
FN:173,(anonymous_9)
FN:188,(anonymous_10)
FN:198,(anonymous_11)
FNF:12
FNH:10
FNDA:49,LoginScreen
FNDA:20,(anonymous_1)
FNDA:0,(anonymous_2)
FNDA:0,(anonymous_3)
FNDA:20,(anonymous_4)
FNDA:5,(anonymous_5)
FNDA:7,(anonymous_6)
FNDA:2,(anonymous_7)
FNDA:1,(anonymous_8)
FNDA:6,(anonymous_9)
FNDA:1,(anonymous_10)
FNDA:1,(anonymous_11)
DA:22,49
DA:23,49
DA:24,49
DA:25,49
DA:26,49
DA:27,49
DA:30,49
DA:31,49
DA:34,49
DA:36,20
DA:37,4
DA:38,0
DA:40,16
DA:41,16
DA:43,20
DA:50,49
DA:51,5
DA:52,1
DA:55,4
DA:56,4
DA:58,4
DA:59,4
DA:60,3
DA:61,2
DA:63,1
DA:64,1
DA:65,1
DA:68,1
DA:69,1
DA:70,1
DA:78,49
DA:79,7
DA:81,7
DA:84,7
DA:86,1
DA:87,1
DA:89,6
DA:90,1
DA:91,1
DA:93,5
DA:96,5
DA:98,3
DA:99,3
DA:102,2
DA:105,2
DA:108,1
DA:109,1
DA:111,7
DA:115,49
DA:124,1
DA:173,6
DA:188,1
DA:198,1
LF:53
LH:52
BRDA:36,0,0,4
BRDA:36,0,1,16
BRDA:36,1,0,20
BRDA:36,1,1,4
BRDA:40,2,0,16
BRDA:40,2,1,0
BRDA:51,3,0,1
BRDA:51,3,1,4
BRDA:60,4,0,2
BRDA:60,4,1,1
BRDA:63,5,0,1
BRDA:63,5,1,0
BRDA:84,6,0,1
BRDA:84,6,1,6
BRDA:89,7,0,1
BRDA:89,7,1,5
BRDA:89,8,0,6
BRDA:89,8,1,5
BRDA:96,9,0,3
BRDA:96,9,1,2
BRDA:96,10,0,5
BRDA:96,10,1,3
BRDA:105,11,0,2
BRDA:105,11,1,0
BRDA:118,12,0,49
BRDA:118,12,1,0
BRDA:125,13,0,0
BRDA:125,13,1,49
BRDA:162,14,0,7
BRDA:162,14,1,42
BRDA:164,15,0,7
BRDA:164,15,1,42
BRDA:165,16,0,7
BRDA:165,16,1,42
BRDA:171,17,0,6
BRDA:171,17,1,43
BRF:36
BRH:31
end_of_record
TN:
SF:app/(auth)/signup.tsx
FN:21,SignupScreen
FN:35,(anonymous_1)
FN:81,(anonymous_2)
FN:141,(anonymous_3)
FNF:4
FNH:3
FNDA:19,SignupScreen
FNDA:4,(anonymous_1)
FNDA:1,(anonymous_2)
FNDA:0,(anonymous_3)
DA:22,19
DA:23,19
DA:24,19
DA:27,19
DA:28,19
DA:29,19
DA:30,19
DA:35,19
DA:37,4
DA:38,1
DA:40,3
DA:41,1
DA:44,2
DA:45,2
DA:48,2
DA:50,2
DA:52,1
DA:53,1
DA:54,1
DA:57,1
DA:62,1
DA:65,0
DA:67,2
DA:71,19
DA:81,1
DA:141,0
LF:26
LH:24
BRDA:37,0,0,1
BRDA:37,0,1,3
BRDA:37,1,0,4
BRDA:37,1,1,3
BRDA:40,2,0,1
BRDA:40,2,1,2
BRDA:50,3,0,1
BRDA:50,3,1,1
BRDA:50,4,0,2
BRDA:50,4,1,1
BRDA:62,5,0,1
BRDA:62,5,1,0
BRDA:74,6,0,19
BRDA:74,6,1,0
BRDA:82,7,0,0
BRDA:82,7,1,19
BRDA:131,8,0,2
BRDA:131,8,1,17
BRF:18
BRH:15
end_of_record
TN:
SF:app/(tabs)/index.tsx
FN:20,MovesScreen
FN:30,(anonymous_1)
FN:32,(anonymous_2)
FN:35,(anonymous_3)
FN:36,(anonymous_4)
FN:44,(anonymous_5)
FN:50,(anonymous_6)
FN:67,(anonymous_7)
FN:77,(anonymous_8)
FN:83,(anonymous_9)
FN:88,(anonymous_10)
FNF:11
FNH:9
FNDA:13,MovesScreen
FNDA:5,(anonymous_1)
FNDA:45,(anonymous_2)
FNDA:3,(anonymous_3)
FNDA:3,(anonymous_4)
FNDA:0,(anonymous_5)
FNDA:0,(anonymous_6)
FNDA:18,(anonymous_7)
FNDA:13,(anonymous_8)
FNDA:10,(anonymous_9)
FNDA:2,(anonymous_10)
DA:22,13
DA:23,13
DA:24,13
DA:25,13
DA:28,13
DA:30,13
DA:32,45
DA:35,5
DA:36,3
DA:40,5
DA:44,13
DA:50,0
DA:55,13
DA:67,18
DA:78,13
DA:84,10
DA:88,2
LF:17
LH:16
BRDA:25,0,0,0
BRDA:25,0,1,13
BRF:2
BRH:1
end_of_record
TN:
SF:app/(tabs)/profile.tsx
FN:29,ProfileScreen
FN:39,(anonymous_1)
FN:42,(anonymous_2)
FN:62,(anonymous_3)
FN:68,(anonymous_4)
FN:100,(anonymous_5)
FN:129,(anonymous_6)
FN:140,(anonymous_7)
FN:161,(anonymous_8)
FN:165,(anonymous_9)
FN:187,StatItem
FNF:11
FNH:8
FNDA:19,ProfileScreen
FNDA:19,(anonymous_1)
FNDA:19,(anonymous_2)
FNDA:1,(anonymous_3)
FNDA:0,(anonymous_4)
FNDA:2,(anonymous_5)
FNDA:0,(anonymous_6)
FNDA:1,(anonymous_7)
FNDA:76,(anonymous_8)
FNDA:0,(anonymous_9)
FNDA:57,StatItem
DA:17,1
DA:31,19
DA:32,19
DA:33,19
DA:34,19
DA:36,19
DA:38,19
DA:42,19
DA:43,19
DA:44,19
DA:45,18
DA:46,14
DA:49,1
DA:52,19
DA:57,19
DA:58,19
DA:59,19
DA:62,19
DA:68,0
DA:73,19
DA:102,2
DA:129,0
DA:141,1
DA:166,0
DA:188,57
LF:25
LH:22
BRDA:34,0,0,0
BRDA:34,0,1,19
BRDA:45,1,0,14
BRDA:45,1,1,4
BRDA:57,2,0,19
BRDA:57,2,1,7
BRDA:58,3,0,19
BRDA:58,3,1,7
BRDA:59,4,0,12
BRDA:59,4,1,7
BRDA:99,5,0,12
BRDA:99,5,1,7
BRDA:102,6,0,1
BRDA:102,6,1,1
BRDA:107,7,0,0
BRDA:107,7,1,19
BRDA:113,8,0,19
BRDA:113,8,1,0
BRDA:123,9,0,0
BRDA:123,9,1,19
BRDA:133,10,0,0
BRDA:133,10,1,19
BRDA:144,11,0,19
BRDA:144,11,1,7
BRDA:146,12,0,12
BRDA:146,12,1,7
BRDA:148,13,0,19
BRDA:148,13,1,7
BRDA:152,14,0,0
BRDA:152,14,1,19
BRDA:168,15,0,57
BRDA:168,15,1,19
BRDA:171,16,0,0
BRDA:171,16,1,76
BRDA:174,17,0,0
BRDA:174,17,1,76
BRF:36
BRH:28
end_of_record
TN:
SF:app/(tabs)/sessions.tsx
FN:20,SessionsScreen
FN:29,(anonymous_1)
FN:31,(anonymous_2)
FN:34,(anonymous_3)
FN:35,(anonymous_4)
FN:43,(anonymous_5)
FN:49,(anonymous_6)
FN:64,(anonymous_7)
FN:70,(anonymous_8)
FN:76,(anonymous_9)
FN:81,(anonymous_10)
FNF:11
FNH:9
FNDA:7,SessionsScreen
FNDA:3,(anonymous_1)
FNDA:3,(anonymous_2)
FNDA:1,(anonymous_3)
FNDA:1,(anonymous_4)
FNDA:0,(anonymous_5)
FNDA:0,(anonymous_6)
FNDA:6,(anonymous_7)
FNDA:7,(anonymous_8)
FNDA:3,(anonymous_9)
FNDA:1,(anonymous_10)
DA:22,7
DA:23,7
DA:24,7
DA:25,7
DA:27,7
DA:29,7
DA:31,3
DA:34,3
DA:35,1
DA:39,3
DA:43,7
DA:49,0
DA:54,7
DA:64,6
DA:71,7
DA:77,3
DA:81,1
LF:17
LH:16
BRDA:25,0,0,0
BRDA:25,0,1,7
BRF:2
BRH:1
end_of_record
TN:
SF:app/profile/subscription.tsx
FN:16,SubscriptionScreen
FN:31,(anonymous_1)
FN:53,(anonymous_2)
FN:71,(anonymous_3)
FN:110,(anonymous_4)
FN:114,(anonymous_5)
FN:144,FeatureRow
FNF:7
FNH:6
FNDA:11,SubscriptionScreen
FNDA:3,(anonymous_1)
FNDA:0,(anonymous_2)
FNDA:1,(anonymous_3)
FNDA:33,(anonymous_4)
FNDA:3,(anonymous_5)
FNDA:44,FeatureRow
DA:17,11
DA:18,11
DA:19,11
DA:22,11
DA:31,11
DA:32,3
DA:33,3
DA:35,3
DA:36,3
DA:37,1
DA:38,1
DA:39,1
DA:41,2
DA:44,2
DA:46,2
DA:48,1
DA:49,1
DA:50,1
DA:52,1
DA:53,0
DA:56,1
DA:59,0
DA:61,3
DA:65,11
DA:72,1
DA:114,3
DA:145,44
LF:27
LH:25
BRDA:36,0,0,1
BRDA:36,0,1,2
BRDA:46,1,0,1
BRDA:46,1,1,1
BRDA:56,2,0,1
BRDA:56,2,1,0
BRDA:74,3,0,0
BRDA:74,3,1,11
BRDA:115,4,0,11
BRDA:115,4,1,22
BRDA:118,5,0,33
BRDA:118,5,1,11
BRDA:152,6,0,44
BRDA:152,6,1,0
BRDA:152,7,0,44
BRDA:152,7,1,22
BRDA:154,8,0,44
BRDA:154,8,1,22
BRF:18
BRH:15
end_of_record
TN:
SF:app/workout/[id].tsx
FN:30,WorkoutSession
FN:63,(anonymous_1)
FN:96,(anonymous_2)
FN:101,(anonymous_3)
FN:111,(anonymous_4)
FN:122,(anonymous_5)
FN:123,(anonymous_6)
FN:126,(anonymous_7)
FN:149,(anonymous_8)
FN:181,(anonymous_9)
FN:257,(anonymous_10)
FN:258,(anonymous_11)
FN:259,(anonymous_12)
FN:262,(anonymous_13)
FN:267,(anonymous_14)
FN:268,(anonymous_15)
FN:269,(anonymous_16)
FN:278,(anonymous_17)
FN:285,(anonymous_18)
FN:291,(anonymous_19)
FNF:20
FNH:12
FNDA:23,WorkoutSession
FNDA:2,(anonymous_1)
FNDA:8,(anonymous_2)
FNDA:7,(anonymous_3)
FNDA:3,(anonymous_4)
FNDA:1,(anonymous_5)
FNDA:1,(anonymous_6)
FNDA:2,(anonymous_7)
FNDA:0,(anonymous_8)
FNDA:1,(anonymous_9)
FNDA:0,(anonymous_10)
FNDA:0,(anonymous_11)
FNDA:0,(anonymous_12)
FNDA:0,(anonymous_13)
FNDA:0,(anonymous_14)
FNDA:0,(anonymous_15)
FNDA:0,(anonymous_16)
FNDA:60,(anonymous_17)
FNDA:40,(anonymous_18)
FNDA:3,(anonymous_19)
DA:32,23
DA:33,23
DA:34,23
DA:37,23
DA:40,23
DA:43,23
DA:44,23
DA:47,23
DA:48,23
DA:49,23
DA:52,23
DA:55,23
DA:56,23
DA:57,23
DA:63,23
DA:64,2
DA:66,2
DA:67,2
DA:68,2
DA:70,2
DA:80,1
DA:81,1
DA:82,1
DA:85,1
DA:92,1
DA:96,23
DA:97,8
DA:98,1
DA:99,1
DA:101,7
DA:102,7
DA:111,23
DA:112,3
DA:113,3
DA:114,3
DA:116,2
DA:122,23
DA:123,1
DA:126,23
DA:127,2
DA:130,23
DA:131,23
DA:133,23
DA:134,23
DA:135,2
DA:143,21
DA:150,0
DA:151,0
DA:181,1
DA:257,0
DA:258,0
DA:259,0
DA:262,0
DA:267,0
DA:268,0
DA:269,0
DA:278,1
DA:285,1
DA:291,1
DA:292,3
DA:293,3
DA:294,3
LF:62
LH:53
BRDA:64,0,0,0
BRDA:64,0,1,2
BRDA:68,1,0,0
BRDA:68,1,1,2
BRDA:73,2,0,0
BRDA:73,2,1,2
BRDA:80,3,0,1
BRDA:80,3,1,0
BRDA:97,4,0,1
BRDA:97,4,1,7
BRDA:102,5,0,7
BRDA:102,5,1,0
BRDA:114,6,0,2
BRDA:114,6,1,1
BRDA:123,7,0,0
BRDA:123,7,1,1
BRDA:131,8,0,2
BRDA:131,8,1,21
BRDA:133,9,0,0
BRDA:133,9,1,23
BRDA:134,10,0,2
BRDA:134,10,1,21
BRDA:145,11,0,21
BRDA:145,11,1,21
BRDA:150,12,0,0
BRDA:150,12,1,0
BRDA:150,13,0,0
BRDA:150,13,1,0
BRDA:174,14,0,21
BRDA:174,14,1,2
BRDA:192,15,0,21
BRDA:192,15,1,7
BRDA:202,16,0,21
BRDA:202,16,1,21
BRDA:227,17,0,2
BRDA:227,17,1,19
BRDA:231,18,0,21
BRDA:231,18,1,0
BRDA:248,19,0,3
BRDA:248,19,1,18
BRDA:278,20,0,40
BRDA:301,21,0,0
BRDA:301,21,1,3
BRDA:302,22,0,3
BRDA:302,22,1,0
BRDA:302,23,0,0
BRDA:302,23,1,3
BRF:47
BRH:32
end_of_record
TN:
SF:components/LargeTitle.tsx
FN:10,LargeTitle
FNF:1
FNH:1
FNDA:39,LargeTitle
DA:11,39
DA:12,39
DA:13,39
DA:15,39
LF:4
LH:4
BRDA:13,0,0,0
BRDA:13,0,1,39
BRF:2
BRH:1
end_of_record
TN:
SF:components/MoveItem.tsx
FN:34,MoveItem
FN:35,(anonymous_1)
FNF:2
FNH:2
FNDA:16,MoveItem
FNDA:1,(anonymous_1)
DA:35,16
DA:36,16
DA:37,16
DA:38,16
DA:39,16
DA:41,16
LF:6
LH:6
BRDA:35,0,0,16
BRDA:35,0,1,15
BRDA:38,1,0,1
BRDA:38,1,1,15
BRDA:39,2,0,1
BRDA:39,2,1,15
BRDA:60,3,0,16
BRDA:60,3,1,1
BRDA:66,4,0,16
BRDA:66,4,1,11
BRF:10
BRH:10
end_of_record
TN:
SF:components/PoseDetectorCamera.tsx
FN:28,PoseDetectorCamera
FNF:1
FNH:1
FNDA:3,PoseDetectorCamera
DA:28,1
DA:32,3
DA:42,1
LF:3
LH:3
BRDA:28,0,0,2
BRF:1
BRH:1
end_of_record
TN:
SF:components/SessionItem.tsx
FN:34,SessionItem
FN:35,(anonymous_1)
FNF:2
FNH:2
FNDA:7,SessionItem
FNDA:1,(anonymous_1)
DA:35,7
DA:36,7
DA:37,7
DA:38,7
DA:40,7
LF:5
LH:5
BRDA:35,0,0,7
BRDA:35,0,1,7
BRDA:38,1,0,0
BRDA:38,1,1,7
BRDA:65,2,0,7
BRDA:65,2,1,1
BRDA:71,3,0,7
BRDA:71,3,1,4
BRDA:77,4,0,7
BRDA:77,4,1,6
BRDA:77,4,2,2
BRF:11
BRH:10
end_of_record
TN:
SF:components/StickyHeader.tsx
FN:11,StickyHeader
FNF:1
FNH:1
FNDA:39,StickyHeader
DA:12,39
DA:13,39
DA:14,39
DA:15,39
DA:17,39
DA:23,39
LF:6
LH:6
BRDA:14,0,0,0
BRDA:14,0,1,39
BRDA:15,1,0,0
BRDA:15,1,1,39
BRF:4
BRH:2
end_of_record
TN:
SF:components/themed-text.tsx
FN:27,ThemedText
FNF:1
FNH:1
FNDA:2,ThemedText
DA:34,2
DA:36,2
DA:52,1
LF:3
LH:3
BRDA:31,0,0,1
BRDA:40,1,0,1
BRDA:40,1,1,1
BRDA:41,2,0,1
BRDA:41,2,1,1
BRDA:42,3,0,0
BRDA:42,3,1,2
BRDA:43,4,0,0
BRDA:43,4,1,2
BRDA:44,5,0,0
BRDA:44,5,1,2
BRF:11
BRH:8
end_of_record
TN:
SF:components/themed-view.tsx
FN:24,ThemedView
FNF:1
FNH:1
FNDA:1,ThemedView
DA:25,1
DA:27,1
LF:2
LH:2
BRF:0
BRH:0
end_of_record
TN:
SF:components/ui/Button.tsx
FN:12,cn
FN:35,Button
FNF:2
FNH:2
FNDA:146,cn
FNDA:73,Button
DA:13,146
DA:36,73
DA:38,73
DA:45,73
DA:51,73
DA:58,73
LF:6
LH:6
BRDA:35,0,0,69
BRDA:35,1,0,73
BRDA:63,2,0,73
BRDA:63,2,1,0
BRF:4
BRH:3
end_of_record
TN:
SF:components/ui/Input.tsx
FN:13,cn
FN:32,Input
FNF:2
FNH:2
FNDA:152,cn
FNDA:152,Input
DA:14,152
DA:33,152
DA:34,152
DA:35,152
DA:36,152
DA:38,152
LF:6
LH:6
BRDA:35,0,0,0
BRDA:35,0,1,152
BRDA:36,1,0,0
BRDA:36,1,1,152
BRDA:40,2,0,152
BRDA:40,2,1,2
BRDA:45,3,0,152
BRDA:45,3,1,1
BRDA:49,4,0,152
BRDA:49,4,1,150
BRDA:61,5,0,152
BRDA:61,5,1,1
BRF:12
BRH:10
end_of_record
TN:
SF:components/ui/collapsible.tsx
FN:22,Collapsible
FN:30,(anonymous_1)
FN:30,(anonymous_2)
FNF:3
FNH:3
FNDA:3,Collapsible
FNDA:2,(anonymous_1)
FNDA:2,(anonymous_2)
DA:23,3
DA:24,3
DA:26,3
DA:30,2
DA:47,1
LF:5
LH:5
BRDA:24,0,0,3
BRDA:24,0,1,0
BRDA:36,1,0,3
BRDA:36,1,1,0
BRDA:37,2,0,1
BRDA:37,2,1,2
BRDA:42,3,0,3
BRDA:42,3,1,1
BRF:8
BRH:6
end_of_record
TN:
SF:components/ui/icon-symbol.ios.tsx
FN:4,IconSymbol
FNF:1
FNH:1
FNDA:4,IconSymbol
DA:17,4
LF:1
LH:1
BRDA:6,0,0,0
BRDA:9,1,0,1
BRF:2
BRH:1
end_of_record
TN:
SF:constants/theme.ts
FNF:0
FNH:0
DA:8,3
DA:9,3
DA:11,3
DA:30,3
LF:4
LH:4
BRF:0
BRH:0
end_of_record
TN:
SF:hooks/use-color-scheme.ts
FNF:0
FNH:0
LF:0
LH:0
BRF:0
BRH:0
end_of_record
TN:
SF:hooks/use-theme-color.ts
FN:19,useThemeColor
FNF:1
FNH:1
FNDA:6,useThemeColor
DA:23,6
DA:24,6
DA:26,6
DA:27,1
DA:29,5
LF:5
LH:5
BRDA:23,0,0,6
BRDA:23,0,1,1
BRDA:26,1,0,1
BRDA:26,1,1,5
BRF:4
BRH:4
end_of_record
TN:
SF:hooks/useFeatureLimit.ts
FN:13,useFeatureLimit
FN:20,(anonymous_1)
FN:43,(anonymous_2)
FNF:3
FNH:3
FNDA:16,useFeatureLimit
FNDA:12,(anonymous_1)
FNDA:1,(anonymous_2)
DA:20,16
DA:21,12
DA:22,12
DA:23,12
DA:24,9
DA:27,9
DA:28,3
DA:31,6
DA:33,6
DA:34,5
DA:38,5
DA:43,1
DA:46,5
DA:50,4
DA:52,0
DA:55,0
DA:59,16
LF:17
LH:15
BRDA:23,0,0,9
BRDA:23,0,1,3
BRDA:27,1,0,3
BRDA:27,1,1,6
BRDA:31,2,0,3
BRDA:31,2,1,3
BRDA:33,3,0,5
BRDA:33,3,1,1
BRDA:34,4,0,2
BRDA:34,4,1,3
BRF:10
BRH:10
end_of_record
TN:
SF:hooks/usePoseModel.ts
FN:6,usePoseModel
FN:9,(anonymous_1)
FN:10,(anonymous_2)
FNF:3
FNH:3
FNDA:6,usePoseModel
FNDA:4,(anonymous_1)
FNDA:4,(anonymous_2)
DA:7,6
DA:9,6
DA:10,4
DA:11,4
DA:12,4
DA:13,3
DA:14,2
DA:15,2
DA:17,2
DA:22,6
LF:10
LH:10
BRDA:12,0,0,4
BRDA:12,0,1,1
BRF:2
BRH:2
end_of_record
TN:
SF:services/AIScoringService.ts
FN:47,(anonymous_0)
FNF:1
FNH:1
FNDA:3,(anonymous_0)
DA:48,3
DA:49,3
DA:50,2
DA:52,2
DA:54,1
DA:57,1
DA:63,1
DA:64,1
DA:73,1
LF:9
LH:9
BRDA:52,0,0,1
BRDA:52,0,1,1
BRF:2
BRH:2
end_of_record
TN:
SF:services/AuthService.ts
FN:38,(anonymous_0)
FN:51,(anonymous_1)
FN:76,(anonymous_2)
FN:102,(anonymous_3)
FN:120,(anonymous_4)
FN:123,(anonymous_5)
FN:140,(anonymous_6)
FNF:7
FNH:7
FNDA:1,(anonymous_0)
FNDA:5,(anonymous_1)
FNDA:2,(anonymous_2)
FNDA:2,(anonymous_3)
FNDA:2,(anonymous_4)
FNDA:2,(anonymous_5)
FNDA:1,(anonymous_6)
DA:41,1
DA:52,5
DA:53,5
DA:59,4
DA:60,4
DA:61,2
DA:63,2
DA:65,1
DA:66,1
DA:77,2
DA:78,2
DA:83,2
DA:84,2
DA:85,1
DA:87,1
DA:89,0
DA:90,0
DA:103,2
DA:104,2
DA:108,1
DA:110,1
DA:111,1
DA:121,2
DA:123,2
DA:127,2
DA:129,1
DA:131,1
DA:132,1
DA:141,1
DA:142,1
DA:143,1
DA:148,2
LF:32
LH:30
BRDA:60,0,0,2
BRDA:60,0,1,2
BRDA:63,1,0,2
BRDA:63,1,1,0
BRDA:66,2,0,1
BRDA:66,2,1,0
BRDA:84,3,0,1
BRDA:84,3,1,1
BRDA:87,4,0,1
BRDA:87,4,1,0
BRDA:90,5,0,0
BRDA:90,5,1,0
BRDA:111,6,0,1
BRDA:111,6,1,0
BRF:14
BRH:8
end_of_record
TN:
SF:services/LibraryService.ts
FN:56,(anonymous_0)
FN:81,(anonymous_1)
FNF:2
FNH:2
FNDA:4,(anonymous_0)
FNDA:2,(anonymous_1)
DA:57,4
DA:58,4
DA:61,3
DA:62,3
DA:63,3
DA:65,0
DA:67,1
DA:68,1
DA:85,2
DA:86,2
DA:90,1
DA:92,1
DA:93,1
DA:98,2
LF:14
LH:13
BRDA:62,0,0,3
BRDA:62,0,1,0
BRF:2
BRH:1
end_of_record
TN:
SF:services/Logger.ts
FN:21,(anonymous_0)
FN:23,(anonymous_1)
FN:53,(anonymous_2)
FN:61,(anonymous_3)
FN:65,(anonymous_4)
FN:69,(anonymous_5)
FN:73,(anonymous_6)
FN:77,(anonymous_7)
FN:81,(anonymous_8)
FN:82,(anonymous_9)
FNF:10
FNH:10
FNDA:1,(anonymous_0)
FNDA:8,(anonymous_1)
FNDA:2,(anonymous_2)
FNDA:2,(anonymous_3)
FNDA:1,(anonymous_4)
FNDA:4,(anonymous_5)
FNDA:2,(anonymous_6)
FNDA:1,(anonymous_7)
FNDA:8,(anonymous_8)
FNDA:11,(anonymous_9)
DA:18,1
DA:19,1
DA:23,1
DA:24,8
DA:26,7
DA:27,7
DA:28,7
DA:30,7
DA:32,7
DA:34,1
DA:35,1
DA:37,3
DA:38,3
DA:40,2
DA:41,2
DA:43,1
DA:44,1
DA:54,2
DA:62,2
DA:66,1
DA:70,4
DA:74,2
DA:78,1
DA:82,11
DA:86,1
LF:25
LH:25
BRDA:24,0,0,1
BRDA:24,0,1,7
BRDA:28,1,0,1
BRDA:28,1,1,6
BRDA:32,2,0,1
BRDA:32,2,1,3
BRDA:32,2,2,2
BRDA:32,2,3,1
BRF:8
BRH:8
end_of_record
TN:
SF:services/ModelService.ts
FN:12,(anonymous_0)
FN:24,(anonymous_1)
FN:51,(anonymous_2)
FNF:3
FNH:3
FNDA:5,(anonymous_0)
FNDA:3,(anonymous_1)
FNDA:2,(anonymous_2)
DA:5,1
DA:6,1
DA:8,1
DA:13,5
DA:14,5
DA:15,1
DA:25,3
DA:27,3
DA:28,3
DA:30,3
DA:31,1
DA:32,1
DA:35,2
DA:36,1
DA:37,1
DA:38,1
DA:39,1
DA:43,1
DA:52,2
DA:53,2
DA:56,2
DA:57,1
DA:59,1
DA:60,1
LF:24
LH:24
BRDA:14,0,0,1
BRDA:14,0,1,4
BRDA:30,1,0,1
BRDA:30,1,1,2
BRDA:35,2,0,1
BRDA:35,2,1,1
BRF:6
BRH:6
end_of_record
TN:
SF:services/analytics/DataCollector.ts
FN:41,(anonymous_0)
FN:60,(anonymous_1)
FN:65,(anonymous_2)
FN:80,(anonymous_3)
FN:87,(anonymous_4)
FNF:5
FNH:5
FNDA:24,(anonymous_0)
FNDA:25,(anonymous_1)
FNDA:2,(anonymous_2)
FNDA:2,(anonymous_3)
FNDA:22,(anonymous_4)
DA:32,2
DA:33,2
DA:42,24
DA:47,24
DA:50,24
DA:51,1
DA:61,25
DA:62,25
DA:65,2
DA:72,25
DA:73,25
DA:81,2
DA:83,2
DA:84,2
DA:87,2
DA:88,22
DA:89,2
DA:90,1
DA:92,1
DA:95,2
DA:98,2
DA:100,2
DA:101,2
DA:106,2
DA:110,0
DA:115,2
LF:26
LH:25
BRDA:50,0,0,1
BRDA:50,0,1,23
BRDA:62,1,0,2
BRDA:62,1,1,23
BRDA:81,2,0,0
BRDA:81,2,1,2
BRDA:88,3,0,20
BRDA:88,3,1,2
BRDA:89,4,0,1
BRDA:89,4,1,1
BRDA:95,5,0,0
BRDA:95,5,1,2
BRDA:98,6,0,2
BRDA:98,6,1,2
BRF:14
BRH:12
end_of_record
TN:
SF:services/api/client.ts
FN:20,(anonymous_0)
FN:22,(anonymous_1)
FN:106,(anonymous_2)
FN:112,(anonymous_3)
FN:130,(anonymous_4)
FN:131,(anonymous_5)
FNF:6
FNH:4
FNDA:6,(anonymous_0)
FNDA:6,(anonymous_1)
FNDA:0,(anonymous_2)
FNDA:6,(anonymous_3)
FNDA:0,(anonymous_4)
FNDA:6,(anonymous_5)
DA:13,7
DA:20,7
DA:22,6
DA:24,6
DA:25,6
DA:28,6
DA:29,2
DA:32,2
DA:33,1
DA:40,1
DA:48,1
DA:55,1
DA:64,4
DA:65,2
DA:70,2
DA:79,2
DA:80,1
DA:89,1
DA:90,0
DA:94,1
DA:95,0
DA:99,1
DA:100,0
DA:104,1
DA:105,1
DA:106,0
DA:112,7
DA:113,6
DA:114,6
DA:115,6
DA:116,1
DA:119,0
DA:121,6
DA:129,7
DA:130,0
DA:132,6
DA:134,0
DA:136,6
LF:38
LH:31
BRDA:28,0,0,2
BRDA:28,0,1,4
BRDA:28,1,0,6
BRDA:28,1,1,2
BRDA:29,2,0,2
BRDA:29,2,1,0
BRDA:32,3,0,1
BRDA:32,3,1,1
BRDA:32,4,0,2
BRDA:32,4,1,1
BRDA:32,4,2,1
BRDA:32,4,3,0
BRDA:64,5,0,2
BRDA:64,5,1,2
BRDA:64,6,0,4
BRDA:64,6,1,2
BRDA:79,7,0,1
BRDA:79,7,1,1
BRDA:79,8,0,2
BRDA:79,8,1,1
BRDA:89,9,0,0
BRDA:89,9,1,1
BRDA:94,10,0,0
BRDA:94,10,1,1
BRDA:99,11,0,0
BRDA:99,11,1,1
BRDA:115,12,0,1
BRDA:115,12,1,5
BRDA:132,13,0,0
BRDA:132,13,1,6
BRF:30
BRH:24
end_of_record
TN:
SF:store/library.ts
FN:47,(anonymous_0)
FN:133,(anonymous_1)
FN:146,(anonymous_2)
FN:147,(anonymous_3)
FN:157,(anonymous_4)
FN:158,(anonymous_5)
FN:179,(anonymous_6)
FN:186,(anonymous_7)
FN:194,(anonymous_8)
FN:195,(anonymous_9)
FN:197,(anonymous_10)
FN:197,(anonymous_11)
FN:204,(anonymous_12)
FN:205,(anonymous_13)
FN:216,(anonymous_14)
FN:217,(anonymous_15)
FN:229,(anonymous_16)
FN:231,(anonymous_17)
FN:232,(anonymous_18)
FN:240,(anonymous_19)
FN:241,(anonymous_20)
FNF:21
FNH:20
FNDA:0,(anonymous_0)
FNDA:5,(anonymous_1)
FNDA:3,(anonymous_2)
FNDA:81,(anonymous_3)
FNDA:2,(anonymous_4)
FNDA:6,(anonymous_5)
FNDA:10,(anonymous_6)
FNDA:5,(anonymous_7)
FNDA:2,(anonymous_8)
FNDA:6,(anonymous_9)
FNDA:4,(anonymous_10)
FNDA:33,(anonymous_11)
FNDA:6,(anonymous_12)
FNDA:6,(anonymous_13)
FNDA:3,(anonymous_14)
FNDA:3,(anonymous_15)
FNDA:5,(anonymous_16)
FNDA:3,(anonymous_17)
FNDA:3,(anonymous_18)
FNDA:12,(anonymous_19)
FNDA:3,(anonymous_20)
DA:47,2
DA:51,2
DA:94,2
DA:124,2
DA:125,2
DA:126,2
DA:134,5
DA:135,5
DA:137,5
DA:138,1
DA:139,1
DA:142,5
DA:143,5
DA:144,4
DA:146,3
DA:147,81
DA:148,3
DA:156,4
DA:157,3
DA:158,6
DA:159,2
DA:169,4
DA:172,0
DA:180,10
DA:187,5
DA:195,6
DA:196,2
DA:197,33
DA:205,6
DA:206,6
DA:207,5
DA:208,5
DA:217,3
DA:218,3
DA:219,2
DA:220,2
DA:230,5
DA:231,5
DA:232,3
DA:241,12
DA:246,2
LF:41
LH:40
BRDA:137,0,0,1
BRDA:137,0,1,4
BRDA:143,1,0,4
BRDA:143,1,1,1
BRDA:144,2,0,3
BRDA:144,2,1,1
BRDA:150,3,0,0
BRDA:150,3,1,3
BRDA:150,4,0,3
BRDA:150,4,1,2
BRDA:151,5,0,3
BRDA:151,5,1,2
BRDA:152,6,0,3
BRDA:152,6,1,2
BRDA:156,7,0,3
BRDA:156,7,1,1
BRDA:161,8,0,0
BRDA:161,8,1,2
BRDA:161,9,0,2
BRDA:161,9,1,1
BRDA:162,10,0,2
BRDA:162,10,1,1
BRDA:163,11,0,2
BRDA:163,11,1,1
BRDA:164,12,0,2
BRDA:164,12,1,1
BRDA:165,13,0,2
BRDA:165,13,1,1
BRDA:196,14,0,1
BRDA:196,14,1,1
BRDA:206,15,0,5
BRDA:206,15,1,1
BRDA:218,16,0,2
BRDA:218,16,1,1
BRF:34
BRH:32
end_of_record
