TN:
SF:app/(auth)/login.tsx
FN:11,LoginScreen
FN:23,(anonymous_1)
FN:26,(anonymous_2)
FN:27,(anonymous_3)
FN:32,(anonymous_4)
FN:35,(anonymous_5)
FN:59,(anonymous_6)
FN:82,(anonymous_7)
FN:104,(anonymous_8)
FN:149,(anonymous_9)
FN:164,(anonymous_10)
FN:174,(anonymous_11)
FNF:12
FNH:7
FNDA:11,LoginScreen
FNDA:3,(anonymous_1)
FNDA:0,(anonymous_2)
FNDA:0,(anonymous_3)
FNDA:3,(anonymous_4)
FNDA:1,(anonymous_5)
FNDA:2,(anonymous_6)
FNDA:1,(anonymous_7)
FNDA:0,(anonymous_8)
FNDA:2,(anonymous_9)
FNDA:0,(anonymous_10)
FNDA:0,(anonymous_11)
DA:12,11
DA:13,11
DA:14,11
DA:15,11
DA:16,11
DA:17,11
DA:20,11
DA:21,11
DA:23,11
DA:25,3
DA:26,1
DA:27,0
DA:29,2
DA:30,2
DA:32,3
DA:35,11
DA:36,1
DA:37,0
DA:40,1
DA:41,1
DA:43,1
DA:44,1
DA:45,1
DA:46,1
DA:48,0
DA:49,0
DA:50,0
DA:53,0
DA:54,0
DA:55,0
DA:59,11
DA:60,2
DA:62,2
DA:65,2
DA:67,0
DA:68,0
DA:70,2
DA:71,0
DA:72,0
DA:74,2
DA:77,2
DA:78,1
DA:79,1
DA:82,1
DA:85,1
DA:88,0
DA:89,0
DA:91,2
DA:95,11
DA:104,0
DA:149,2
DA:164,0
DA:174,0
LF:53
LH:36
BRDA:25,0,0,1
BRDA:25,0,1,2
BRDA:25,1,0,3
BRDA:25,1,1,1
BRDA:29,2,0,2
BRDA:29,2,1,0
BRDA:36,3,0,0
BRDA:36,3,1,1
BRDA:45,4,0,1
BRDA:45,4,1,0
BRDA:48,5,0,0
BRDA:48,5,1,0
BRDA:65,6,0,0
BRDA:65,6,1,2
BRDA:70,7,0,0
BRDA:70,7,1,2
BRDA:70,8,0,2
BRDA:70,8,1,2
BRDA:77,9,0,1
BRDA:77,9,1,1
BRDA:77,10,0,2
BRDA:77,10,1,1
BRDA:85,11,0,1
BRDA:85,11,1,0
BRDA:98,12,0,11
BRDA:98,12,1,0
BRDA:105,13,0,0
BRDA:105,13,1,11
BRDA:139,14,0,4
BRDA:139,14,1,7
BRDA:141,15,0,4
BRDA:141,15,1,7
BRDA:142,16,0,4
BRDA:142,16,1,7
BRDA:148,17,0,2
BRDA:148,17,1,9
BRF:36
BRH:26
end_of_record
TN:
SF:app/(tabs)/index.tsx
FN:6,MovesScreen
FN:9,(anonymous_1)
FN:11,(anonymous_2)
FN:14,(anonymous_3)
FN:15,(anonymous_4)
FN:26,(anonymous_5)
FN:28,(anonymous_6)
FN:32,(anonymous_7)
FNF:8
FNH:8
FNDA:13,MovesScreen
FNDA:5,(anonymous_1)
FNDA:45,(anonymous_2)
FNDA:3,(anonymous_3)
FNDA:3,(anonymous_4)
FNDA:18,(anonymous_5)
FNDA:10,(anonymous_6)
FNDA:2,(anonymous_7)
DA:7,13
DA:9,13
DA:11,45
DA:14,5
DA:15,3
DA:18,5
DA:21,13
DA:26,18
DA:29,10
DA:32,2
LF:10
LH:10
BRF:0
BRH:0
end_of_record
TN:
SF:app/(tabs)/profile.tsx
FN:14,ProfileScreen
FN:20,(anonymous_1)
FN:22,(anonymous_2)
FN:50,(anonymous_3)
FN:72,(anonymous_4)
FN:93,(anonymous_5)
FN:96,(anonymous_6)
FN:115,StatItem
FNF:8
FNH:8
FNDA:9,ProfileScreen
FNDA:7,(anonymous_1)
FNDA:7,(anonymous_2)
FNDA:2,(anonymous_3)
FNDA:1,(anonymous_4)
FNDA:36,(anonymous_5)
FNDA:1,(anonymous_6)
FNDA:27,StatItem
DA:7,1
DA:16,9
DA:17,9
DA:18,9
DA:20,9
DA:22,7
DA:23,7
DA:24,7
DA:25,6
DA:26,2
DA:29,1
DA:32,7
DA:36,9
DA:37,9
DA:38,9
DA:40,9
DA:51,2
DA:73,1
DA:97,1
DA:116,27
LF:20
LH:20
BRDA:25,0,0,2
BRDA:25,0,1,4
BRDA:36,1,0,9
BRDA:36,1,1,7
BRDA:37,2,0,9
BRDA:37,2,1,7
BRDA:38,3,0,2
BRDA:38,3,1,7
BRDA:51,4,0,1
BRDA:51,4,1,1
BRDA:76,5,0,9
BRDA:76,5,1,7
BRDA:78,6,0,2
BRDA:78,6,1,7
BRDA:80,7,0,9
BRDA:80,7,1,7
BRDA:84,8,0,0
BRDA:84,8,1,9
BRDA:99,9,0,27
BRDA:99,9,1,9
BRDA:102,10,0,0
BRDA:102,10,1,36
BRDA:105,11,0,0
BRDA:105,11,1,36
BRF:24
BRH:21
end_of_record
TN:
SF:app/(tabs)/sessions.tsx
FN:6,SessionsScreen
FN:9,(anonymous_1)
FN:11,(anonymous_2)
FN:14,(anonymous_3)
FN:15,(anonymous_4)
FN:25,(anonymous_5)
FN:26,(anonymous_6)
FN:30,(anonymous_7)
FNF:8
FNH:8
FNDA:7,SessionsScreen
FNDA:3,(anonymous_1)
FNDA:3,(anonymous_2)
FNDA:1,(anonymous_3)
FNDA:1,(anonymous_4)
FNDA:6,(anonymous_5)
FNDA:3,(anonymous_6)
FNDA:1,(anonymous_7)
DA:7,7
DA:9,7
DA:11,3
DA:14,3
DA:15,1
DA:18,3
DA:21,7
DA:25,6
DA:27,3
DA:30,1
LF:10
LH:10
BRF:0
BRH:0
end_of_record
TN:
SF:components/MoveItem.tsx
FN:15,MoveItem
FN:16,(anonymous_1)
FNF:2
FNH:2
FNDA:15,MoveItem
FNDA:1,(anonymous_1)
DA:16,15
DA:17,15
DA:18,15
DA:19,15
DA:20,15
DA:22,15
LF:6
LH:6
BRDA:16,0,0,15
BRDA:16,0,1,14
BRDA:19,1,0,0
BRDA:19,1,1,15
BRDA:20,2,0,0
BRDA:20,2,1,15
BRDA:40,3,0,15
BRDA:40,3,1,1
BRDA:46,4,0,15
BRDA:46,4,1,11
BRF:10
BRH:8
end_of_record
TN:
SF:components/SessionItem.tsx
FN:15,SessionItem
FN:16,(anonymous_1)
FNF:2
FNH:2
FNDA:7,SessionItem
FNDA:1,(anonymous_1)
DA:16,7
DA:17,7
DA:18,7
DA:19,7
DA:21,7
LF:5
LH:5
BRDA:16,0,0,7
BRDA:16,0,1,7
BRDA:19,1,0,0
BRDA:19,1,1,7
BRDA:46,2,0,7
BRDA:46,2,1,1
BRDA:52,3,0,7
BRDA:52,3,1,4
BRDA:58,4,0,7
BRDA:58,4,1,6
BRDA:58,4,2,2
BRF:11
BRH:10
end_of_record
TN:
SF:components/themed-text.tsx
FN:11,ThemedText
FNF:1
FNH:1
FNDA:2,ThemedText
DA:18,2
DA:20,2
DA:36,1
LF:3
LH:3
BRDA:15,0,0,1
BRDA:24,1,0,1
BRDA:24,1,1,1
BRDA:25,2,0,1
BRDA:25,2,1,1
BRDA:26,3,0,0
BRDA:26,3,1,2
BRDA:27,4,0,0
BRDA:27,4,1,2
BRDA:28,5,0,0
BRDA:28,5,1,2
BRF:11
BRH:8
end_of_record
TN:
SF:components/themed-view.tsx
FN:10,ThemedView
FNF:1
FNH:1
FNDA:1,ThemedView
DA:11,1
DA:13,1
LF:2
LH:2
BRF:0
BRH:0
end_of_record
TN:
SF:components/ui/Button.tsx
FN:5,cn
FN:17,Button
FNF:2
FNH:2
FNDA:34,cn
FNDA:17,Button
DA:6,34
DA:18,17
DA:20,17
DA:27,17
DA:33,17
DA:40,17
LF:6
LH:6
BRDA:17,0,0,13
BRDA:17,1,0,17
BRDA:45,2,0,17
BRDA:45,2,1,0
BRF:4
BRH:3
end_of_record
TN:
SF:components/ui/Input.tsx
FN:6,cn
FN:16,Input
FNF:2
FNH:2
FNDA:25,cn
FNDA:25,Input
DA:7,25
DA:17,25
DA:18,25
DA:19,25
DA:20,25
DA:22,25
LF:6
LH:6
BRDA:19,0,0,0
BRDA:19,0,1,25
BRDA:20,1,0,0
BRDA:20,1,1,25
BRDA:24,2,0,25
BRDA:24,2,1,2
BRDA:29,3,0,25
BRDA:29,3,1,1
BRDA:33,4,0,25
BRDA:33,4,1,23
BRDA:45,5,0,25
BRDA:45,5,1,1
BRF:12
BRH:10
end_of_record
TN:
SF:components/ui/collapsible.tsx
FN:10,Collapsible
FN:18,(anonymous_1)
FN:18,(anonymous_2)
FNF:3
FNH:3
FNDA:3,Collapsible
FNDA:2,(anonymous_1)
FNDA:2,(anonymous_2)
DA:11,3
DA:12,3
DA:14,3
DA:18,2
DA:35,1
LF:5
LH:5
BRDA:12,0,0,3
BRDA:12,0,1,0
BRDA:24,1,0,3
BRDA:24,1,1,0
BRDA:25,2,0,1
BRDA:25,2,1,2
BRDA:30,3,0,3
BRDA:30,3,1,1
BRF:8
BRH:6
end_of_record
TN:
SF:components/ui/icon-symbol.ios.tsx
FN:4,IconSymbol
FNF:1
FNH:1
FNDA:4,IconSymbol
DA:17,4
LF:1
LH:1
BRDA:6,0,0,0
BRDA:9,1,0,1
BRF:2
BRH:1
end_of_record
TN:
SF:constants/theme.ts
FNF:0
FNH:0
DA:8,3
DA:9,3
DA:11,3
DA:30,3
LF:4
LH:4
BRF:0
BRH:0
end_of_record
TN:
SF:hooks/use-color-scheme.ts
FNF:0
FNH:0
LF:0
LH:0
BRF:0
BRH:0
end_of_record
TN:
SF:hooks/use-theme-color.ts
FN:9,useThemeColor
FNF:1
FNH:1
FNDA:5,useThemeColor
DA:13,5
DA:14,5
DA:16,5
DA:17,1
DA:19,4
LF:5
LH:5
BRDA:13,0,0,5
BRDA:13,0,1,0
BRDA:16,1,0,1
BRDA:16,1,1,4
BRF:4
BRH:3
end_of_record
TN:
SF:services/AIScoringService.ts
FN:27,(anonymous_0)
FN:31,(anonymous_1)
FNF:2
FNH:2
FNDA:1,(anonymous_0)
FNDA:1,(anonymous_1)
DA:25,1
DA:31,1
DA:35,1
DA:37,1
DA:55,1
LF:5
LH:5
BRF:0
BRH:0
end_of_record
TN:
SF:services/AuthService.ts
FN:14,(anonymous_0)
FN:20,(anonymous_1)
FN:41,(anonymous_2)
FN:62,(anonymous_3)
FNF:4
FNH:4
FNDA:2,(anonymous_0)
FNDA:6,(anonymous_1)
FNDA:4,(anonymous_2)
FNDA:1,(anonymous_3)
DA:12,2
DA:17,2
DA:21,6
DA:22,6
DA:30,5
DA:31,5
DA:32,2
DA:34,3
DA:36,1
DA:37,1
DA:42,4
DA:43,4
DA:51,3
DA:52,3
DA:53,1
DA:55,2
DA:57,1
DA:58,1
DA:65,1
DA:66,1
DA:67,1
DA:71,2
LF:22
LH:22
BRDA:31,0,0,2
BRDA:31,0,1,3
BRDA:34,1,0,3
BRDA:34,1,1,1
BRDA:52,2,0,1
BRDA:52,2,1,2
BRDA:55,3,0,2
BRDA:55,3,1,1
BRF:8
BRH:8
end_of_record
TN:
SF:services/LibraryService.ts
FN:6,(anonymous_0)
FN:17,(anonymous_1)
FNF:2
FNH:2
FNDA:4,(anonymous_0)
FNDA:2,(anonymous_1)
DA:4,2
DA:7,4
DA:8,4
DA:9,3
DA:10,2
DA:12,2
DA:13,2
DA:18,2
DA:19,2
DA:27,1
DA:29,1
DA:30,1
DA:35,2
LF:13
LH:13
BRDA:9,0,0,1
BRDA:9,0,1,2
BRF:2
BRH:2
end_of_record
TN:
SF:services/ModelService.ts
FN:12,(anonymous_0)
FN:24,(anonymous_1)
FN:51,(anonymous_2)
FNF:3
FNH:3
FNDA:5,(anonymous_0)
FNDA:3,(anonymous_1)
FNDA:2,(anonymous_2)
DA:5,1
DA:6,1
DA:8,1
DA:13,5
DA:14,5
DA:15,1
DA:25,3
DA:27,3
DA:28,3
DA:30,3
DA:31,1
DA:32,1
DA:35,2
DA:36,1
DA:37,1
DA:38,1
DA:39,1
DA:43,1
DA:52,2
DA:53,2
DA:56,2
DA:57,1
DA:59,1
DA:60,1
LF:24
LH:24
BRDA:14,0,0,1
BRDA:14,0,1,4
BRDA:30,1,0,1
BRDA:30,1,1,2
BRDA:35,2,0,1
BRDA:35,2,1,1
BRF:6
BRH:6
end_of_record
TN:
SF:store/library.ts
FN:21,(anonymous_0)
FN:98,(anonymous_1)
FN:111,(anonymous_2)
FN:115,(anonymous_3)
FN:119,(anonymous_4)
FN:120,(anonymous_5)
FN:122,(anonymous_6)
FN:122,(anonymous_7)
FN:125,(anonymous_8)
FN:126,(anonymous_9)
FN:133,(anonymous_10)
FN:134,(anonymous_11)
FN:141,(anonymous_12)
FN:143,(anonymous_13)
FN:144,(anonymous_14)
FN:148,(anonymous_15)
FN:149,(anonymous_16)
FNF:17
FNH:16
FNDA:0,(anonymous_0)
FNDA:2,(anonymous_1)
FNDA:8,(anonymous_2)
FNDA:3,(anonymous_3)
FNDA:2,(anonymous_4)
FNDA:6,(anonymous_5)
FNDA:4,(anonymous_6)
FNDA:33,(anonymous_7)
FNDA:6,(anonymous_8)
FNDA:8,(anonymous_9)
FNDA:3,(anonymous_10)
FNDA:7,(anonymous_11)
FNDA:5,(anonymous_12)
FNDA:3,(anonymous_13)
FNDA:3,(anonymous_14)
FNDA:10,(anonymous_15)
FNDA:3,(anonymous_16)
DA:21,2
DA:25,2
DA:68,2
DA:94,2
DA:95,2
DA:96,2
DA:99,2
DA:100,2
DA:101,2
DA:102,2
DA:104,2
DA:105,1
DA:107,2
DA:112,8
DA:116,3
DA:120,6
DA:121,2
DA:122,33
DA:126,8
DA:127,6
DA:128,5
DA:129,5
DA:134,7
DA:135,3
DA:136,2
DA:137,2
DA:142,5
DA:143,5
DA:144,3
DA:149,10
DA:154,2
LF:31
LH:31
BRDA:100,0,0,2
BRDA:100,0,1,0
BRDA:101,1,0,2
BRDA:101,1,1,0
BRDA:104,2,0,1
BRDA:104,2,1,1
BRDA:121,3,0,1
BRDA:121,3,1,1
BRDA:127,4,0,5
BRDA:127,4,1,1
BRDA:135,5,0,2
BRDA:135,5,1,1
BRF:12
BRH:10
end_of_record
